Using pre-set license
Built from '6000.0/staging' branch; Version is '6000.0.27f1 (27c554a2199c) revision 2606420'; Using compiler version '193933523'; Build Type 'Release'
OS: 'Windows 11  (10.0.22631) 64bit Core' Language: 'fr' Physical Memory: 16005 MB
BatchMode: 1, IsHumanControllingUs: 0, StartBugReporterOnCrash: 0, Is64bit: 1, IsPro: 1

COMMAND LINE ARGUMENTS:
C:\Program Files\Unity\Hub\Editor\6000.0.27f1\Editor\Unity.exe
-adb2
-batchMode
-noUpm
-name
AssetImportWorker2
-projectPath
C:/Users/asus/Mygame
-logFile
Logs/AssetImportWorker2.log
-srvPort
62672
-job-worker-count
7
-background-job-worker-count
8
-asset-garbage-collectors
1
Successfully changed project path to: C:/Users/asus/Mygame
C:/Users/asus/Mygame
[UnityMemory] Configuration Parameters - Can be set up in boot.config
    "memorysetup-bucket-allocator-granularity=16"
    "memorysetup-bucket-allocator-bucket-count=8"
    "memorysetup-bucket-allocator-block-size=33554432"
    "memorysetup-bucket-allocator-block-count=8"
    "memorysetup-main-allocator-block-size=16777216"
    "memorysetup-thread-allocator-block-size=16777216"
    "memorysetup-gfx-main-allocator-block-size=16777216"
    "memorysetup-gfx-thread-allocator-block-size=16777216"
    "memorysetup-cache-allocator-block-size=4194304"
    "memorysetup-typetree-allocator-block-size=2097152"
    "memorysetup-profiler-bucket-allocator-granularity=16"
    "memorysetup-profiler-bucket-allocator-bucket-count=8"
    "memorysetup-profiler-bucket-allocator-block-size=33554432"
    "memorysetup-profiler-bucket-allocator-block-count=8"
    "memorysetup-profiler-allocator-block-size=16777216"
    "memorysetup-profiler-editor-allocator-block-size=1048576"
    "memorysetup-temp-allocator-size-main=16777216"
    "memorysetup-job-temp-allocator-block-size=2097152"
    "memorysetup-job-temp-allocator-block-size-background=1048576"
    "memorysetup-job-temp-allocator-reduction-small-platforms=262144"
    "memorysetup-allocator-temp-initial-block-size-main=262144"
    "memorysetup-allocator-temp-initial-block-size-worker=262144"
    "memorysetup-temp-allocator-size-background-worker=32768"
    "memorysetup-temp-allocator-size-job-worker=262144"
    "memorysetup-temp-allocator-size-preload-manager=33554432"
    "memorysetup-temp-allocator-size-nav-mesh-worker=65536"
    "memorysetup-temp-allocator-size-audio-worker=65536"
    "memorysetup-temp-allocator-size-cloud-worker=32768"
    "memorysetup-temp-allocator-size-gi-baking-worker=262144"
    "memorysetup-temp-allocator-size-gi-baking-worker=262144"
    "memorysetup-temp-allocator-size-gi-baking-worker=262144"
    "memorysetup-temp-allocator-size-gi-baking-worker=262144"
    "memorysetup-temp-allocator-size-gi-baking-worker=262144"
    "memorysetup-temp-allocator-size-gfx=262144"
Player connection [24632]  Target information:

Player connection [24632]  * "[IP] 172.17.160.1 [Port] 0 [Flags] 2 [Guid] 1887114830 [EditorId] 1887114830 [Version] 1048832 [Id] WindowsEditor(7,LAPTOP-8R8JG1AL) [Debug] 1 [PackageName] WindowsEditor [ProjectName] Editor" 

Player connection [24632]  * "[IP] 192.168.56.1 [Port] 0 [Flags] 2 [Guid] 1887114830 [EditorId] 1887114830 [Version] 1048832 [Id] WindowsEditor(7,LAPTOP-8R8JG1AL) [Debug] 1 [PackageName] WindowsEditor [ProjectName] Editor" 

Player connection [24632]  * "[IP] 192.168.1.193 [Port] 0 [Flags] 2 [Guid] 1887114830 [EditorId] 1887114830 [Version] 1048832 [Id] WindowsEditor(7,LAPTOP-8R8JG1AL) [Debug] 1 [PackageName] WindowsEditor [ProjectName] Editor" 

Player connection [24632] Host joined multi-casting on [225.0.0.222:54997]...
Player connection [24632] Host joined alternative multi-casting on [225.0.0.222:34997]...
JobSystem: Creating JobQueue using job-worker-count value 7
[Physics::Module] Initialized fallback backend.
[Physics::Module] Id: 0xdecafbad
Library Redirect Path: Library/
[Physics::Module] Selected backend.
[Physics::Module] Name: PhysX
[Physics::Module] Id: 0xf2b8ea05
[Physics::Module] SDK Version: 4.1.2
[Physics::Module] Integration Version: 1.0.0
[Physics::Module] Threading Mode: Multi-Threaded
Refreshing native plugins compatible for Editor in 3.47 ms, found 4 plugins.
Preloading 0 native plugins for Editor in 0.00 ms.
Initialize engine version: 6000.0.27f1 (27c554a2199c)
[Subsystems] Discovering subsystems at path C:/Program Files/Unity/Hub/Editor/6000.0.27f1/Editor/Data/Resources/UnitySubsystems
[Subsystems] Discovering subsystems at path C:/Users/asus/Mygame/Assets
GfxDevice: creating device client; kGfxThreadingModeNonThreaded
Direct3D:
    Version:  Direct3D 11.0 [level 11.1]
    Renderer: NVIDIA GeForce RTX 3060 Laptop GPU (ID=0x2520)
    Vendor:   NVIDIA
    VRAM:     6010 MB
    Driver:   31.0.15.4680
Initialize mono
Mono path[0] = 'C:/Program Files/Unity/Hub/Editor/6000.0.27f1/Editor/Data/Managed'
Mono path[1] = 'C:/Program Files/Unity/Hub/Editor/6000.0.27f1/Editor/Data/MonoBleedingEdge/lib/mono/unityjit-win32'
Mono config path = 'C:/Program Files/Unity/Hub/Editor/6000.0.27f1/Editor/Data/MonoBleedingEdge/etc'
Using monoOptions --debugger-agent=transport=dt_socket,embedding=1,server=y,suspend=n,address=127.0.0.1:56308
Begin MonoManager ReloadAssembly
Registering precompiled unity dll's ...
Register platform support module: C:/Program Files/Unity/Hub/Editor/6000.0.27f1/Editor/Data/PlaybackEngines/WebGLSupport/UnityEditor.WebGL.Extensions.dll
Register platform support module: C:/Program Files/Unity/Hub/Editor/6000.0.27f1/Editor/Data/PlaybackEngines/WindowsStandaloneSupport/UnityEditor.WindowsStandalone.Extensions.dll
Registered in 0.007626 seconds.
- Loaded All Assemblies, in  0.645 seconds
Native extension for WindowsStandalone target not found
Native extension for WebGL target not found
Mono: successfully reloaded assembly
- Finished resetting the current domain, in  0.475 seconds
Domain Reload Profiling: 1116ms
	BeginReloadAssembly (282ms)
		ExecutionOrderSort (0ms)
		DisableScriptedObjects (0ms)
		BackupInstance (0ms)
		ReleaseScriptingObjects (0ms)
		CreateAndSetChildDomain (1ms)
	RebuildCommonClasses (50ms)
	RebuildNativeTypeToScriptingClass (16ms)
	initialDomainReloadingComplete (78ms)
	LoadAllAssembliesAndSetupDomain (214ms)
		LoadAssemblies (279ms)
		RebuildTransferFunctionScriptingTraits (0ms)
		AnalyzeDomain (209ms)
			TypeCache.Refresh (208ms)
				TypeCache.ScanAssembly (191ms)
			BuildScriptInfoCaches (0ms)
			ResolveRequiredComponents (1ms)
	FinalizeReload (475ms)
		ReleaseScriptCaches (0ms)
		RebuildScriptCaches (0ms)
		SetupLoadedEditorAssemblies (418ms)
			LogAssemblyErrors (0ms)
			InitializePlatformSupportModulesInManaged (34ms)
			SetLoadedEditorAssemblies (6ms)
			BeforeProcessingInitializeOnLoad (9ms)
			ProcessInitializeOnLoadAttributes (281ms)
			ProcessInitializeOnLoadMethodAttributes (83ms)
			AfterProcessingInitializeOnLoad (4ms)
			EditorAssembliesLoaded (0ms)
		ExecutionOrderSort2 (0ms)
		AwakeInstancesAfterBackupRestoration (0ms)
========================================================================
Worker process is ready to serve import requests
Import Worker Mode flag is 0x00
Begin MonoManager ReloadAssembly
- Loaded All Assemblies, in  1.420 seconds
Refreshing native plugins compatible for Editor in 3.01 ms, found 4 plugins.
Native extension for WindowsStandalone target not found
Native extension for WebGL target not found
Mono: successfully reloaded assembly
- Finished resetting the current domain, in  1.174 seconds
Domain Reload Profiling: 2588ms
	BeginReloadAssembly (601ms)
		ExecutionOrderSort (0ms)
		DisableScriptedObjects (9ms)
		BackupInstance (0ms)
		ReleaseScriptingObjects (0ms)
		CreateAndSetChildDomain (42ms)
	RebuildCommonClasses (56ms)
	RebuildNativeTypeToScriptingClass (16ms)
	initialDomainReloadingComplete (53ms)
	LoadAllAssembliesAndSetupDomain (688ms)
		LoadAssemblies (525ms)
		RebuildTransferFunctionScriptingTraits (0ms)
		AnalyzeDomain (304ms)
			TypeCache.Refresh (223ms)
				TypeCache.ScanAssembly (203ms)
			BuildScriptInfoCaches (71ms)
			ResolveRequiredComponents (7ms)
	FinalizeReload (1174ms)
		ReleaseScriptCaches (0ms)
		RebuildScriptCaches (0ms)
		SetupLoadedEditorAssemblies (823ms)
			LogAssemblyErrors (0ms)
			InitializePlatformSupportModulesInManaged (5ms)
			SetLoadedEditorAssemblies (8ms)
			BeforeProcessingInitializeOnLoad (85ms)
			ProcessInitializeOnLoadAttributes (656ms)
			ProcessInitializeOnLoadMethodAttributes (57ms)
			AfterProcessingInitializeOnLoad (12ms)
			EditorAssembliesLoaded (0ms)
		ExecutionOrderSort2 (0ms)
		AwakeInstancesAfterBackupRestoration (8ms)
Launched and connected shader compiler UnityShaderCompiler.exe after 0.04 seconds
Refreshing native plugins compatible for Editor in 3.00 ms, found 4 plugins.
Preloading 0 native plugins for Editor in 0.00 ms.
Unloading 15 Unused Serialized files (Serialized files now loaded: 0)
Unloading 4694 unused Assets / (1.1 MB). Loaded Objects now: 5282.
Memory consumption went from 119.5 MB to 118.4 MB.
Total: 13.185100 ms (FindLiveObjects: 0.619500 ms CreateObjectMapping: 0.519100 ms MarkObjects: 9.866600 ms  DeleteObjects: 2.174700 ms)

========================================================================
Received Import Request.
  Time since last request: 1139531.056760 seconds.
  path: Packages/com.unity.2d.psdimporter/package.json
  artifactKey: Guid(2f948ecb81c850949a2725b1ba265844) Importer(815301076,1909f56bfc062723c751e8b465ee728b)
Start importing Packages/com.unity.2d.psdimporter/package.json using Guid(2f948ecb81c850949a2725b1ba265844) Importer(815301076,1909f56bfc062723c751e8b465ee728b) (PreviewImporter) -> (artifact id: '7c875b6fd5083bb08696d719cf34fc74') in 0.045661 seconds
Number of updated asset objects reloaded before import = 0Number of asset objects unloaded after import = 1

========================================================================
Received Import Request.
  Time since last request: 53.698363 seconds.
  path: Packages/com.unity.2d.psdimporter/Editor/Assets/root-blue.mat
  artifactKey: Guid(28638862ea1084726a3511cd325fc53d) Importer(815301076,1909f56bfc062723c751e8b465ee728b)
Start importing Packages/com.unity.2d.psdimporter/Editor/Assets/root-blue.mat using Guid(28638862ea1084726a3511cd325fc53d) Importer(815301076,1909f56bfc062723c751e8b465ee728b) (PreviewImporter) -> (artifact id: 'e937217226babaaf6650e8f7610420f7') in 0.1774132 seconds
Number of updated asset objects reloaded before import = 0Number of asset objects unloaded after import = 1

========================================================================
Received Import Request.
  Time since last request: 0.845698 seconds.
  path: Packages/com.unity.2d.psdimporter/Editor/Assets/pivot.fbx
  artifactKey: Guid(1c7762c9bce5f4ab7b060decb9e3002d) Importer(815301076,1909f56bfc062723c751e8b465ee728b)
Start importing Packages/com.unity.2d.psdimporter/Editor/Assets/pivot.fbx using Guid(1c7762c9bce5f4ab7b060decb9e3002d) Importer(815301076,1909f56bfc062723c751e8b465ee728b) (PreviewImporter) -> (artifact id: '8f693a4ee12afffd5e2edf1b4c8877ae') in 0.4103074 seconds
Number of updated asset objects reloaded before import = 0Number of asset objects unloaded after import = 10

========================================================================
Received Import Request.
  Time since last request: 0.384572 seconds.
  path: Packages/com.unity.2d.spriteshape/Editor/ObjectMenuCreation/DefaultAssets/Sprite Shapes/Closed Sprite Shape.prefab
  artifactKey: Guid(c0583b4e855c74b8c82e7b9b5efb5ce9) Importer(815301076,1909f56bfc062723c751e8b465ee728b)
Start importing Packages/com.unity.2d.spriteshape/Editor/ObjectMenuCreation/DefaultAssets/Sprite Shapes/Closed Sprite Shape.prefab using Guid(c0583b4e855c74b8c82e7b9b5efb5ce9) Importer(815301076,1909f56bfc062723c751e8b465ee728b) (PreviewImporter) -> (artifact id: 'dad4373c5b2ca03e3920d402eaf3dbc8') in 0.0421968 seconds
Number of updated asset objects reloaded before import = 0Number of asset objects unloaded after import = 14

========================================================================
Received Import Request.
  Time since last request: 197.270396 seconds.
  path: Assets/Assets_DevilsWorkShop/Low_Poly_Pixel_2D_Blocks_DevilsWorkShop_v04
  artifactKey: Guid(d1f223b80d96e74448b1331cc64940be) Importer(815301076,1909f56bfc062723c751e8b465ee728b)
Start importing Assets/Assets_DevilsWorkShop/Low_Poly_Pixel_2D_Blocks_DevilsWorkShop_v04 using Guid(d1f223b80d96e74448b1331cc64940be) Importer(815301076,1909f56bfc062723c751e8b465ee728b) (PreviewImporter) -> (artifact id: '1a8c62f79b71ed0bbd6a639fb25a1220') in 0.0018273 seconds
Number of updated asset objects reloaded before import = 0Number of asset objects unloaded after import = 0

========================================================================
Received Import Request.
  Time since last request: 1.264515 seconds.
  path: Assets/Assets_DevilsWorkShop/Low_Poly_Pixel_2D_Blocks_DevilsWorkShop_v04/Prefabs
  artifactKey: Guid(306fc13f589717d40b3767282861e507) Importer(815301076,1909f56bfc062723c751e8b465ee728b)
Start importing Assets/Assets_DevilsWorkShop/Low_Poly_Pixel_2D_Blocks_DevilsWorkShop_v04/Prefabs using Guid(306fc13f589717d40b3767282861e507) Importer(815301076,1909f56bfc062723c751e8b465ee728b) (PreviewImporter) -> (artifact id: 'ed98bfece7ec8d80e5107d26a5a27544') in 0.0013606 seconds
Number of updated asset objects reloaded before import = 0Number of asset objects unloaded after import = 0

========================================================================
Received Import Request.
  Time since last request: 0.998259 seconds.
  path: Assets/Assets_DevilsWorkShop/Low_Poly_Pixel_2D_Blocks_DevilsWorkShop_v04/Prefabs/assets_angled_pixel_16x16/isometric_angled_pixel_0000.prefab
  artifactKey: Guid(52bc96c09135f3f479fdd2c30556bd0b) Importer(815301076,1909f56bfc062723c751e8b465ee728b)
Start importing Assets/Assets_DevilsWorkShop/Low_Poly_Pixel_2D_Blocks_DevilsWorkShop_v04/Prefabs/assets_angled_pixel_16x16/isometric_angled_pixel_0000.prefab using Guid(52bc96c09135f3f479fdd2c30556bd0b) Importer(815301076,1909f56bfc062723c751e8b465ee728b) (PreviewImporter) -> (artifact id: '93a6ca95270536a3dadee7820496332d') in 0.069177 seconds
Number of updated asset objects reloaded before import = 0Number of asset objects unloaded after import = 7

========================================================================
Received Import Request.
  Time since last request: 0.000065 seconds.
  path: Assets/Assets_DevilsWorkShop/Low_Poly_Pixel_2D_Blocks_DevilsWorkShop_v04/Prefabs/assets_angled_pixel_16x16/isometric_angled_pixel_0029.prefab
  artifactKey: Guid(1e1a70e0f5977ad40bdcd345853306e8) Importer(815301076,1909f56bfc062723c751e8b465ee728b)
Start importing Assets/Assets_DevilsWorkShop/Low_Poly_Pixel_2D_Blocks_DevilsWorkShop_v04/Prefabs/assets_angled_pixel_16x16/isometric_angled_pixel_0029.prefab using Guid(1e1a70e0f5977ad40bdcd345853306e8) Importer(815301076,1909f56bfc062723c751e8b465ee728b) (PreviewImporter) -> (artifact id: '9b51dec022c7268c4de45a7c1b2355be') in 0.0236514 seconds
Number of updated asset objects reloaded before import = 0Number of asset objects unloaded after import = 7

========================================================================
Received Import Request.
  Time since last request: 0.000034 seconds.
  path: Assets/Assets_DevilsWorkShop/Low_Poly_Pixel_2D_Blocks_DevilsWorkShop_v04/Prefabs/assets_angled_pixel_16x16/isometric_angled_pixel_0018.prefab
  artifactKey: Guid(cdc795343f5b4a5409fe010c0fb35e54) Importer(815301076,1909f56bfc062723c751e8b465ee728b)
Start importing Assets/Assets_DevilsWorkShop/Low_Poly_Pixel_2D_Blocks_DevilsWorkShop_v04/Prefabs/assets_angled_pixel_16x16/isometric_angled_pixel_0018.prefab using Guid(cdc795343f5b4a5409fe010c0fb35e54) Importer(815301076,1909f56bfc062723c751e8b465ee728b) (PreviewImporter) -> (artifact id: '1095541fd2beed24bfc4df386ec376c8') in 0.0279358 seconds
Number of updated asset objects reloaded before import = 0Number of asset objects unloaded after import = 7

========================================================================
Received Import Request.
  Time since last request: 0.000268 seconds.
  path: Assets/Assets_DevilsWorkShop/Low_Poly_Pixel_2D_Blocks_DevilsWorkShop_v04/Prefabs/assets_angled_pixel_16x16/isometric_angled_pixel_0028.prefab
  artifactKey: Guid(6677ca2c680c7a44e92c9312f34550af) Importer(815301076,1909f56bfc062723c751e8b465ee728b)
Start importing Assets/Assets_DevilsWorkShop/Low_Poly_Pixel_2D_Blocks_DevilsWorkShop_v04/Prefabs/assets_angled_pixel_16x16/isometric_angled_pixel_0028.prefab using Guid(6677ca2c680c7a44e92c9312f34550af) Importer(815301076,1909f56bfc062723c751e8b465ee728b) (PreviewImporter) -> (artifact id: '02c17915e9dd7d2f5a4dca461f7fb91b') in 0.0438324 seconds
Number of updated asset objects reloaded before import = 0Number of asset objects unloaded after import = 7

========================================================================
Received Import Request.
  Time since last request: 0.000051 seconds.
  path: Assets/Assets_DevilsWorkShop/Low_Poly_Pixel_2D_Blocks_DevilsWorkShop_v04/Prefabs/assets_angled_pixel_16x16
  artifactKey: Guid(72bc4f606c0dd9043ac05c7a31aca786) Importer(815301076,1909f56bfc062723c751e8b465ee728b)
Start importing Assets/Assets_DevilsWorkShop/Low_Poly_Pixel_2D_Blocks_DevilsWorkShop_v04/Prefabs/assets_angled_pixel_16x16 using Guid(72bc4f606c0dd9043ac05c7a31aca786) Importer(815301076,1909f56bfc062723c751e8b465ee728b) (PreviewImporter) -> (artifact id: 'f5c6bc7416241f557eefc495aa69a1f0') in 0.0010246 seconds
Number of updated asset objects reloaded before import = 0Number of asset objects unloaded after import = 0

========================================================================
Received Import Request.
  Time since last request: 0.000093 seconds.
  path: Assets/Assets_DevilsWorkShop/Low_Poly_Pixel_2D_Blocks_DevilsWorkShop_v04/Prefabs/assets_angled_pixel_16x16/isometric_angled_pixel_0014.prefab
  artifactKey: Guid(3ebb9679233b6fe4c9d3326fffd58bd3) Importer(815301076,1909f56bfc062723c751e8b465ee728b)
Start importing Assets/Assets_DevilsWorkShop/Low_Poly_Pixel_2D_Blocks_DevilsWorkShop_v04/Prefabs/assets_angled_pixel_16x16/isometric_angled_pixel_0014.prefab using Guid(3ebb9679233b6fe4c9d3326fffd58bd3) Importer(815301076,1909f56bfc062723c751e8b465ee728b) (PreviewImporter) -> (artifact id: '9675e74df1cefb999bfc298861415214') in 0.0299413 seconds
Number of updated asset objects reloaded before import = 0Number of asset objects unloaded after import = 7

========================================================================
Received Import Request.
  Time since last request: 0.000341 seconds.
  path: Assets/Assets_DevilsWorkShop/Low_Poly_Pixel_2D_Blocks_DevilsWorkShop_v04/Prefabs/assets_angled_pixel_16x16/isometric_angled_pixel_0046.prefab
  artifactKey: Guid(8cae601005bf7b54a807aa0611f84ea8) Importer(815301076,1909f56bfc062723c751e8b465ee728b)
Start importing Assets/Assets_DevilsWorkShop/Low_Poly_Pixel_2D_Blocks_DevilsWorkShop_v04/Prefabs/assets_angled_pixel_16x16/isometric_angled_pixel_0046.prefab using Guid(8cae601005bf7b54a807aa0611f84ea8) Importer(815301076,1909f56bfc062723c751e8b465ee728b) (PreviewImporter) -> (artifact id: 'b5691be9820bbe7793f4a50a73e6ed55') in 0.0291455 seconds
Number of updated asset objects reloaded before import = 0Number of asset objects unloaded after import = 7

========================================================================
Received Import Request.
  Time since last request: 0.000447 seconds.
  path: Assets/Assets_DevilsWorkShop/Low_Poly_Pixel_2D_Blocks_DevilsWorkShop_v04/Prefabs/assets_angled_pixel_16x16/isometric_angled_pixel_0010.prefab
  artifactKey: Guid(9560d7c4ae21b654bac80d7a653e0251) Importer(815301076,1909f56bfc062723c751e8b465ee728b)
Start importing Assets/Assets_DevilsWorkShop/Low_Poly_Pixel_2D_Blocks_DevilsWorkShop_v04/Prefabs/assets_angled_pixel_16x16/isometric_angled_pixel_0010.prefab using Guid(9560d7c4ae21b654bac80d7a653e0251) Importer(815301076,1909f56bfc062723c751e8b465ee728b) (PreviewImporter) -> (artifact id: '4956f97e11fc18eaa851fc7cb9c8b66c') in 0.0266157 seconds
Number of updated asset objects reloaded before import = 0Number of asset objects unloaded after import = 7

========================================================================
Received Import Request.
  Time since last request: 0.000030 seconds.
  path: Assets/Assets_DevilsWorkShop/Low_Poly_Pixel_2D_Blocks_DevilsWorkShop_v04/Prefabs/assets_angled_pixel_16x16/isometric_angled_pixel_0004.prefab
  artifactKey: Guid(401693559d8e5914aa2c40bee6a5c461) Importer(815301076,1909f56bfc062723c751e8b465ee728b)
Start importing Assets/Assets_DevilsWorkShop/Low_Poly_Pixel_2D_Blocks_DevilsWorkShop_v04/Prefabs/assets_angled_pixel_16x16/isometric_angled_pixel_0004.prefab using Guid(401693559d8e5914aa2c40bee6a5c461) Importer(815301076,1909f56bfc062723c751e8b465ee728b) (PreviewImporter) -> (artifact id: 'b038a0393f807d703ff2bfa1e70bc66e') in 0.025954 seconds
Number of updated asset objects reloaded before import = 0Number of asset objects unloaded after import = 7

========================================================================
Received Import Request.
  Time since last request: 0.000060 seconds.
  path: Assets/Assets_DevilsWorkShop/Low_Poly_Pixel_2D_Blocks_DevilsWorkShop_v04/Prefabs/assets_angled_pixel_16x16/isometric_angled_pixel_0042.prefab
  artifactKey: Guid(7b1eb151b94a9ce4c814c2186d3755f8) Importer(815301076,1909f56bfc062723c751e8b465ee728b)
Start importing Assets/Assets_DevilsWorkShop/Low_Poly_Pixel_2D_Blocks_DevilsWorkShop_v04/Prefabs/assets_angled_pixel_16x16/isometric_angled_pixel_0042.prefab using Guid(7b1eb151b94a9ce4c814c2186d3755f8) Importer(815301076,1909f56bfc062723c751e8b465ee728b) (PreviewImporter) -> (artifact id: 'eb9cdf816dba845c32ac2f60ac886a8f') in 0.0291036 seconds
Number of updated asset objects reloaded before import = 0Number of asset objects unloaded after import = 7

========================================================================
Received Import Request.
  Time since last request: 0.000096 seconds.
  path: Assets/Assets_DevilsWorkShop/Low_Poly_Pixel_2D_Blocks_DevilsWorkShop_v04/Prefabs/assets_angled_pixel_16x16/isometric_angled_pixel_0007.prefab
  artifactKey: Guid(360ba76f61066904b9138ddbb21c2460) Importer(815301076,1909f56bfc062723c751e8b465ee728b)
Start importing Assets/Assets_DevilsWorkShop/Low_Poly_Pixel_2D_Blocks_DevilsWorkShop_v04/Prefabs/assets_angled_pixel_16x16/isometric_angled_pixel_0007.prefab using Guid(360ba76f61066904b9138ddbb21c2460) Importer(815301076,1909f56bfc062723c751e8b465ee728b) (PreviewImporter) -> (artifact id: '00a33b0951565050ffb8a0a01f248888') in 0.0266644 seconds
Number of updated asset objects reloaded before import = 0Number of asset objects unloaded after import = 7

========================================================================
Received Import Request.
  Time since last request: 0.000205 seconds.
  path: Assets/Assets_DevilsWorkShop/Low_Poly_Pixel_2D_Blocks_DevilsWorkShop_v04/Prefabs/assets_angled_pixel_16x16/isometric_angled_pixel_0002.prefab
  artifactKey: Guid(7bdaa10e2b487d3439b3ccaf79993d4f) Importer(815301076,1909f56bfc062723c751e8b465ee728b)
Start importing Assets/Assets_DevilsWorkShop/Low_Poly_Pixel_2D_Blocks_DevilsWorkShop_v04/Prefabs/assets_angled_pixel_16x16/isometric_angled_pixel_0002.prefab using Guid(7bdaa10e2b487d3439b3ccaf79993d4f) Importer(815301076,1909f56bfc062723c751e8b465ee728b) (PreviewImporter) -> (artifact id: '1e391c55fce1253869239aae0067e338') in 0.0232756 seconds
Number of updated asset objects reloaded before import = 0Number of asset objects unloaded after import = 7

========================================================================
Received Import Request.
  Time since last request: 0.000025 seconds.
  path: Assets/Assets_DevilsWorkShop/Low_Poly_Pixel_2D_Blocks_DevilsWorkShop_v04/Prefabs/assets_angled_pixel_16x16/isometric_angled_pixel_0021.prefab
  artifactKey: Guid(4fa5ca1d876d977419c916f7b25fe7da) Importer(815301076,1909f56bfc062723c751e8b465ee728b)
Start importing Assets/Assets_DevilsWorkShop/Low_Poly_Pixel_2D_Blocks_DevilsWorkShop_v04/Prefabs/assets_angled_pixel_16x16/isometric_angled_pixel_0021.prefab using Guid(4fa5ca1d876d977419c916f7b25fe7da) Importer(815301076,1909f56bfc062723c751e8b465ee728b) (PreviewImporter) -> (artifact id: 'd72dafd8e69c954be8ab7c579bc10210') in 0.0237144 seconds
Number of updated asset objects reloaded before import = 0Number of asset objects unloaded after import = 7

========================================================================
Received Import Request.
  Time since last request: 0.000027 seconds.
  path: Assets/Assets_DevilsWorkShop/Low_Poly_Pixel_2D_Blocks_DevilsWorkShop_v04/Prefabs/assets_angled_pixel_16x16/isometric_angled_pixel_0037.prefab
  artifactKey: Guid(175a09d9dba0ea2468f2d1c39803debe) Importer(815301076,1909f56bfc062723c751e8b465ee728b)
Start importing Assets/Assets_DevilsWorkShop/Low_Poly_Pixel_2D_Blocks_DevilsWorkShop_v04/Prefabs/assets_angled_pixel_16x16/isometric_angled_pixel_0037.prefab using Guid(175a09d9dba0ea2468f2d1c39803debe) Importer(815301076,1909f56bfc062723c751e8b465ee728b) (PreviewImporter) -> (artifact id: '44c54c05b5b3ffa2ca7c7e9d63dde496') in 0.0243872 seconds
Number of updated asset objects reloaded before import = 0Number of asset objects unloaded after import = 7

========================================================================
Received Import Request.
  Time since last request: 0.000124 seconds.
  path: Assets/Assets_DevilsWorkShop/Low_Poly_Pixel_2D_Blocks_DevilsWorkShop_v04/Prefabs/assets_angled_pixel_16x16/isometric_angled_pixel_0009.prefab
  artifactKey: Guid(ba97babb6cc9bfe4a9b20055da769d4c) Importer(815301076,1909f56bfc062723c751e8b465ee728b)
Start importing Assets/Assets_DevilsWorkShop/Low_Poly_Pixel_2D_Blocks_DevilsWorkShop_v04/Prefabs/assets_angled_pixel_16x16/isometric_angled_pixel_0009.prefab using Guid(ba97babb6cc9bfe4a9b20055da769d4c) Importer(815301076,1909f56bfc062723c751e8b465ee728b) (PreviewImporter) -> (artifact id: 'af640015ce4e550b25ef4aada658fd6e') in 0.02305 seconds
Number of updated asset objects reloaded before import = 0Number of asset objects unloaded after import = 7

========================================================================
Received Import Request.
  Time since last request: 0.000035 seconds.
  path: Assets/Assets_DevilsWorkShop/Low_Poly_Pixel_2D_Blocks_DevilsWorkShop_v04/Prefabs/assets_angled_pixel_16x16/isometric_angled_pixel_0012.prefab
  artifactKey: Guid(e94c4b89026186f4590d86bf47c91db1) Importer(815301076,1909f56bfc062723c751e8b465ee728b)
Start importing Assets/Assets_DevilsWorkShop/Low_Poly_Pixel_2D_Blocks_DevilsWorkShop_v04/Prefabs/assets_angled_pixel_16x16/isometric_angled_pixel_0012.prefab using Guid(e94c4b89026186f4590d86bf47c91db1) Importer(815301076,1909f56bfc062723c751e8b465ee728b) (PreviewImporter) -> (artifact id: '5f64cc5feb4a1bff864c1f153527008e') in 0.0220822 seconds
Number of updated asset objects reloaded before import = 0Number of asset objects unloaded after import = 7

========================================================================
Received Import Request.
  Time since last request: 0.000026 seconds.
  path: Assets/Assets_DevilsWorkShop/Low_Poly_Pixel_2D_Blocks_DevilsWorkShop_v04/Prefabs/assets_angled_pixel_16x16/isometric_angled_pixel_0005.prefab
  artifactKey: Guid(d78cdb400d0f34647b991b288a97edcc) Importer(815301076,1909f56bfc062723c751e8b465ee728b)
Start importing Assets/Assets_DevilsWorkShop/Low_Poly_Pixel_2D_Blocks_DevilsWorkShop_v04/Prefabs/assets_angled_pixel_16x16/isometric_angled_pixel_0005.prefab using Guid(d78cdb400d0f34647b991b288a97edcc) Importer(815301076,1909f56bfc062723c751e8b465ee728b) (PreviewImporter) -> (artifact id: '3df16e0efd9f75484ca2c703b616e69b') in 0.0244703 seconds
Number of updated asset objects reloaded before import = 0Number of asset objects unloaded after import = 7

========================================================================
Received Import Request.
  Time since last request: 0.000031 seconds.
  path: Assets/Assets_DevilsWorkShop/Low_Poly_Pixel_2D_Blocks_DevilsWorkShop_v04/Prefabs/assets_angled_pixel_16x16/isometric_angled_pixel_0008.prefab
  artifactKey: Guid(dbbd9569db2eeb64fbd62b4a36b89333) Importer(815301076,1909f56bfc062723c751e8b465ee728b)
Start importing Assets/Assets_DevilsWorkShop/Low_Poly_Pixel_2D_Blocks_DevilsWorkShop_v04/Prefabs/assets_angled_pixel_16x16/isometric_angled_pixel_0008.prefab using Guid(dbbd9569db2eeb64fbd62b4a36b89333) Importer(815301076,1909f56bfc062723c751e8b465ee728b) (PreviewImporter) -> (artifact id: '9e5fc7acc2d197c51df919c6f3d4e5b5') in 0.0248623 seconds
Number of updated asset objects reloaded before import = 0Number of asset objects unloaded after import = 7

========================================================================
Received Import Request.
  Time since last request: 0.000040 seconds.
  path: Assets/Assets_DevilsWorkShop/Low_Poly_Pixel_2D_Blocks_DevilsWorkShop_v04/Prefabs/assets_angled_pixel_16x16/isometric_angled_pixel_0047.prefab
  artifactKey: Guid(dca41864a73d1ec44934e06f077fec45) Importer(815301076,1909f56bfc062723c751e8b465ee728b)
Start importing Assets/Assets_DevilsWorkShop/Low_Poly_Pixel_2D_Blocks_DevilsWorkShop_v04/Prefabs/assets_angled_pixel_16x16/isometric_angled_pixel_0047.prefab using Guid(dca41864a73d1ec44934e06f077fec45) Importer(815301076,1909f56bfc062723c751e8b465ee728b) (PreviewImporter) -> (artifact id: '8120e1644af169f41466a1f56b77ad2c') in 0.0265248 seconds
Number of updated asset objects reloaded before import = 0Number of asset objects unloaded after import = 7

========================================================================
Received Import Request.
  Time since last request: 0.000032 seconds.
  path: Assets/Assets_DevilsWorkShop/Low_Poly_Pixel_2D_Blocks_DevilsWorkShop_v04/Prefabs/assets_angled_pixel_16x16/isometric_angled_pixel_0026.prefab
  artifactKey: Guid(bdf5978dc98c78b4c9300260158eff8f) Importer(815301076,1909f56bfc062723c751e8b465ee728b)
Start importing Assets/Assets_DevilsWorkShop/Low_Poly_Pixel_2D_Blocks_DevilsWorkShop_v04/Prefabs/assets_angled_pixel_16x16/isometric_angled_pixel_0026.prefab using Guid(bdf5978dc98c78b4c9300260158eff8f) Importer(815301076,1909f56bfc062723c751e8b465ee728b) (PreviewImporter) -> (artifact id: 'f7c2e3bf08bc44cf50c3fceccb75bcaa') in 0.0232835 seconds
Number of updated asset objects reloaded before import = 0Number of asset objects unloaded after import = 7

========================================================================
Received Import Request.
  Time since last request: 0.000042 seconds.
  path: Assets/Assets_DevilsWorkShop/Low_Poly_Pixel_2D_Blocks_DevilsWorkShop_v04/Prefabs/assets_angled_pixel_16x16/isometric_angled_pixel_0038.prefab
  artifactKey: Guid(950dc40e55411714290e8fc3cad7e976) Importer(815301076,1909f56bfc062723c751e8b465ee728b)
Start importing Assets/Assets_DevilsWorkShop/Low_Poly_Pixel_2D_Blocks_DevilsWorkShop_v04/Prefabs/assets_angled_pixel_16x16/isometric_angled_pixel_0038.prefab using Guid(950dc40e55411714290e8fc3cad7e976) Importer(815301076,1909f56bfc062723c751e8b465ee728b) (PreviewImporter) -> (artifact id: 'ffc80c98c4a6c12e66eaedea94cf0039') in 0.0210116 seconds
Number of updated asset objects reloaded before import = 0Number of asset objects unloaded after import = 7

========================================================================
Received Import Request.
  Time since last request: 0.000037 seconds.
  path: Assets/Assets_DevilsWorkShop/Low_Poly_Pixel_2D_Blocks_DevilsWorkShop_v04/Prefabs/assets_angled_pixel_16x16/isometric_angled_pixel_0043.prefab
  artifactKey: Guid(c97469c96648d164481400e4153d62c0) Importer(815301076,1909f56bfc062723c751e8b465ee728b)
Start importing Assets/Assets_DevilsWorkShop/Low_Poly_Pixel_2D_Blocks_DevilsWorkShop_v04/Prefabs/assets_angled_pixel_16x16/isometric_angled_pixel_0043.prefab using Guid(c97469c96648d164481400e4153d62c0) Importer(815301076,1909f56bfc062723c751e8b465ee728b) (PreviewImporter) -> (artifact id: '34206ca4c966a13e984ee89a73c380d8') in 0.0232166 seconds
Number of updated asset objects reloaded before import = 0Number of asset objects unloaded after import = 7

========================================================================
Received Import Request.
  Time since last request: 0.000032 seconds.
  path: Assets/Assets_DevilsWorkShop/Low_Poly_Pixel_2D_Blocks_DevilsWorkShop_v04/Prefabs/assets_angled_pixel_16x16/isometric_angled_pixel_0013.prefab
  artifactKey: Guid(0baf0255d625f434f8cebefd2b8b7158) Importer(815301076,1909f56bfc062723c751e8b465ee728b)
Start importing Assets/Assets_DevilsWorkShop/Low_Poly_Pixel_2D_Blocks_DevilsWorkShop_v04/Prefabs/assets_angled_pixel_16x16/isometric_angled_pixel_0013.prefab using Guid(0baf0255d625f434f8cebefd2b8b7158) Importer(815301076,1909f56bfc062723c751e8b465ee728b) (PreviewImporter) -> (artifact id: '3a6fcef431dee129cb19c08ace24be9e') in 0.0228298 seconds
Number of updated asset objects reloaded before import = 0Number of asset objects unloaded after import = 7

========================================================================
Received Import Request.
  Time since last request: 0.000029 seconds.
  path: Assets/Assets_DevilsWorkShop/Low_Poly_Pixel_2D_Blocks_DevilsWorkShop_v04/Prefabs/assets_angled_pixel_16x16/isometric_angled_pixel_0030.prefab
  artifactKey: Guid(ec81c38b50b17ce4aacbac7f2852683a) Importer(815301076,1909f56bfc062723c751e8b465ee728b)
Start importing Assets/Assets_DevilsWorkShop/Low_Poly_Pixel_2D_Blocks_DevilsWorkShop_v04/Prefabs/assets_angled_pixel_16x16/isometric_angled_pixel_0030.prefab using Guid(ec81c38b50b17ce4aacbac7f2852683a) Importer(815301076,1909f56bfc062723c751e8b465ee728b) (PreviewImporter) -> (artifact id: '65ef32506570c1f840c9eb73a0b3cda0') in 0.02294 seconds
Number of updated asset objects reloaded before import = 0Number of asset objects unloaded after import = 7

========================================================================
Received Import Request.
  Time since last request: 0.000034 seconds.
  path: Assets/Assets_DevilsWorkShop/Low_Poly_Pixel_2D_Blocks_DevilsWorkShop_v04/Prefabs/assets_angled_pixel_16x16/isometric_angled_pixel_0003.prefab
  artifactKey: Guid(94d971d6f3964024b97907caee673f85) Importer(815301076,1909f56bfc062723c751e8b465ee728b)
Start importing Assets/Assets_DevilsWorkShop/Low_Poly_Pixel_2D_Blocks_DevilsWorkShop_v04/Prefabs/assets_angled_pixel_16x16/isometric_angled_pixel_0003.prefab using Guid(94d971d6f3964024b97907caee673f85) Importer(815301076,1909f56bfc062723c751e8b465ee728b) (PreviewImporter) -> (artifact id: '36b145b2eba4cf7b917294b485bd1fcd') in 0.0249209 seconds
Number of updated asset objects reloaded before import = 0Number of asset objects unloaded after import = 7

========================================================================
Received Import Request.
  Time since last request: 0.000031 seconds.
  path: Assets/Assets_DevilsWorkShop/Low_Poly_Pixel_2D_Blocks_DevilsWorkShop_v04/Prefabs/assets_angled_pixel_16x16/isometric_angled_pixel_0017.prefab
  artifactKey: Guid(f2677cf18cfbe2b4f9602a6c4c2c6e6a) Importer(815301076,1909f56bfc062723c751e8b465ee728b)
Start importing Assets/Assets_DevilsWorkShop/Low_Poly_Pixel_2D_Blocks_DevilsWorkShop_v04/Prefabs/assets_angled_pixel_16x16/isometric_angled_pixel_0017.prefab using Guid(f2677cf18cfbe2b4f9602a6c4c2c6e6a) Importer(815301076,1909f56bfc062723c751e8b465ee728b) (PreviewImporter) -> (artifact id: '638b1a8b7b74317f41cf76b9603b591c') in 0.0235235 seconds
Number of updated asset objects reloaded before import = 0Number of asset objects unloaded after import = 7

========================================================================
Received Import Request.
  Time since last request: 0.000031 seconds.
  path: Assets/Assets_DevilsWorkShop/Low_Poly_Pixel_2D_Blocks_DevilsWorkShop_v04/Prefabs/assets_angled_pixel_16x16/isometric_angled_pixel_0023.prefab
  artifactKey: Guid(a4fdb4d21f997f944bd4de0718b2ddec) Importer(815301076,1909f56bfc062723c751e8b465ee728b)
Start importing Assets/Assets_DevilsWorkShop/Low_Poly_Pixel_2D_Blocks_DevilsWorkShop_v04/Prefabs/assets_angled_pixel_16x16/isometric_angled_pixel_0023.prefab using Guid(a4fdb4d21f997f944bd4de0718b2ddec) Importer(815301076,1909f56bfc062723c751e8b465ee728b) (PreviewImporter) -> (artifact id: '6811f46a656bf97719fdbcd1fc80288b') in 0.0226961 seconds
Number of updated asset objects reloaded before import = 0Number of asset objects unloaded after import = 7

========================================================================
Received Import Request.
  Time since last request: 1.572266 seconds.
  path: Assets/Assets_DevilsWorkShop/Low_Poly_Pixel_2D_Blocks_DevilsWorkShop_v04/Prefabs/assets_angled_pixel_16x16/isometric_angled_pixel_0049.prefab
  artifactKey: Guid(5df692ee5e937fa498dd9de70c1954c5) Importer(815301076,1909f56bfc062723c751e8b465ee728b)
Start importing Assets/Assets_DevilsWorkShop/Low_Poly_Pixel_2D_Blocks_DevilsWorkShop_v04/Prefabs/assets_angled_pixel_16x16/isometric_angled_pixel_0049.prefab using Guid(5df692ee5e937fa498dd9de70c1954c5) Importer(815301076,1909f56bfc062723c751e8b465ee728b) (PreviewImporter) -> (artifact id: '89bde54499e287c49d7f8cf3ad1f0d4e') in 0.0247341 seconds
Number of updated asset objects reloaded before import = 0Number of asset objects unloaded after import = 7

========================================================================
Received Import Request.
  Time since last request: 0.000066 seconds.
  path: Assets/Assets_DevilsWorkShop/Low_Poly_Pixel_2D_Blocks_DevilsWorkShop_v04/Prefabs/assets_angled_pixel_16x16/isometric_angled_pixel_0053.prefab
  artifactKey: Guid(2c9cb3c509212dc499bcede19d383132) Importer(815301076,1909f56bfc062723c751e8b465ee728b)
Start importing Assets/Assets_DevilsWorkShop/Low_Poly_Pixel_2D_Blocks_DevilsWorkShop_v04/Prefabs/assets_angled_pixel_16x16/isometric_angled_pixel_0053.prefab using Guid(2c9cb3c509212dc499bcede19d383132) Importer(815301076,1909f56bfc062723c751e8b465ee728b) (PreviewImporter) -> (artifact id: '7c8a342bf24334295a068884f133a02b') in 0.0272421 seconds
Number of updated asset objects reloaded before import = 0Number of asset objects unloaded after import = 7

========================================================================
Received Import Request.
  Time since last request: 0.000025 seconds.
  path: Assets/Assets_DevilsWorkShop/Low_Poly_Pixel_2D_Blocks_DevilsWorkShop_v04/Prefabs/assets_angled_pixel_16x16/isometric_angled_pixel_0058.prefab
  artifactKey: Guid(527a1a47d5f961c46a20edf2882e24ca) Importer(815301076,1909f56bfc062723c751e8b465ee728b)
Start importing Assets/Assets_DevilsWorkShop/Low_Poly_Pixel_2D_Blocks_DevilsWorkShop_v04/Prefabs/assets_angled_pixel_16x16/isometric_angled_pixel_0058.prefab using Guid(527a1a47d5f961c46a20edf2882e24ca) Importer(815301076,1909f56bfc062723c751e8b465ee728b) (PreviewImporter) -> (artifact id: '4d63e92d1abaaf39dfa5d1a6071f02dc') in 0.0226435 seconds
Number of updated asset objects reloaded before import = 0Number of asset objects unloaded after import = 7

========================================================================
Received Import Request.
  Time since last request: 0.000028 seconds.
  path: Assets/Assets_DevilsWorkShop/Low_Poly_Pixel_2D_Blocks_DevilsWorkShop_v04/Prefabs/assets_angled_pixel_16x16/isometric_angled_pixel_0065.prefab
  artifactKey: Guid(2c74c6fced6ac0b488b0a644def86362) Importer(815301076,1909f56bfc062723c751e8b465ee728b)
Start importing Assets/Assets_DevilsWorkShop/Low_Poly_Pixel_2D_Blocks_DevilsWorkShop_v04/Prefabs/assets_angled_pixel_16x16/isometric_angled_pixel_0065.prefab using Guid(2c74c6fced6ac0b488b0a644def86362) Importer(815301076,1909f56bfc062723c751e8b465ee728b) (PreviewImporter) -> (artifact id: '0c5e3d70a244f95fd5ec9703fad3d4c3') in 0.0228033 seconds
Number of updated asset objects reloaded before import = 0Number of asset objects unloaded after import = 7

========================================================================
Received Import Request.
  Time since last request: 0.000032 seconds.
  path: Assets/Assets_DevilsWorkShop/Low_Poly_Pixel_2D_Blocks_DevilsWorkShop_v04/Prefabs/assets_angled_pixel_16x16/isometric_angled_pixel_0067.prefab
  artifactKey: Guid(0b40764832f85b04d8789a6ef7b8078d) Importer(815301076,1909f56bfc062723c751e8b465ee728b)
Start importing Assets/Assets_DevilsWorkShop/Low_Poly_Pixel_2D_Blocks_DevilsWorkShop_v04/Prefabs/assets_angled_pixel_16x16/isometric_angled_pixel_0067.prefab using Guid(0b40764832f85b04d8789a6ef7b8078d) Importer(815301076,1909f56bfc062723c751e8b465ee728b) (PreviewImporter) -> (artifact id: '89f364e647da12589e6665338937afff') in 0.0225961 seconds
Number of updated asset objects reloaded before import = 0Number of asset objects unloaded after import = 7

========================================================================
Received Import Request.
  Time since last request: 0.000046 seconds.
  path: Assets/Assets_DevilsWorkShop/Low_Poly_Pixel_2D_Blocks_DevilsWorkShop_v04/Prefabs/assets_angled_pixel_16x16/isometric_angled_pixel_0061.prefab
  artifactKey: Guid(4229c18fa86b16b47bd4d991d3babeb5) Importer(815301076,1909f56bfc062723c751e8b465ee728b)
Start importing Assets/Assets_DevilsWorkShop/Low_Poly_Pixel_2D_Blocks_DevilsWorkShop_v04/Prefabs/assets_angled_pixel_16x16/isometric_angled_pixel_0061.prefab using Guid(4229c18fa86b16b47bd4d991d3babeb5) Importer(815301076,1909f56bfc062723c751e8b465ee728b) (PreviewImporter) -> (artifact id: '7b80d1b2daf5cb80a1bd0b6ebce59065') in 0.0228779 seconds
Number of updated asset objects reloaded before import = 0Number of asset objects unloaded after import = 7

========================================================================
Received Import Request.
  Time since last request: 0.000025 seconds.
  path: Assets/Assets_DevilsWorkShop/Low_Poly_Pixel_2D_Blocks_DevilsWorkShop_v04/Prefabs/assets_angled_pixel_16x16/isometric_angled_pixel_0068.prefab
  artifactKey: Guid(f33d51ab0b8f2eb49aaf8b17c249a686) Importer(815301076,1909f56bfc062723c751e8b465ee728b)
Start importing Assets/Assets_DevilsWorkShop/Low_Poly_Pixel_2D_Blocks_DevilsWorkShop_v04/Prefabs/assets_angled_pixel_16x16/isometric_angled_pixel_0068.prefab using Guid(f33d51ab0b8f2eb49aaf8b17c249a686) Importer(815301076,1909f56bfc062723c751e8b465ee728b) (PreviewImporter) -> (artifact id: '73ef59c34c30c71e97cf953ee9b0b181') in 0.0191826 seconds
Number of updated asset objects reloaded before import = 0Number of asset objects unloaded after import = 7

========================================================================
Received Import Request.
  Time since last request: 0.000032 seconds.
  path: Assets/Assets_DevilsWorkShop/Low_Poly_Pixel_2D_Blocks_DevilsWorkShop_v04/Prefabs/assets_angled_pixel_16x16/isometric_angled_pixel_0059.prefab
  artifactKey: Guid(7836515f042ec8840b8fc91d1c890e25) Importer(815301076,1909f56bfc062723c751e8b465ee728b)
Start importing Assets/Assets_DevilsWorkShop/Low_Poly_Pixel_2D_Blocks_DevilsWorkShop_v04/Prefabs/assets_angled_pixel_16x16/isometric_angled_pixel_0059.prefab using Guid(7836515f042ec8840b8fc91d1c890e25) Importer(815301076,1909f56bfc062723c751e8b465ee728b) (PreviewImporter) -> (artifact id: 'e2d5636f67c4f4bd6a374d35db77e020') in 0.025772 seconds
Number of updated asset objects reloaded before import = 0Number of asset objects unloaded after import = 7

========================================================================
Received Import Request.
  Time since last request: 0.007470 seconds.
  path: Assets/Assets_DevilsWorkShop/Low_Poly_Pixel_2D_Blocks_DevilsWorkShop_v04/Prefabs/assets_angled_pixel_16x16/isometric_angled_pixel_0076.prefab
  artifactKey: Guid(eb7a5455398bb5041b9eee4c0b3558ff) Importer(815301076,1909f56bfc062723c751e8b465ee728b)
Start importing Assets/Assets_DevilsWorkShop/Low_Poly_Pixel_2D_Blocks_DevilsWorkShop_v04/Prefabs/assets_angled_pixel_16x16/isometric_angled_pixel_0076.prefab using Guid(eb7a5455398bb5041b9eee4c0b3558ff) Importer(815301076,1909f56bfc062723c751e8b465ee728b) (PreviewImporter) -> (artifact id: 'cc6bdece1484f8825e745797aa568867') in 0.024726 seconds
Number of updated asset objects reloaded before import = 0Number of asset objects unloaded after import = 7

========================================================================
Received Import Request.
  Time since last request: 0.000021 seconds.
  path: Assets/Assets_DevilsWorkShop/Low_Poly_Pixel_2D_Blocks_DevilsWorkShop_v04/Prefabs/assets_angled_pixel_16x16/isometric_angled_pixel_0079.prefab
  artifactKey: Guid(04a045f836a8ee34284f16e2be80c398) Importer(815301076,1909f56bfc062723c751e8b465ee728b)
Start importing Assets/Assets_DevilsWorkShop/Low_Poly_Pixel_2D_Blocks_DevilsWorkShop_v04/Prefabs/assets_angled_pixel_16x16/isometric_angled_pixel_0079.prefab using Guid(04a045f836a8ee34284f16e2be80c398) Importer(815301076,1909f56bfc062723c751e8b465ee728b) (PreviewImporter) -> (artifact id: '0248814aaabb396e1fed569ee0f225b1') in 0.0201062 seconds
Number of updated asset objects reloaded before import = 0Number of asset objects unloaded after import = 7

========================================================================
Received Import Request.
  Time since last request: 0.000032 seconds.
  path: Assets/Assets_DevilsWorkShop/Low_Poly_Pixel_2D_Blocks_DevilsWorkShop_v04/Prefabs/assets_angled_pixel_16x16/isometric_angled_pixel_0074.prefab
  artifactKey: Guid(1cf79a22ac6b9434f84897bf88e2d9db) Importer(815301076,1909f56bfc062723c751e8b465ee728b)
Start importing Assets/Assets_DevilsWorkShop/Low_Poly_Pixel_2D_Blocks_DevilsWorkShop_v04/Prefabs/assets_angled_pixel_16x16/isometric_angled_pixel_0074.prefab using Guid(1cf79a22ac6b9434f84897bf88e2d9db) Importer(815301076,1909f56bfc062723c751e8b465ee728b) (PreviewImporter) -> (artifact id: 'f3dc72bb129a1e6c90c0c68a701dde14') in 0.0219998 seconds
Number of updated asset objects reloaded before import = 0Number of asset objects unloaded after import = 7

========================================================================
Received Import Request.
  Time since last request: 0.000028 seconds.
  path: Assets/Assets_DevilsWorkShop/Low_Poly_Pixel_2D_Blocks_DevilsWorkShop_v04/Prefabs/assets_angled_pixel_16x16/isometric_angled_pixel_0092.prefab
  artifactKey: Guid(a8a5c2fac175d8540a5e49d3455dfdf0) Importer(815301076,1909f56bfc062723c751e8b465ee728b)
Start importing Assets/Assets_DevilsWorkShop/Low_Poly_Pixel_2D_Blocks_DevilsWorkShop_v04/Prefabs/assets_angled_pixel_16x16/isometric_angled_pixel_0092.prefab using Guid(a8a5c2fac175d8540a5e49d3455dfdf0) Importer(815301076,1909f56bfc062723c751e8b465ee728b) (PreviewImporter) -> (artifact id: '8463ecc782d1015612b43946f9c035e0') in 0.0217273 seconds
Number of updated asset objects reloaded before import = 0Number of asset objects unloaded after import = 7

========================================================================
Received Import Request.
  Time since last request: 0.000029 seconds.
  path: Assets/Assets_DevilsWorkShop/Low_Poly_Pixel_2D_Blocks_DevilsWorkShop_v04/Prefabs/assets_angled_pixel_16x16/isometric_angled_pixel_0096.prefab
  artifactKey: Guid(659bb4b9d7492f640be48381569aaccd) Importer(815301076,1909f56bfc062723c751e8b465ee728b)
Start importing Assets/Assets_DevilsWorkShop/Low_Poly_Pixel_2D_Blocks_DevilsWorkShop_v04/Prefabs/assets_angled_pixel_16x16/isometric_angled_pixel_0096.prefab using Guid(659bb4b9d7492f640be48381569aaccd) Importer(815301076,1909f56bfc062723c751e8b465ee728b) (PreviewImporter) -> (artifact id: 'ec34fbdd3057cf8d4f1e564464441879') in 0.0226344 seconds
Number of updated asset objects reloaded before import = 0Number of asset objects unloaded after import = 7

========================================================================
Received Import Request.
  Time since last request: 0.000043 seconds.
  path: Assets/Assets_DevilsWorkShop/Low_Poly_Pixel_2D_Blocks_DevilsWorkShop_v04/Prefabs/assets_angled_pixel_16x16/isometric_angled_pixel_0088.prefab
  artifactKey: Guid(0b79eef7f4a21004497af401faf51973) Importer(815301076,1909f56bfc062723c751e8b465ee728b)
Start importing Assets/Assets_DevilsWorkShop/Low_Poly_Pixel_2D_Blocks_DevilsWorkShop_v04/Prefabs/assets_angled_pixel_16x16/isometric_angled_pixel_0088.prefab using Guid(0b79eef7f4a21004497af401faf51973) Importer(815301076,1909f56bfc062723c751e8b465ee728b) (PreviewImporter) -> (artifact id: '941a3fa41d1895b16032baf435e4c02f') in 0.0224256 seconds
Number of updated asset objects reloaded before import = 0Number of asset objects unloaded after import = 7

========================================================================
Received Import Request.
  Time since last request: 0.000055 seconds.
  path: Assets/Assets_DevilsWorkShop/Low_Poly_Pixel_2D_Blocks_DevilsWorkShop_v04/Prefabs/assets_angled_pixel_16x16/isometric_angled_pixel_0081.prefab
  artifactKey: Guid(77095b0cfd6133645a1b9144c7180a08) Importer(815301076,1909f56bfc062723c751e8b465ee728b)
Start importing Assets/Assets_DevilsWorkShop/Low_Poly_Pixel_2D_Blocks_DevilsWorkShop_v04/Prefabs/assets_angled_pixel_16x16/isometric_angled_pixel_0081.prefab using Guid(77095b0cfd6133645a1b9144c7180a08) Importer(815301076,1909f56bfc062723c751e8b465ee728b) (PreviewImporter) -> (artifact id: '7b0894889ec20ed51870e49cb3414c23') in 0.020703 seconds
Number of updated asset objects reloaded before import = 0Number of asset objects unloaded after import = 7

========================================================================
Received Import Request.
  Time since last request: 0.000036 seconds.
  path: Assets/Assets_DevilsWorkShop/Low_Poly_Pixel_2D_Blocks_DevilsWorkShop_v04/Prefabs/assets_angled_pixel_16x16/isometric_angled_pixel_0087.prefab
  artifactKey: Guid(783275a2a8e9ce34f970df0634b6af87) Importer(815301076,1909f56bfc062723c751e8b465ee728b)
Start importing Assets/Assets_DevilsWorkShop/Low_Poly_Pixel_2D_Blocks_DevilsWorkShop_v04/Prefabs/assets_angled_pixel_16x16/isometric_angled_pixel_0087.prefab using Guid(783275a2a8e9ce34f970df0634b6af87) Importer(815301076,1909f56bfc062723c751e8b465ee728b) (PreviewImporter) -> (artifact id: '2727efed8914fc06bb61c525aa9d221e') in 0.0222702 seconds
Number of updated asset objects reloaded before import = 0Number of asset objects unloaded after import = 7

========================================================================
Received Import Request.
  Time since last request: 0.000027 seconds.
  path: Assets/Assets_DevilsWorkShop/Low_Poly_Pixel_2D_Blocks_DevilsWorkShop_v04/Prefabs/assets_angled_pixel_16x16/isometric_angled_pixel_0073.prefab
  artifactKey: Guid(d9bc03415cde05341a55f75365f5f9d6) Importer(815301076,1909f56bfc062723c751e8b465ee728b)
Start importing Assets/Assets_DevilsWorkShop/Low_Poly_Pixel_2D_Blocks_DevilsWorkShop_v04/Prefabs/assets_angled_pixel_16x16/isometric_angled_pixel_0073.prefab using Guid(d9bc03415cde05341a55f75365f5f9d6) Importer(815301076,1909f56bfc062723c751e8b465ee728b) (PreviewImporter) -> (artifact id: 'cbc394288f6a27d1b75bb685f31e6afd') in 0.0249538 seconds
Number of updated asset objects reloaded before import = 0Number of asset objects unloaded after import = 7

========================================================================
Received Import Request.
  Time since last request: 0.000051 seconds.
  path: Assets/Assets_DevilsWorkShop/Low_Poly_Pixel_2D_Blocks_DevilsWorkShop_v04/Prefabs/assets_angled_pixel_16x16/isometric_angled_pixel_0095.prefab
  artifactKey: Guid(ed2cb7d4c7f8a8941af66228fcf11d0c) Importer(815301076,1909f56bfc062723c751e8b465ee728b)
Start importing Assets/Assets_DevilsWorkShop/Low_Poly_Pixel_2D_Blocks_DevilsWorkShop_v04/Prefabs/assets_angled_pixel_16x16/isometric_angled_pixel_0095.prefab using Guid(ed2cb7d4c7f8a8941af66228fcf11d0c) Importer(815301076,1909f56bfc062723c751e8b465ee728b) (PreviewImporter) -> (artifact id: 'b7396492cf8ba6938f377e5d10b16783') in 0.0272192 seconds
Number of updated asset objects reloaded before import = 0Number of asset objects unloaded after import = 7

========================================================================
Received Import Request.
  Time since last request: 0.000028 seconds.
  path: Assets/Assets_DevilsWorkShop/Low_Poly_Pixel_2D_Blocks_DevilsWorkShop_v04/Prefabs/assets_angled_pixel_16x16/isometric_angled_pixel_0075.prefab
  artifactKey: Guid(1884307afee34e1418214b24eb420a5c) Importer(815301076,1909f56bfc062723c751e8b465ee728b)
Start importing Assets/Assets_DevilsWorkShop/Low_Poly_Pixel_2D_Blocks_DevilsWorkShop_v04/Prefabs/assets_angled_pixel_16x16/isometric_angled_pixel_0075.prefab using Guid(1884307afee34e1418214b24eb420a5c) Importer(815301076,1909f56bfc062723c751e8b465ee728b) (PreviewImporter) -> (artifact id: 'c923af2023c36d6d28b1d42672d27121') in 0.0228426 seconds
Number of updated asset objects reloaded before import = 0Number of asset objects unloaded after import = 7

========================================================================
Received Import Request.
  Time since last request: 0.000037 seconds.
  path: Assets/Assets_DevilsWorkShop/Low_Poly_Pixel_2D_Blocks_DevilsWorkShop_v04/Prefabs/assets_angled_pixel_16x16/isometric_angled_pixel_0052.prefab
  artifactKey: Guid(d72a49ecf03a4d7479345bba6bfa2790) Importer(815301076,1909f56bfc062723c751e8b465ee728b)
Start importing Assets/Assets_DevilsWorkShop/Low_Poly_Pixel_2D_Blocks_DevilsWorkShop_v04/Prefabs/assets_angled_pixel_16x16/isometric_angled_pixel_0052.prefab using Guid(d72a49ecf03a4d7479345bba6bfa2790) Importer(815301076,1909f56bfc062723c751e8b465ee728b) (PreviewImporter) -> (artifact id: '79976f42266d2dc7fc04075e3140002c') in 0.0279228 seconds
Number of updated asset objects reloaded before import = 0Number of asset objects unloaded after import = 7

========================================================================
Received Import Request.
  Time since last request: 0.000047 seconds.
  path: Assets/Assets_DevilsWorkShop/Low_Poly_Pixel_2D_Blocks_DevilsWorkShop_v04/Prefabs/assets_angled_pixel_16x16/isometric_angled_pixel_0086.prefab
  artifactKey: Guid(6e5eb22a24261e043b23bf29e5d1d344) Importer(815301076,1909f56bfc062723c751e8b465ee728b)
Start importing Assets/Assets_DevilsWorkShop/Low_Poly_Pixel_2D_Blocks_DevilsWorkShop_v04/Prefabs/assets_angled_pixel_16x16/isometric_angled_pixel_0086.prefab using Guid(6e5eb22a24261e043b23bf29e5d1d344) Importer(815301076,1909f56bfc062723c751e8b465ee728b) (PreviewImporter) -> (artifact id: '5946b5e0404152bf03a3f3b998684e49') in 0.0306566 seconds
Number of updated asset objects reloaded before import = 0Number of asset objects unloaded after import = 7

========================================================================
Received Import Request.
  Time since last request: 0.000025 seconds.
  path: Assets/Assets_DevilsWorkShop/Low_Poly_Pixel_2D_Blocks_DevilsWorkShop_v04/Prefabs/assets_angled_pixel_16x16/isometric_angled_pixel_0060.prefab
  artifactKey: Guid(617791805e0ae874e9bb3f572a7b782d) Importer(815301076,1909f56bfc062723c751e8b465ee728b)
Start importing Assets/Assets_DevilsWorkShop/Low_Poly_Pixel_2D_Blocks_DevilsWorkShop_v04/Prefabs/assets_angled_pixel_16x16/isometric_angled_pixel_0060.prefab using Guid(617791805e0ae874e9bb3f572a7b782d) Importer(815301076,1909f56bfc062723c751e8b465ee728b) (PreviewImporter) -> (artifact id: '7baa994bdecc5397add0d21303b36ec1') in 0.027287 seconds
Number of updated asset objects reloaded before import = 0Number of asset objects unloaded after import = 7

========================================================================
Received Import Request.
  Time since last request: 0.000037 seconds.
  path: Assets/Assets_DevilsWorkShop/Low_Poly_Pixel_2D_Blocks_DevilsWorkShop_v04/Prefabs/assets_angled_pixel_16x16/isometric_angled_pixel_0057.prefab
  artifactKey: Guid(474882402f9d3ed4d9462b0e0222d059) Importer(815301076,1909f56bfc062723c751e8b465ee728b)
Start importing Assets/Assets_DevilsWorkShop/Low_Poly_Pixel_2D_Blocks_DevilsWorkShop_v04/Prefabs/assets_angled_pixel_16x16/isometric_angled_pixel_0057.prefab using Guid(474882402f9d3ed4d9462b0e0222d059) Importer(815301076,1909f56bfc062723c751e8b465ee728b) (PreviewImporter) -> (artifact id: '833aa08a06b463cfd1b895d63b241286') in 0.0276695 seconds
Number of updated asset objects reloaded before import = 0Number of asset objects unloaded after import = 7

========================================================================
Received Import Request.
  Time since last request: 0.000033 seconds.
  path: Assets/Assets_DevilsWorkShop/Low_Poly_Pixel_2D_Blocks_DevilsWorkShop_v04/Prefabs/assets_angled_pixel_16x16/isometric_angled_pixel_0070.prefab
  artifactKey: Guid(d8ba218db1a42bc41a2b655af5ee57d5) Importer(815301076,1909f56bfc062723c751e8b465ee728b)
Start importing Assets/Assets_DevilsWorkShop/Low_Poly_Pixel_2D_Blocks_DevilsWorkShop_v04/Prefabs/assets_angled_pixel_16x16/isometric_angled_pixel_0070.prefab using Guid(d8ba218db1a42bc41a2b655af5ee57d5) Importer(815301076,1909f56bfc062723c751e8b465ee728b) (PreviewImporter) -> (artifact id: '167b5ee72968941cce5a38c62ffd2841') in 0.0228835 seconds
Number of updated asset objects reloaded before import = 0Number of asset objects unloaded after import = 7

========================================================================
Received Import Request.
  Time since last request: 2.836961 seconds.
  path: Assets/Assets_DevilsWorkShop/Low_Poly_Pixel_2D_Blocks_DevilsWorkShop_v04/Prefabs/assets_pixel_16x16/isometric_pixel_0000.prefab
  artifactKey: Guid(5f880d25682e653458f682e2c70a07f7) Importer(815301076,1909f56bfc062723c751e8b465ee728b)
Start importing Assets/Assets_DevilsWorkShop/Low_Poly_Pixel_2D_Blocks_DevilsWorkShop_v04/Prefabs/assets_pixel_16x16/isometric_pixel_0000.prefab using Guid(5f880d25682e653458f682e2c70a07f7) Importer(815301076,1909f56bfc062723c751e8b465ee728b) (PreviewImporter) -> (artifact id: '1548d6e67b16624856777d4614219bfb') in 0.0209744 seconds
Number of updated asset objects reloaded before import = 0Number of asset objects unloaded after import = 7

========================================================================
Received Import Request.
  Time since last request: 0.000024 seconds.
  path: Assets/Assets_DevilsWorkShop/Low_Poly_Pixel_2D_Blocks_DevilsWorkShop_v04/Prefabs/assets_pixel_16x16/isometric_pixel_0030.prefab
  artifactKey: Guid(86989613311e84440a377ec61c17039a) Importer(815301076,1909f56bfc062723c751e8b465ee728b)
Start importing Assets/Assets_DevilsWorkShop/Low_Poly_Pixel_2D_Blocks_DevilsWorkShop_v04/Prefabs/assets_pixel_16x16/isometric_pixel_0030.prefab using Guid(86989613311e84440a377ec61c17039a) Importer(815301076,1909f56bfc062723c751e8b465ee728b) (PreviewImporter) -> (artifact id: 'e84b625a8fe517f984a8a7440fe51ed8') in 0.0245992 seconds
Number of updated asset objects reloaded before import = 0Number of asset objects unloaded after import = 7

========================================================================
Received Import Request.
  Time since last request: 0.000047 seconds.
  path: Assets/Assets_DevilsWorkShop/Low_Poly_Pixel_2D_Blocks_DevilsWorkShop_v04/Prefabs/assets_pixel_16x16/isometric_pixel_0041.prefab
  artifactKey: Guid(0643c4f93ccc9764ab1ec5939ac55229) Importer(815301076,1909f56bfc062723c751e8b465ee728b)
Start importing Assets/Assets_DevilsWorkShop/Low_Poly_Pixel_2D_Blocks_DevilsWorkShop_v04/Prefabs/assets_pixel_16x16/isometric_pixel_0041.prefab using Guid(0643c4f93ccc9764ab1ec5939ac55229) Importer(815301076,1909f56bfc062723c751e8b465ee728b) (PreviewImporter) -> (artifact id: 'fcc2d4f53b9f812743eab5eb705182da') in 0.0234534 seconds
Number of updated asset objects reloaded before import = 0Number of asset objects unloaded after import = 7

========================================================================
Received Import Request.
  Time since last request: 0.000029 seconds.
  path: Assets/Assets_DevilsWorkShop/Low_Poly_Pixel_2D_Blocks_DevilsWorkShop_v04/Prefabs/assets_pixel_16x16/isometric_pixel_0005.prefab
  artifactKey: Guid(0a2b42a522a11544fb58da0533cf8d6f) Importer(815301076,1909f56bfc062723c751e8b465ee728b)
Start importing Assets/Assets_DevilsWorkShop/Low_Poly_Pixel_2D_Blocks_DevilsWorkShop_v04/Prefabs/assets_pixel_16x16/isometric_pixel_0005.prefab using Guid(0a2b42a522a11544fb58da0533cf8d6f) Importer(815301076,1909f56bfc062723c751e8b465ee728b) (PreviewImporter) -> (artifact id: '61b280deae051090dc275e69c2ba7ccf') in 0.023414 seconds
Number of updated asset objects reloaded before import = 0Number of asset objects unloaded after import = 7

========================================================================
Received Import Request.
  Time since last request: 0.000139 seconds.
  path: Assets/Assets_DevilsWorkShop/Low_Poly_Pixel_2D_Blocks_DevilsWorkShop_v04/Prefabs/assets_pixel_16x16/isometric_pixel_0009.prefab
  artifactKey: Guid(2011b65f7cbc5644591d9e8cbd6d085d) Importer(815301076,1909f56bfc062723c751e8b465ee728b)
Start importing Assets/Assets_DevilsWorkShop/Low_Poly_Pixel_2D_Blocks_DevilsWorkShop_v04/Prefabs/assets_pixel_16x16/isometric_pixel_0009.prefab using Guid(2011b65f7cbc5644591d9e8cbd6d085d) Importer(815301076,1909f56bfc062723c751e8b465ee728b) (PreviewImporter) -> (artifact id: '239a53ba7f2202ba5ff1d05f49cbda3f') in 0.0221654 seconds
Number of updated asset objects reloaded before import = 0Number of asset objects unloaded after import = 7

========================================================================
Received Import Request.
  Time since last request: 0.000065 seconds.
  path: Assets/Assets_DevilsWorkShop/Low_Poly_Pixel_2D_Blocks_DevilsWorkShop_v04/Prefabs/assets_pixel_16x16/isometric_pixel_0002.prefab
  artifactKey: Guid(86c7e2fd42923d94c81b2ee493a68268) Importer(815301076,1909f56bfc062723c751e8b465ee728b)
Start importing Assets/Assets_DevilsWorkShop/Low_Poly_Pixel_2D_Blocks_DevilsWorkShop_v04/Prefabs/assets_pixel_16x16/isometric_pixel_0002.prefab using Guid(86c7e2fd42923d94c81b2ee493a68268) Importer(815301076,1909f56bfc062723c751e8b465ee728b) (PreviewImporter) -> (artifact id: 'ef74baf94ddf6d7fa2cd66583700121c') in 0.0251766 seconds
Number of updated asset objects reloaded before import = 0Number of asset objects unloaded after import = 7

========================================================================
Received Import Request.
  Time since last request: 0.000043 seconds.
  path: Assets/Assets_DevilsWorkShop/Low_Poly_Pixel_2D_Blocks_DevilsWorkShop_v04/Prefabs/assets_pixel_16x16/isometric_pixel_0003.prefab
  artifactKey: Guid(031ec382d5c118a4a98a4d79aaea5779) Importer(815301076,1909f56bfc062723c751e8b465ee728b)
Start importing Assets/Assets_DevilsWorkShop/Low_Poly_Pixel_2D_Blocks_DevilsWorkShop_v04/Prefabs/assets_pixel_16x16/isometric_pixel_0003.prefab using Guid(031ec382d5c118a4a98a4d79aaea5779) Importer(815301076,1909f56bfc062723c751e8b465ee728b) (PreviewImporter) -> (artifact id: '86177413ec9da84380f89bfa86183424') in 0.027439 seconds
Number of updated asset objects reloaded before import = 0Number of asset objects unloaded after import = 7

========================================================================
Received Import Request.
  Time since last request: 0.000032 seconds.
  path: Assets/Assets_DevilsWorkShop/Low_Poly_Pixel_2D_Blocks_DevilsWorkShop_v04/Prefabs/assets_pixel_16x16/isometric_pixel_0045.prefab
  artifactKey: Guid(dd9efbd9ee3f1994589331a6c5f99187) Importer(815301076,1909f56bfc062723c751e8b465ee728b)
Start importing Assets/Assets_DevilsWorkShop/Low_Poly_Pixel_2D_Blocks_DevilsWorkShop_v04/Prefabs/assets_pixel_16x16/isometric_pixel_0045.prefab using Guid(dd9efbd9ee3f1994589331a6c5f99187) Importer(815301076,1909f56bfc062723c751e8b465ee728b) (PreviewImporter) -> (artifact id: 'e1dce0e34f869a67da0455b7d4919d64') in 0.0266985 seconds
Number of updated asset objects reloaded before import = 0Number of asset objects unloaded after import = 7

========================================================================
Received Import Request.
  Time since last request: 0.000037 seconds.
  path: Assets/Assets_DevilsWorkShop/Low_Poly_Pixel_2D_Blocks_DevilsWorkShop_v04/Prefabs/assets_pixel_16x16/isometric_pixel_0018.prefab
  artifactKey: Guid(8db9525799be8444dac2ffdd9c0f5043) Importer(815301076,1909f56bfc062723c751e8b465ee728b)
Start importing Assets/Assets_DevilsWorkShop/Low_Poly_Pixel_2D_Blocks_DevilsWorkShop_v04/Prefabs/assets_pixel_16x16/isometric_pixel_0018.prefab using Guid(8db9525799be8444dac2ffdd9c0f5043) Importer(815301076,1909f56bfc062723c751e8b465ee728b) (PreviewImporter) -> (artifact id: '6f88c096f0cab861cd12a549e13ce993') in 0.0256436 seconds
Number of updated asset objects reloaded before import = 0Number of asset objects unloaded after import = 7

========================================================================
Received Import Request.
  Time since last request: 0.000131 seconds.
  path: Assets/Assets_DevilsWorkShop/Low_Poly_Pixel_2D_Blocks_DevilsWorkShop_v04/Prefabs/assets_pixel_16x16/isometric_pixel_0029.prefab
  artifactKey: Guid(4a74496430211864e8c64e72083cd297) Importer(815301076,1909f56bfc062723c751e8b465ee728b)
Start importing Assets/Assets_DevilsWorkShop/Low_Poly_Pixel_2D_Blocks_DevilsWorkShop_v04/Prefabs/assets_pixel_16x16/isometric_pixel_0029.prefab using Guid(4a74496430211864e8c64e72083cd297) Importer(815301076,1909f56bfc062723c751e8b465ee728b) (PreviewImporter) -> (artifact id: '3e9cf095915ff8ca29267b89c3afb23e') in 0.024703 seconds
Number of updated asset objects reloaded before import = 0Number of asset objects unloaded after import = 7

========================================================================
Received Import Request.
  Time since last request: 0.000077 seconds.
  path: Assets/Assets_DevilsWorkShop/Low_Poly_Pixel_2D_Blocks_DevilsWorkShop_v04/Prefabs/assets_pixel_16x16/isometric_pixel_0044.prefab
  artifactKey: Guid(d41840fbab0892945827301af2b582d1) Importer(815301076,1909f56bfc062723c751e8b465ee728b)
Start importing Assets/Assets_DevilsWorkShop/Low_Poly_Pixel_2D_Blocks_DevilsWorkShop_v04/Prefabs/assets_pixel_16x16/isometric_pixel_0044.prefab using Guid(d41840fbab0892945827301af2b582d1) Importer(815301076,1909f56bfc062723c751e8b465ee728b) (PreviewImporter) -> (artifact id: '33d0804ee2f0c9875f937e9579bebfd2') in 0.0280565 seconds
Number of updated asset objects reloaded before import = 0Number of asset objects unloaded after import = 7

========================================================================
Received Import Request.
  Time since last request: 0.000048 seconds.
  path: Assets/Assets_DevilsWorkShop/Low_Poly_Pixel_2D_Blocks_DevilsWorkShop_v04/Prefabs/assets_pixel_16x16/isometric_pixel_0027.prefab
  artifactKey: Guid(4885c762218761244be6b5efb547c6bc) Importer(815301076,1909f56bfc062723c751e8b465ee728b)
Start importing Assets/Assets_DevilsWorkShop/Low_Poly_Pixel_2D_Blocks_DevilsWorkShop_v04/Prefabs/assets_pixel_16x16/isometric_pixel_0027.prefab using Guid(4885c762218761244be6b5efb547c6bc) Importer(815301076,1909f56bfc062723c751e8b465ee728b) (PreviewImporter) -> (artifact id: 'c7e1e81a889079d532c76d600a59a3ee') in 0.0244971 seconds
Number of updated asset objects reloaded before import = 0Number of asset objects unloaded after import = 7

========================================================================
Received Import Request.
  Time since last request: 0.000051 seconds.
  path: Assets/Assets_DevilsWorkShop/Low_Poly_Pixel_2D_Blocks_DevilsWorkShop_v04/Prefabs/assets_pixel_16x16/isometric_pixel_0037.prefab
  artifactKey: Guid(addedbe459e725a4ebcb8b6f70f0fc7c) Importer(815301076,1909f56bfc062723c751e8b465ee728b)
Start importing Assets/Assets_DevilsWorkShop/Low_Poly_Pixel_2D_Blocks_DevilsWorkShop_v04/Prefabs/assets_pixel_16x16/isometric_pixel_0037.prefab using Guid(addedbe459e725a4ebcb8b6f70f0fc7c) Importer(815301076,1909f56bfc062723c751e8b465ee728b) (PreviewImporter) -> (artifact id: '4c6002976f7e7a9e48c6e4a5da8ef196') in 0.0222497 seconds
Number of updated asset objects reloaded before import = 0Number of asset objects unloaded after import = 7

========================================================================
Received Import Request.
  Time since last request: 0.000031 seconds.
  path: Assets/Assets_DevilsWorkShop/Low_Poly_Pixel_2D_Blocks_DevilsWorkShop_v04/Prefabs/assets_pixel_16x16/isometric_pixel_0016.prefab
  artifactKey: Guid(dfb83f54397794f45bc267d36ed0374e) Importer(815301076,1909f56bfc062723c751e8b465ee728b)
Start importing Assets/Assets_DevilsWorkShop/Low_Poly_Pixel_2D_Blocks_DevilsWorkShop_v04/Prefabs/assets_pixel_16x16/isometric_pixel_0016.prefab using Guid(dfb83f54397794f45bc267d36ed0374e) Importer(815301076,1909f56bfc062723c751e8b465ee728b) (PreviewImporter) -> (artifact id: 'dc83d2f5efb4f909d0a61a2fbe877b72') in 0.0234906 seconds
Number of updated asset objects reloaded before import = 0Number of asset objects unloaded after import = 7

========================================================================
Received Import Request.
  Time since last request: 0.000046 seconds.
  path: Assets/Assets_DevilsWorkShop/Low_Poly_Pixel_2D_Blocks_DevilsWorkShop_v04/Prefabs/assets_pixel_16x16/isometric_pixel_0048.prefab
  artifactKey: Guid(d67376f95b58d5f4da18ce52f18e4429) Importer(815301076,1909f56bfc062723c751e8b465ee728b)
Start importing Assets/Assets_DevilsWorkShop/Low_Poly_Pixel_2D_Blocks_DevilsWorkShop_v04/Prefabs/assets_pixel_16x16/isometric_pixel_0048.prefab using Guid(d67376f95b58d5f4da18ce52f18e4429) Importer(815301076,1909f56bfc062723c751e8b465ee728b) (PreviewImporter) -> (artifact id: '5159ce077791027c75ce2c2e13a4923d') in 0.025713 seconds
Number of updated asset objects reloaded before import = 0Number of asset objects unloaded after import = 7

========================================================================
Received Import Request.
  Time since last request: 0.000024 seconds.
  path: Assets/Assets_DevilsWorkShop/Low_Poly_Pixel_2D_Blocks_DevilsWorkShop_v04/Prefabs/assets_pixel_16x16/isometric_pixel_0028.prefab
  artifactKey: Guid(0ac59042b6a8d6c4b93100c3d5f2f478) Importer(815301076,1909f56bfc062723c751e8b465ee728b)
Start importing Assets/Assets_DevilsWorkShop/Low_Poly_Pixel_2D_Blocks_DevilsWorkShop_v04/Prefabs/assets_pixel_16x16/isometric_pixel_0028.prefab using Guid(0ac59042b6a8d6c4b93100c3d5f2f478) Importer(815301076,1909f56bfc062723c751e8b465ee728b) (PreviewImporter) -> (artifact id: '5cd48808f5f35ead0febdc518ad3599c') in 0.0227869 seconds
Number of updated asset objects reloaded before import = 0Number of asset objects unloaded after import = 7

========================================================================
Received Import Request.
  Time since last request: 0.000030 seconds.
  path: Assets/Assets_DevilsWorkShop/Low_Poly_Pixel_2D_Blocks_DevilsWorkShop_v04/Prefabs/assets_pixel_16x16/isometric_pixel_0031.prefab
  artifactKey: Guid(111b021bfe822984989870d177e34812) Importer(815301076,1909f56bfc062723c751e8b465ee728b)
Start importing Assets/Assets_DevilsWorkShop/Low_Poly_Pixel_2D_Blocks_DevilsWorkShop_v04/Prefabs/assets_pixel_16x16/isometric_pixel_0031.prefab using Guid(111b021bfe822984989870d177e34812) Importer(815301076,1909f56bfc062723c751e8b465ee728b) (PreviewImporter) -> (artifact id: 'a14e2e908ebf7b18ad390b10a757b831') in 0.0247982 seconds
Number of updated asset objects reloaded before import = 0Number of asset objects unloaded after import = 7

========================================================================
Received Import Request.
  Time since last request: 0.000124 seconds.
  path: Assets/Assets_DevilsWorkShop/Low_Poly_Pixel_2D_Blocks_DevilsWorkShop_v04/Prefabs/assets_pixel_16x16/isometric_pixel_0032.prefab
  artifactKey: Guid(789cbd19608d9b8428f7e8b7129eaafa) Importer(815301076,1909f56bfc062723c751e8b465ee728b)
Start importing Assets/Assets_DevilsWorkShop/Low_Poly_Pixel_2D_Blocks_DevilsWorkShop_v04/Prefabs/assets_pixel_16x16/isometric_pixel_0032.prefab using Guid(789cbd19608d9b8428f7e8b7129eaafa) Importer(815301076,1909f56bfc062723c751e8b465ee728b) (PreviewImporter) -> (artifact id: '0837d63d6ea5830fc2cfa30ec3f87bef') in 0.0221441 seconds
Number of updated asset objects reloaded before import = 0Number of asset objects unloaded after import = 7

========================================================================
Received Import Request.
  Time since last request: 0.000049 seconds.
  path: Assets/Assets_DevilsWorkShop/Low_Poly_Pixel_2D_Blocks_DevilsWorkShop_v04/Prefabs/assets_pixel_16x16/isometric_pixel_0010.prefab
  artifactKey: Guid(751acc62e05913449989357b616bca06) Importer(815301076,1909f56bfc062723c751e8b465ee728b)
Start importing Assets/Assets_DevilsWorkShop/Low_Poly_Pixel_2D_Blocks_DevilsWorkShop_v04/Prefabs/assets_pixel_16x16/isometric_pixel_0010.prefab using Guid(751acc62e05913449989357b616bca06) Importer(815301076,1909f56bfc062723c751e8b465ee728b) (PreviewImporter) -> (artifact id: '33c5b9661ee20148b2897852de845811') in 0.0247542 seconds
Number of updated asset objects reloaded before import = 0Number of asset objects unloaded after import = 7

========================================================================
Received Import Request.
  Time since last request: 0.000055 seconds.
  path: Assets/Assets_DevilsWorkShop/Low_Poly_Pixel_2D_Blocks_DevilsWorkShop_v04/Prefabs/assets_pixel_16x16/isometric_pixel_0022.prefab
  artifactKey: Guid(df858e4d32ff8ea4f8e95c0aef58bf2c) Importer(815301076,1909f56bfc062723c751e8b465ee728b)
Start importing Assets/Assets_DevilsWorkShop/Low_Poly_Pixel_2D_Blocks_DevilsWorkShop_v04/Prefabs/assets_pixel_16x16/isometric_pixel_0022.prefab using Guid(df858e4d32ff8ea4f8e95c0aef58bf2c) Importer(815301076,1909f56bfc062723c751e8b465ee728b) (PreviewImporter) -> (artifact id: 'c03531d45eb4487937a0a008df63ec23') in 0.0231707 seconds
Number of updated asset objects reloaded before import = 0Number of asset objects unloaded after import = 7

========================================================================
Received Import Request.
  Time since last request: 0.000034 seconds.
  path: Assets/Assets_DevilsWorkShop/Low_Poly_Pixel_2D_Blocks_DevilsWorkShop_v04/Prefabs/assets_pixel_16x16/isometric_pixel_0006.prefab
  artifactKey: Guid(9fdc33d0a12f5c241b92df1932ab6f6c) Importer(815301076,1909f56bfc062723c751e8b465ee728b)
Start importing Assets/Assets_DevilsWorkShop/Low_Poly_Pixel_2D_Blocks_DevilsWorkShop_v04/Prefabs/assets_pixel_16x16/isometric_pixel_0006.prefab using Guid(9fdc33d0a12f5c241b92df1932ab6f6c) Importer(815301076,1909f56bfc062723c751e8b465ee728b) (PreviewImporter) -> (artifact id: '672c97982fa8c9fd7836dc645fbc4921') in 0.0238036 seconds
Number of updated asset objects reloaded before import = 0Number of asset objects unloaded after import = 7

========================================================================
Received Import Request.
  Time since last request: 0.000035 seconds.
  path: Assets/Assets_DevilsWorkShop/Low_Poly_Pixel_2D_Blocks_DevilsWorkShop_v04/Prefabs/assets_pixel_16x16/isometric_pixel_0007.prefab
  artifactKey: Guid(5eda80cbb9f49814b91273b0b80bc0e8) Importer(815301076,1909f56bfc062723c751e8b465ee728b)
Start importing Assets/Assets_DevilsWorkShop/Low_Poly_Pixel_2D_Blocks_DevilsWorkShop_v04/Prefabs/assets_pixel_16x16/isometric_pixel_0007.prefab using Guid(5eda80cbb9f49814b91273b0b80bc0e8) Importer(815301076,1909f56bfc062723c751e8b465ee728b) (PreviewImporter) -> (artifact id: '8451f3136b1d2a030dcd9537ac5aef33') in 0.0229586 seconds
Number of updated asset objects reloaded before import = 0Number of asset objects unloaded after import = 7

========================================================================
Received Import Request.
  Time since last request: 0.000039 seconds.
  path: Assets/Assets_DevilsWorkShop/Low_Poly_Pixel_2D_Blocks_DevilsWorkShop_v04/Prefabs/assets_pixel_16x16/isometric_pixel_0015.prefab
  artifactKey: Guid(f25b48b95be83cf4dbc438fe88d23f37) Importer(815301076,1909f56bfc062723c751e8b465ee728b)
Start importing Assets/Assets_DevilsWorkShop/Low_Poly_Pixel_2D_Blocks_DevilsWorkShop_v04/Prefabs/assets_pixel_16x16/isometric_pixel_0015.prefab using Guid(f25b48b95be83cf4dbc438fe88d23f37) Importer(815301076,1909f56bfc062723c751e8b465ee728b) (PreviewImporter) -> (artifact id: '5e08f800c70ad58dafc3fab1f0e3a604') in 0.0299728 seconds
Number of updated asset objects reloaded before import = 0Number of asset objects unloaded after import = 7

========================================================================
Received Import Request.
  Time since last request: 0.000059 seconds.
  path: Assets/Assets_DevilsWorkShop/Low_Poly_Pixel_2D_Blocks_DevilsWorkShop_v04/Prefabs/assets_pixel_16x16/isometric_pixel_0017.prefab
  artifactKey: Guid(efc92b598233525479caf66e4f36f0e4) Importer(815301076,1909f56bfc062723c751e8b465ee728b)
Start importing Assets/Assets_DevilsWorkShop/Low_Poly_Pixel_2D_Blocks_DevilsWorkShop_v04/Prefabs/assets_pixel_16x16/isometric_pixel_0017.prefab using Guid(efc92b598233525479caf66e4f36f0e4) Importer(815301076,1909f56bfc062723c751e8b465ee728b) (PreviewImporter) -> (artifact id: '3677e9f4ac68f685e650ba615d8201d8') in 0.0291389 seconds
Number of updated asset objects reloaded before import = 0Number of asset objects unloaded after import = 7

========================================================================
Received Import Request.
  Time since last request: 0.000044 seconds.
  path: Assets/Assets_DevilsWorkShop/Low_Poly_Pixel_2D_Blocks_DevilsWorkShop_v04/Prefabs/assets_pixel_16x16/isometric_pixel_0013.prefab
  artifactKey: Guid(de63c100df024b9468c903a3f9755bc0) Importer(815301076,1909f56bfc062723c751e8b465ee728b)
Start importing Assets/Assets_DevilsWorkShop/Low_Poly_Pixel_2D_Blocks_DevilsWorkShop_v04/Prefabs/assets_pixel_16x16/isometric_pixel_0013.prefab using Guid(de63c100df024b9468c903a3f9755bc0) Importer(815301076,1909f56bfc062723c751e8b465ee728b) (PreviewImporter) -> (artifact id: '5511defe71e1affb97b4e0221becce6d') in 0.0282719 seconds
Number of updated asset objects reloaded before import = 0Number of asset objects unloaded after import = 7

========================================================================
Received Import Request.
  Time since last request: 15.728293 seconds.
  path: Assets/Assets_DevilsWorkShop/Low_Poly_Pixel_2D_Blocks_DevilsWorkShop_v04/Textures/assets_pixel_16x16/isometric_pixel_0001.png
  artifactKey: Guid(0a6c90eb9a018374fa69e579a13a9172) Importer(815301076,1909f56bfc062723c751e8b465ee728b)
Start importing Assets/Assets_DevilsWorkShop/Low_Poly_Pixel_2D_Blocks_DevilsWorkShop_v04/Textures/assets_pixel_16x16/isometric_pixel_0001.png using Guid(0a6c90eb9a018374fa69e579a13a9172) Importer(815301076,1909f56bfc062723c751e8b465ee728b) (PreviewImporter) -> (artifact id: 'cb537c2202e869ead81a268ad4fad0cb') in 0.0804476 seconds
Number of updated asset objects reloaded before import = 0Number of asset objects unloaded after import = 3

========================================================================
Received Import Request.
  Time since last request: 0.000029 seconds.
  path: Assets/Assets_DevilsWorkShop/Low_Poly_Pixel_2D_Blocks_DevilsWorkShop_v04/Textures/assets_pixel_16x16/isometric_pixel_0029.png
  artifactKey: Guid(e920a2b174fbb664680b22a301f5475b) Importer(815301076,1909f56bfc062723c751e8b465ee728b)
Start importing Assets/Assets_DevilsWorkShop/Low_Poly_Pixel_2D_Blocks_DevilsWorkShop_v04/Textures/assets_pixel_16x16/isometric_pixel_0029.png using Guid(e920a2b174fbb664680b22a301f5475b) Importer(815301076,1909f56bfc062723c751e8b465ee728b) (PreviewImporter) -> (artifact id: '8128a5c420a22bc51449f3bffd49acfe') in 0.0217822 seconds
Number of updated asset objects reloaded before import = 0Number of asset objects unloaded after import = 3

========================================================================
Received Import Request.
  Time since last request: 0.000023 seconds.
  path: Assets/Assets_DevilsWorkShop/Low_Poly_Pixel_2D_Blocks_DevilsWorkShop_v04/Textures/assets_pixel_16x16/isometric_pixel_0045.png
  artifactKey: Guid(03583526ddbc5db4a98bab6c0b2bd088) Importer(815301076,1909f56bfc062723c751e8b465ee728b)
Start importing Assets/Assets_DevilsWorkShop/Low_Poly_Pixel_2D_Blocks_DevilsWorkShop_v04/Textures/assets_pixel_16x16/isometric_pixel_0045.png using Guid(03583526ddbc5db4a98bab6c0b2bd088) Importer(815301076,1909f56bfc062723c751e8b465ee728b) (PreviewImporter) -> (artifact id: '600df66656f3e7ef203cefe51b12d8c3') in 0.0241667 seconds
Number of updated asset objects reloaded before import = 0Number of asset objects unloaded after import = 3

========================================================================
Received Import Request.
  Time since last request: 0.000033 seconds.
  path: Assets/Assets_DevilsWorkShop/Low_Poly_Pixel_2D_Blocks_DevilsWorkShop_v04/Textures/assets_pixel_16x16/isometric_pixel_0006.png
  artifactKey: Guid(2ed9084ecb2433c45b0cdec6fc04c1b1) Importer(815301076,1909f56bfc062723c751e8b465ee728b)
Start importing Assets/Assets_DevilsWorkShop/Low_Poly_Pixel_2D_Blocks_DevilsWorkShop_v04/Textures/assets_pixel_16x16/isometric_pixel_0006.png using Guid(2ed9084ecb2433c45b0cdec6fc04c1b1) Importer(815301076,1909f56bfc062723c751e8b465ee728b) (PreviewImporter) -> (artifact id: 'b5c5f3f65e619714c16acd1240033b28') in 0.0203479 seconds
Number of updated asset objects reloaded before import = 0Number of asset objects unloaded after import = 3

========================================================================
Received Import Request.
  Time since last request: 0.000045 seconds.
  path: Assets/Assets_DevilsWorkShop/Low_Poly_Pixel_2D_Blocks_DevilsWorkShop_v04/Textures/assets_pixel_16x16/isometric_pixel_0014.png
  artifactKey: Guid(64a02417656ae8d46a7e73c7b543ade8) Importer(815301076,1909f56bfc062723c751e8b465ee728b)
Start importing Assets/Assets_DevilsWorkShop/Low_Poly_Pixel_2D_Blocks_DevilsWorkShop_v04/Textures/assets_pixel_16x16/isometric_pixel_0014.png using Guid(64a02417656ae8d46a7e73c7b543ade8) Importer(815301076,1909f56bfc062723c751e8b465ee728b) (PreviewImporter) -> (artifact id: 'b551830b26c7e939d3ed1a323643fa33') in 0.0195172 seconds
Number of updated asset objects reloaded before import = 0Number of asset objects unloaded after import = 3

========================================================================
Received Import Request.
  Time since last request: 0.000022 seconds.
  path: Assets/Assets_DevilsWorkShop/Low_Poly_Pixel_2D_Blocks_DevilsWorkShop_v04/Textures/assets_pixel_16x16/isometric_pixel_0009.png
  artifactKey: Guid(05a0222b243146e44b8c029f15778b2d) Importer(815301076,1909f56bfc062723c751e8b465ee728b)
Start importing Assets/Assets_DevilsWorkShop/Low_Poly_Pixel_2D_Blocks_DevilsWorkShop_v04/Textures/assets_pixel_16x16/isometric_pixel_0009.png using Guid(05a0222b243146e44b8c029f15778b2d) Importer(815301076,1909f56bfc062723c751e8b465ee728b) (PreviewImporter) -> (artifact id: 'f9f852e6941842093d8ec08a64db58eb') in 0.0194844 seconds
Number of updated asset objects reloaded before import = 0Number of asset objects unloaded after import = 3

========================================================================
Received Import Request.
  Time since last request: 0.000027 seconds.
  path: Assets/Assets_DevilsWorkShop/Low_Poly_Pixel_2D_Blocks_DevilsWorkShop_v04/Textures/assets_pixel_16x16/isometric_pixel_0039.png
  artifactKey: Guid(ddfb4e81d49d83e4e9ca3464817ac98d) Importer(815301076,1909f56bfc062723c751e8b465ee728b)
Start importing Assets/Assets_DevilsWorkShop/Low_Poly_Pixel_2D_Blocks_DevilsWorkShop_v04/Textures/assets_pixel_16x16/isometric_pixel_0039.png using Guid(ddfb4e81d49d83e4e9ca3464817ac98d) Importer(815301076,1909f56bfc062723c751e8b465ee728b) (PreviewImporter) -> (artifact id: 'f6794ac579eb16760f562e8b604b8015') in 0.0215347 seconds
Number of updated asset objects reloaded before import = 0Number of asset objects unloaded after import = 3

========================================================================
Received Import Request.
  Time since last request: 0.000028 seconds.
  path: Assets/Assets_DevilsWorkShop/Low_Poly_Pixel_2D_Blocks_DevilsWorkShop_v04/Textures/assets_pixel_16x16/isometric_pixel_0028.png
  artifactKey: Guid(0667b96d6fe4a1c4e8b9bc9d40818ca5) Importer(815301076,1909f56bfc062723c751e8b465ee728b)
Start importing Assets/Assets_DevilsWorkShop/Low_Poly_Pixel_2D_Blocks_DevilsWorkShop_v04/Textures/assets_pixel_16x16/isometric_pixel_0028.png using Guid(0667b96d6fe4a1c4e8b9bc9d40818ca5) Importer(815301076,1909f56bfc062723c751e8b465ee728b) (PreviewImporter) -> (artifact id: 'cf672e9dd0f27aee5b5ab80b28da2271') in 0.0210771 seconds
Number of updated asset objects reloaded before import = 0Number of asset objects unloaded after import = 3

========================================================================
Received Import Request.
  Time since last request: 0.000034 seconds.
  path: Assets/Assets_DevilsWorkShop/Low_Poly_Pixel_2D_Blocks_DevilsWorkShop_v04/Textures/assets_pixel_16x16/isometric_pixel_0043.png
  artifactKey: Guid(b6ac6878f044d0f448a521a43bd5f103) Importer(815301076,1909f56bfc062723c751e8b465ee728b)
Start importing Assets/Assets_DevilsWorkShop/Low_Poly_Pixel_2D_Blocks_DevilsWorkShop_v04/Textures/assets_pixel_16x16/isometric_pixel_0043.png using Guid(b6ac6878f044d0f448a521a43bd5f103) Importer(815301076,1909f56bfc062723c751e8b465ee728b) (PreviewImporter) -> (artifact id: 'bfabe91d25abd75fd9c71ce4322829bd') in 0.0235902 seconds
Number of updated asset objects reloaded before import = 0Number of asset objects unloaded after import = 3

========================================================================
Received Import Request.
  Time since last request: 0.000082 seconds.
  path: Assets/Assets_DevilsWorkShop/Low_Poly_Pixel_2D_Blocks_DevilsWorkShop_v04/Textures/assets_pixel_16x16/isometric_pixel_0044.png
  artifactKey: Guid(8f3d165f56bf19e4dad4c2a6ade9b575) Importer(815301076,1909f56bfc062723c751e8b465ee728b)
Start importing Assets/Assets_DevilsWorkShop/Low_Poly_Pixel_2D_Blocks_DevilsWorkShop_v04/Textures/assets_pixel_16x16/isometric_pixel_0044.png using Guid(8f3d165f56bf19e4dad4c2a6ade9b575) Importer(815301076,1909f56bfc062723c751e8b465ee728b) (PreviewImporter) -> (artifact id: '440d202aae8e4cf750b73e14b689f4c1') in 0.023799 seconds
Number of updated asset objects reloaded before import = 0Number of asset objects unloaded after import = 3

========================================================================
Received Import Request.
  Time since last request: 0.000023 seconds.
  path: Assets/Assets_DevilsWorkShop/Low_Poly_Pixel_2D_Blocks_DevilsWorkShop_v04/Textures/assets_pixel_16x16/isometric_pixel_0018.png
  artifactKey: Guid(b5371d2fbb9d3594c8098c9b17d2c3d6) Importer(815301076,1909f56bfc062723c751e8b465ee728b)
Start importing Assets/Assets_DevilsWorkShop/Low_Poly_Pixel_2D_Blocks_DevilsWorkShop_v04/Textures/assets_pixel_16x16/isometric_pixel_0018.png using Guid(b5371d2fbb9d3594c8098c9b17d2c3d6) Importer(815301076,1909f56bfc062723c751e8b465ee728b) (PreviewImporter) -> (artifact id: '7521c4705992d504d5c3a8bfc02069f5') in 0.0219071 seconds
Number of updated asset objects reloaded before import = 0Number of asset objects unloaded after import = 3

========================================================================
Received Import Request.
  Time since last request: 0.000024 seconds.
  path: Assets/Assets_DevilsWorkShop/Low_Poly_Pixel_2D_Blocks_DevilsWorkShop_v04/Textures/assets_pixel_16x16/isometric_pixel_0038.png
  artifactKey: Guid(484057ea43577ed4f9ac0c1626e5088c) Importer(815301076,1909f56bfc062723c751e8b465ee728b)
Start importing Assets/Assets_DevilsWorkShop/Low_Poly_Pixel_2D_Blocks_DevilsWorkShop_v04/Textures/assets_pixel_16x16/isometric_pixel_0038.png using Guid(484057ea43577ed4f9ac0c1626e5088c) Importer(815301076,1909f56bfc062723c751e8b465ee728b) (PreviewImporter) -> (artifact id: 'ec22a9fb0eec698b98dbbf05877ff9c8') in 0.0246827 seconds
Number of updated asset objects reloaded before import = 0Number of asset objects unloaded after import = 3

========================================================================
Received Import Request.
  Time since last request: 0.000047 seconds.
  path: Assets/Assets_DevilsWorkShop/Low_Poly_Pixel_2D_Blocks_DevilsWorkShop_v04/Textures/assets_pixel_16x16/isometric_pixel_0033.png
  artifactKey: Guid(5bb34b3c69c9f624fa887955aa679dd6) Importer(815301076,1909f56bfc062723c751e8b465ee728b)
Start importing Assets/Assets_DevilsWorkShop/Low_Poly_Pixel_2D_Blocks_DevilsWorkShop_v04/Textures/assets_pixel_16x16/isometric_pixel_0033.png using Guid(5bb34b3c69c9f624fa887955aa679dd6) Importer(815301076,1909f56bfc062723c751e8b465ee728b) (PreviewImporter) -> (artifact id: 'a07c2a1721ec41d2c1e3e76cfe7aae81') in 0.0232884 seconds
Number of updated asset objects reloaded before import = 0Number of asset objects unloaded after import = 3

========================================================================
Received Import Request.
  Time since last request: 0.000031 seconds.
  path: Assets/Assets_DevilsWorkShop/Low_Poly_Pixel_2D_Blocks_DevilsWorkShop_v04/Textures/assets_pixel_16x16/isometric_pixel_0019.png
  artifactKey: Guid(1ccd5aef48e582e43a6f4eb43aca7d34) Importer(815301076,1909f56bfc062723c751e8b465ee728b)
Start importing Assets/Assets_DevilsWorkShop/Low_Poly_Pixel_2D_Blocks_DevilsWorkShop_v04/Textures/assets_pixel_16x16/isometric_pixel_0019.png using Guid(1ccd5aef48e582e43a6f4eb43aca7d34) Importer(815301076,1909f56bfc062723c751e8b465ee728b) (PreviewImporter) -> (artifact id: '7b89c6df54e658981dc1831bb8afcd86') in 0.022036 seconds
Number of updated asset objects reloaded before import = 0Number of asset objects unloaded after import = 3

Editor requested this worker to shutdown with reason: Scaling down because of idle timeout
AssetImportWorker is now disconnected from the server
Process exiting
Exiting without the bug reporter. Application will terminate with return code 0