Using pre-set license
Built from '6000.0/staging' branch; Version is '6000.0.27f1 (27c554a2199c) revision 2606420'; Using compiler version '193933523'; Build Type 'Release'
OS: 'Windows 11  (10.0.22631) 64bit Core' Language: 'fr' Physical Memory: 16005 MB
BatchMode: 1, IsHumanControllingUs: 0, StartBugReporterOnCrash: 0, Is64bit: 1, IsPro: 1

COMMAND LINE ARGUMENTS:
C:\Program Files\Unity\Hub\Editor\6000.0.27f1\Editor\Unity.exe
-adb2
-batchMode
-noUpm
-name
AssetImportWorker7
-projectPath
C:/Users/asus/Mygame
-logFile
Logs/AssetImportWorker7.log
-srvPort
62672
-job-worker-count
7
-background-job-worker-count
8
-asset-garbage-collectors
1
Successfully changed project path to: C:/Users/asus/Mygame
C:/Users/asus/Mygame
[UnityMemory] Configuration Parameters - Can be set up in boot.config
    "memorysetup-bucket-allocator-granularity=16"
    "memorysetup-bucket-allocator-bucket-count=8"
    "memorysetup-bucket-allocator-block-size=33554432"
    "memorysetup-bucket-allocator-block-count=8"
    "memorysetup-main-allocator-block-size=16777216"
    "memorysetup-thread-allocator-block-size=16777216"
    "memorysetup-gfx-main-allocator-block-size=16777216"
    "memorysetup-gfx-thread-allocator-block-size=16777216"
    "memorysetup-cache-allocator-block-size=4194304"
    "memorysetup-typetree-allocator-block-size=2097152"
    "memorysetup-profiler-bucket-allocator-granularity=16"
    "memorysetup-profiler-bucket-allocator-bucket-count=8"
    "memorysetup-profiler-bucket-allocator-block-size=33554432"
    "memorysetup-profiler-bucket-allocator-block-count=8"
    "memorysetup-profiler-allocator-block-size=16777216"
    "memorysetup-profiler-editor-allocator-block-size=1048576"
    "memorysetup-temp-allocator-size-main=16777216"
    "memorysetup-job-temp-allocator-block-size=2097152"
    "memorysetup-job-temp-allocator-block-size-background=1048576"
    "memorysetup-job-temp-allocator-reduction-small-platforms=262144"
    "memorysetup-allocator-temp-initial-block-size-main=262144"
    "memorysetup-allocator-temp-initial-block-size-worker=262144"
    "memorysetup-temp-allocator-size-background-worker=32768"
    "memorysetup-temp-allocator-size-job-worker=262144"
    "memorysetup-temp-allocator-size-preload-manager=33554432"
    "memorysetup-temp-allocator-size-nav-mesh-worker=65536"
    "memorysetup-temp-allocator-size-audio-worker=65536"
    "memorysetup-temp-allocator-size-cloud-worker=32768"
    "memorysetup-temp-allocator-size-gi-baking-worker=262144"
    "memorysetup-temp-allocator-size-gi-baking-worker=262144"
    "memorysetup-temp-allocator-size-gi-baking-worker=262144"
    "memorysetup-temp-allocator-size-gi-baking-worker=262144"
    "memorysetup-temp-allocator-size-gi-baking-worker=262144"
    "memorysetup-temp-allocator-size-gfx=262144"
Player connection [2248]  Target information:

Player connection [2248]  * "[IP] 172.17.160.1 [Port] 0 [Flags] 2 [Guid] 415815459 [EditorId] 415815459 [Version] 1048832 [Id] WindowsEditor(7,LAPTOP-8R8JG1AL) [Debug] 1 [PackageName] WindowsEditor [ProjectName] Editor" 

Player connection [2248]  * "[IP] 192.168.56.1 [Port] 0 [Flags] 2 [Guid] 415815459 [EditorId] 415815459 [Version] 1048832 [Id] WindowsEditor(7,LAPTOP-8R8JG1AL) [Debug] 1 [PackageName] WindowsEditor [ProjectName] Editor" 

Player connection [2248]  * "[IP] 192.168.1.193 [Port] 0 [Flags] 2 [Guid] 415815459 [EditorId] 415815459 [Version] 1048832 [Id] WindowsEditor(7,LAPTOP-8R8JG1AL) [Debug] 1 [PackageName] WindowsEditor [ProjectName] Editor" 

Player connection [2248] Host joined multi-casting on [225.0.0.222:54997]...
Player connection [2248] Host joined alternative multi-casting on [225.0.0.222:34997]...
JobSystem: Creating JobQueue using job-worker-count value 7
[Physics::Module] Initialized fallback backend.
[Physics::Module] Id: 0xdecafbad
Library Redirect Path: Library/
[Physics::Module] Selected backend.
[Physics::Module] Name: PhysX
[Physics::Module] Id: 0xf2b8ea05
[Physics::Module] SDK Version: 4.1.2
[Physics::Module] Integration Version: 1.0.0
[Physics::Module] Threading Mode: Multi-Threaded
Refreshing native plugins compatible for Editor in 3.83 ms, found 4 plugins.
Preloading 0 native plugins for Editor in 0.00 ms.
Initialize engine version: 6000.0.27f1 (27c554a2199c)
[Subsystems] Discovering subsystems at path C:/Program Files/Unity/Hub/Editor/6000.0.27f1/Editor/Data/Resources/UnitySubsystems
[Subsystems] Discovering subsystems at path C:/Users/asus/Mygame/Assets
GfxDevice: creating device client; kGfxThreadingModeNonThreaded
Direct3D:
    Version:  Direct3D 11.0 [level 11.1]
    Renderer: NVIDIA GeForce RTX 3060 Laptop GPU (ID=0x2520)
    Vendor:   NVIDIA
    VRAM:     6010 MB
    Driver:   31.0.15.4680
Initialize mono
Mono path[0] = 'C:/Program Files/Unity/Hub/Editor/6000.0.27f1/Editor/Data/Managed'
Mono path[1] = 'C:/Program Files/Unity/Hub/Editor/6000.0.27f1/Editor/Data/MonoBleedingEdge/lib/mono/unityjit-win32'
Mono config path = 'C:/Program Files/Unity/Hub/Editor/6000.0.27f1/Editor/Data/MonoBleedingEdge/etc'
Using monoOptions --debugger-agent=transport=dt_socket,embedding=1,server=y,suspend=n,address=127.0.0.1:56032
Begin MonoManager ReloadAssembly
Registering precompiled unity dll's ...
Register platform support module: C:/Program Files/Unity/Hub/Editor/6000.0.27f1/Editor/Data/PlaybackEngines/WebGLSupport/UnityEditor.WebGL.Extensions.dll
Register platform support module: C:/Program Files/Unity/Hub/Editor/6000.0.27f1/Editor/Data/PlaybackEngines/WindowsStandaloneSupport/UnityEditor.WindowsStandalone.Extensions.dll
Registered in 0.007749 seconds.
- Loaded All Assemblies, in  0.760 seconds
Native extension for WindowsStandalone target not found
Native extension for WebGL target not found
Mono: successfully reloaded assembly
- Finished resetting the current domain, in  0.567 seconds
Domain Reload Profiling: 1324ms
	BeginReloadAssembly (336ms)
		ExecutionOrderSort (0ms)
		DisableScriptedObjects (0ms)
		BackupInstance (0ms)
		ReleaseScriptingObjects (0ms)
		CreateAndSetChildDomain (1ms)
	RebuildCommonClasses (49ms)
	RebuildNativeTypeToScriptingClass (16ms)
	initialDomainReloadingComplete (74ms)
	LoadAllAssembliesAndSetupDomain (281ms)
		LoadAssemblies (329ms)
		RebuildTransferFunctionScriptingTraits (0ms)
		AnalyzeDomain (277ms)
			TypeCache.Refresh (275ms)
				TypeCache.ScanAssembly (251ms)
			BuildScriptInfoCaches (0ms)
			ResolveRequiredComponents (1ms)
	FinalizeReload (568ms)
		ReleaseScriptCaches (0ms)
		RebuildScriptCaches (0ms)
		SetupLoadedEditorAssemblies (504ms)
			LogAssemblyErrors (0ms)
			InitializePlatformSupportModulesInManaged (34ms)
			SetLoadedEditorAssemblies (7ms)
			BeforeProcessingInitializeOnLoad (12ms)
			ProcessInitializeOnLoadAttributes (354ms)
			ProcessInitializeOnLoadMethodAttributes (93ms)
			AfterProcessingInitializeOnLoad (4ms)
			EditorAssembliesLoaded (0ms)
		ExecutionOrderSort2 (0ms)
		AwakeInstancesAfterBackupRestoration (0ms)
========================================================================
Worker process is ready to serve import requests
Import Worker Mode flag is 0x00
Begin MonoManager ReloadAssembly
- Loaded All Assemblies, in  1.933 seconds
Refreshing native plugins compatible for Editor in 3.66 ms, found 4 plugins.
Native extension for WindowsStandalone target not found
Native extension for WebGL target not found
Mono: successfully reloaded assembly
- Finished resetting the current domain, in  1.575 seconds
Domain Reload Profiling: 3502ms
	BeginReloadAssembly (770ms)
		ExecutionOrderSort (0ms)
		DisableScriptedObjects (8ms)
		BackupInstance (0ms)
		ReleaseScriptingObjects (0ms)
		CreateAndSetChildDomain (51ms)
	RebuildCommonClasses (69ms)
	RebuildNativeTypeToScriptingClass (23ms)
	initialDomainReloadingComplete (79ms)
	LoadAllAssembliesAndSetupDomain (983ms)
		LoadAssemblies (703ms)
		RebuildTransferFunctionScriptingTraits (0ms)
		AnalyzeDomain (457ms)
			TypeCache.Refresh (334ms)
				TypeCache.ScanAssembly (304ms)
			BuildScriptInfoCaches (112ms)
			ResolveRequiredComponents (8ms)
	FinalizeReload (1576ms)
		ReleaseScriptCaches (0ms)
		RebuildScriptCaches (0ms)
		SetupLoadedEditorAssemblies (1073ms)
			LogAssemblyErrors (0ms)
			InitializePlatformSupportModulesInManaged (7ms)
			SetLoadedEditorAssemblies (10ms)
			BeforeProcessingInitializeOnLoad (109ms)
			ProcessInitializeOnLoadAttributes (856ms)
			ProcessInitializeOnLoadMethodAttributes (76ms)
			AfterProcessingInitializeOnLoad (15ms)
			EditorAssembliesLoaded (0ms)
		ExecutionOrderSort2 (0ms)
		AwakeInstancesAfterBackupRestoration (14ms)
Launched and connected shader compiler UnityShaderCompiler.exe after 0.05 seconds
Refreshing native plugins compatible for Editor in 3.14 ms, found 4 plugins.
Preloading 0 native plugins for Editor in 0.00 ms.
Unloading 15 Unused Serialized files (Serialized files now loaded: 0)
Unloading 4694 unused Assets / (1.6 MB). Loaded Objects now: 5282.
Memory consumption went from 118.7 MB to 117.1 MB.
Total: 16.796700 ms (FindLiveObjects: 0.787600 ms CreateObjectMapping: 0.622400 ms MarkObjects: 12.392500 ms  DeleteObjects: 2.988400 ms)

========================================================================
Received Import Request.
  Time since last request: 1139973.516057 seconds.
  path: Assets/Assets_DevilsWorkShop/Low_Poly_Pixel_2D_Blocks_DevilsWorkShop_v04/Textures/assets_angled_36x50/isometric_pixel_flat_0003.png
  artifactKey: Guid(64d39b3db57084348b55812ab4ed6100) Importer(815301076,1909f56bfc062723c751e8b465ee728b)
Start importing Assets/Assets_DevilsWorkShop/Low_Poly_Pixel_2D_Blocks_DevilsWorkShop_v04/Textures/assets_angled_36x50/isometric_pixel_flat_0003.png using Guid(64d39b3db57084348b55812ab4ed6100) Importer(815301076,1909f56bfc062723c751e8b465ee728b) (PreviewImporter) -> (artifact id: '3aa0f57db505e24d12f38db06acab561') in 0.1738449 seconds
Number of updated asset objects reloaded before import = 0Number of asset objects unloaded after import = 3

========================================================================
Received Import Request.
  Time since last request: 0.000035 seconds.
  path: Assets/Assets_DevilsWorkShop/Low_Poly_Pixel_2D_Blocks_DevilsWorkShop_v04/Textures/assets_angled_36x50/isometric_pixel_flat_0048.png
  artifactKey: Guid(1fdeeebf58abcc8419ff9f805e4b8122) Importer(815301076,1909f56bfc062723c751e8b465ee728b)
Start importing Assets/Assets_DevilsWorkShop/Low_Poly_Pixel_2D_Blocks_DevilsWorkShop_v04/Textures/assets_angled_36x50/isometric_pixel_flat_0048.png using Guid(1fdeeebf58abcc8419ff9f805e4b8122) Importer(815301076,1909f56bfc062723c751e8b465ee728b) (PreviewImporter) -> (artifact id: 'cb4737cee8f3f2cee7e6cfd02b2c7947') in 0.0226155 seconds
Number of updated asset objects reloaded before import = 0Number of asset objects unloaded after import = 3

========================================================================
Received Import Request.
  Time since last request: 0.000033 seconds.
  path: Assets/Assets_DevilsWorkShop/Low_Poly_Pixel_2D_Blocks_DevilsWorkShop_v04/Textures/assets_angled_36x50/isometric_pixel_flat_0033.png
  artifactKey: Guid(463d51d471a47ce4e939dea6eec976fa) Importer(815301076,1909f56bfc062723c751e8b465ee728b)
Start importing Assets/Assets_DevilsWorkShop/Low_Poly_Pixel_2D_Blocks_DevilsWorkShop_v04/Textures/assets_angled_36x50/isometric_pixel_flat_0033.png using Guid(463d51d471a47ce4e939dea6eec976fa) Importer(815301076,1909f56bfc062723c751e8b465ee728b) (PreviewImporter) -> (artifact id: 'f03b1fde59a28b2f2396f2d12a7e8d03') in 0.0264175 seconds
Number of updated asset objects reloaded before import = 0Number of asset objects unloaded after import = 3

========================================================================
Received Import Request.
  Time since last request: 0.000028 seconds.
  path: Assets/Assets_DevilsWorkShop/Low_Poly_Pixel_2D_Blocks_DevilsWorkShop_v04/Textures/assets_angled_36x50/isometric_pixel_flat_0046.png
  artifactKey: Guid(d432f548026a48940b328bb1f766e3ec) Importer(815301076,1909f56bfc062723c751e8b465ee728b)
Start importing Assets/Assets_DevilsWorkShop/Low_Poly_Pixel_2D_Blocks_DevilsWorkShop_v04/Textures/assets_angled_36x50/isometric_pixel_flat_0046.png using Guid(d432f548026a48940b328bb1f766e3ec) Importer(815301076,1909f56bfc062723c751e8b465ee728b) (PreviewImporter) -> (artifact id: '0a19dca25c22947b98154c8310be5bc3') in 0.0264684 seconds
Number of updated asset objects reloaded before import = 0Number of asset objects unloaded after import = 3

========================================================================
Received Import Request.
  Time since last request: 0.000022 seconds.
  path: Assets/Assets_DevilsWorkShop/Low_Poly_Pixel_2D_Blocks_DevilsWorkShop_v04/Textures/assets_angled_36x50/isometric_pixel_flat_0042.png
  artifactKey: Guid(d0ae185f1c4494c49a6e5d67afd6840e) Importer(815301076,1909f56bfc062723c751e8b465ee728b)
Start importing Assets/Assets_DevilsWorkShop/Low_Poly_Pixel_2D_Blocks_DevilsWorkShop_v04/Textures/assets_angled_36x50/isometric_pixel_flat_0042.png using Guid(d0ae185f1c4494c49a6e5d67afd6840e) Importer(815301076,1909f56bfc062723c751e8b465ee728b) (PreviewImporter) -> (artifact id: '8286b34a80a4c2e66e08f94157c81751') in 0.0228071 seconds
Number of updated asset objects reloaded before import = 0Number of asset objects unloaded after import = 3

========================================================================
Received Import Request.
  Time since last request: 0.000024 seconds.
  path: Assets/Assets_DevilsWorkShop/Low_Poly_Pixel_2D_Blocks_DevilsWorkShop_v04/Textures/assets_angled_36x50/isometric_pixel_flat_0008.png
  artifactKey: Guid(5f0e7f9d12b898c4fa959fd34b4707c4) Importer(815301076,1909f56bfc062723c751e8b465ee728b)
Start importing Assets/Assets_DevilsWorkShop/Low_Poly_Pixel_2D_Blocks_DevilsWorkShop_v04/Textures/assets_angled_36x50/isometric_pixel_flat_0008.png using Guid(5f0e7f9d12b898c4fa959fd34b4707c4) Importer(815301076,1909f56bfc062723c751e8b465ee728b) (PreviewImporter) -> (artifact id: '43e5c7f8f90b17d38bcf1f06ce438bb6') in 0.0210407 seconds
Number of updated asset objects reloaded before import = 0Number of asset objects unloaded after import = 3

========================================================================
Received Import Request.
  Time since last request: 0.000025 seconds.
  path: Assets/Assets_DevilsWorkShop/Low_Poly_Pixel_2D_Blocks_DevilsWorkShop_v04/Textures/assets_angled_36x50/isometric_pixel_flat_0030.png
  artifactKey: Guid(0b2c9e2f8ffd4824c902b2a2cf577c3d) Importer(815301076,1909f56bfc062723c751e8b465ee728b)
Start importing Assets/Assets_DevilsWorkShop/Low_Poly_Pixel_2D_Blocks_DevilsWorkShop_v04/Textures/assets_angled_36x50/isometric_pixel_flat_0030.png using Guid(0b2c9e2f8ffd4824c902b2a2cf577c3d) Importer(815301076,1909f56bfc062723c751e8b465ee728b) (PreviewImporter) -> (artifact id: 'd7a5de791653323249272cbe4f312998') in 0.0231482 seconds
Number of updated asset objects reloaded before import = 0Number of asset objects unloaded after import = 3

========================================================================
Received Import Request.
  Time since last request: 0.000027 seconds.
  path: Assets/Assets_DevilsWorkShop/Low_Poly_Pixel_2D_Blocks_DevilsWorkShop_v04/Textures/assets_angled_36x50/isometric_pixel_flat_0012.png
  artifactKey: Guid(424f2d9564dfce648b9a275c1e472394) Importer(815301076,1909f56bfc062723c751e8b465ee728b)
Start importing Assets/Assets_DevilsWorkShop/Low_Poly_Pixel_2D_Blocks_DevilsWorkShop_v04/Textures/assets_angled_36x50/isometric_pixel_flat_0012.png using Guid(424f2d9564dfce648b9a275c1e472394) Importer(815301076,1909f56bfc062723c751e8b465ee728b) (PreviewImporter) -> (artifact id: '1d3981628fc89f64068a9d619e4749fe') in 0.0172115 seconds
Number of updated asset objects reloaded before import = 0Number of asset objects unloaded after import = 3

========================================================================
Received Import Request.
  Time since last request: 0.000043 seconds.
  path: Assets/Assets_DevilsWorkShop/Low_Poly_Pixel_2D_Blocks_DevilsWorkShop_v04/Textures/assets_angled_36x50/isometric_pixel_flat_0019.png
  artifactKey: Guid(5ceac4f005bfc854ba9445a0bd710885) Importer(815301076,1909f56bfc062723c751e8b465ee728b)
Start importing Assets/Assets_DevilsWorkShop/Low_Poly_Pixel_2D_Blocks_DevilsWorkShop_v04/Textures/assets_angled_36x50/isometric_pixel_flat_0019.png using Guid(5ceac4f005bfc854ba9445a0bd710885) Importer(815301076,1909f56bfc062723c751e8b465ee728b) (PreviewImporter) -> (artifact id: 'f63c5ffbea3f8a2c292b48c86dccbf26') in 0.0183975 seconds
Number of updated asset objects reloaded before import = 0Number of asset objects unloaded after import = 3

========================================================================
Received Import Request.
  Time since last request: 281.608863 seconds.
  path: Assets/Assets_DevilsWorkShop/Low_Poly_Pixel_2D_Blocks_DevilsWorkShop_v04/Prefabs/assets_angled_pixel_16x16/isometric_angled_pixel_0099.prefab
  artifactKey: Guid(e3760f7c4a193f84a9aa21b6d66108bd) Importer(815301076,1909f56bfc062723c751e8b465ee728b)
Start importing Assets/Assets_DevilsWorkShop/Low_Poly_Pixel_2D_Blocks_DevilsWorkShop_v04/Prefabs/assets_angled_pixel_16x16/isometric_angled_pixel_0099.prefab using Guid(e3760f7c4a193f84a9aa21b6d66108bd) Importer(815301076,1909f56bfc062723c751e8b465ee728b) (PreviewImporter) -> (artifact id: 'c0ad68d19a0a312d4e5e6184d72490eb') in 0.0886866 seconds
Number of updated asset objects reloaded before import = 0Number of asset objects unloaded after import = 7

========================================================================
Received Import Request.
  Time since last request: 0.000036 seconds.
  path: Assets/Assets_DevilsWorkShop/Low_Poly_Pixel_2D_Blocks_DevilsWorkShop_v04/Prefabs/assets_angled_pixel_16x16/isometric_angled_pixel_0109.prefab
  artifactKey: Guid(d0291b48dcb653747a3c174a84268a2a) Importer(815301076,1909f56bfc062723c751e8b465ee728b)
Start importing Assets/Assets_DevilsWorkShop/Low_Poly_Pixel_2D_Blocks_DevilsWorkShop_v04/Prefabs/assets_angled_pixel_16x16/isometric_angled_pixel_0109.prefab using Guid(d0291b48dcb653747a3c174a84268a2a) Importer(815301076,1909f56bfc062723c751e8b465ee728b) (PreviewImporter) -> (artifact id: '57b96295f02a5d9082c56d3825e4fb38') in 0.0266643 seconds
Number of updated asset objects reloaded before import = 0Number of asset objects unloaded after import = 7

========================================================================
Received Import Request.
  Time since last request: 0.000042 seconds.
  path: Assets/Assets_DevilsWorkShop/Low_Poly_Pixel_2D_Blocks_DevilsWorkShop_v04/Prefabs/assets_angled_pixel_16x16/isometric_angled_pixel_0100.prefab
  artifactKey: Guid(00ccd6197d0e4ba4d8ae6c7f0c39b141) Importer(815301076,1909f56bfc062723c751e8b465ee728b)
Start importing Assets/Assets_DevilsWorkShop/Low_Poly_Pixel_2D_Blocks_DevilsWorkShop_v04/Prefabs/assets_angled_pixel_16x16/isometric_angled_pixel_0100.prefab using Guid(00ccd6197d0e4ba4d8ae6c7f0c39b141) Importer(815301076,1909f56bfc062723c751e8b465ee728b) (PreviewImporter) -> (artifact id: '5c0af40d1b83faf1fa99217378380b17') in 0.0224926 seconds
Number of updated asset objects reloaded before import = 0Number of asset objects unloaded after import = 7

========================================================================
Received Import Request.
  Time since last request: 0.000028 seconds.
  path: Assets/Assets_DevilsWorkShop/Low_Poly_Pixel_2D_Blocks_DevilsWorkShop_v04/Prefabs/assets_angled_pixel_16x16/isometric_angled_pixel_0103.prefab
  artifactKey: Guid(a301e4006503c8d439f2cb4d47b7f477) Importer(815301076,1909f56bfc062723c751e8b465ee728b)
Start importing Assets/Assets_DevilsWorkShop/Low_Poly_Pixel_2D_Blocks_DevilsWorkShop_v04/Prefabs/assets_angled_pixel_16x16/isometric_angled_pixel_0103.prefab using Guid(a301e4006503c8d439f2cb4d47b7f477) Importer(815301076,1909f56bfc062723c751e8b465ee728b) (PreviewImporter) -> (artifact id: '7c24e3d560e24553c2c9a27bbd5abb5d') in 0.0250286 seconds
Number of updated asset objects reloaded before import = 0Number of asset objects unloaded after import = 7

========================================================================
Received Import Request.
  Time since last request: 0.000059 seconds.
  path: Assets/Assets_DevilsWorkShop/Low_Poly_Pixel_2D_Blocks_DevilsWorkShop_v04/Prefabs/assets_angled_pixel_16x16/isometric_angled_pixel_0106.prefab
  artifactKey: Guid(6e5e94c3ec794804ab513a3946cec7ce) Importer(815301076,1909f56bfc062723c751e8b465ee728b)
Start importing Assets/Assets_DevilsWorkShop/Low_Poly_Pixel_2D_Blocks_DevilsWorkShop_v04/Prefabs/assets_angled_pixel_16x16/isometric_angled_pixel_0106.prefab using Guid(6e5e94c3ec794804ab513a3946cec7ce) Importer(815301076,1909f56bfc062723c751e8b465ee728b) (PreviewImporter) -> (artifact id: '65f6524447981f77af4ddc8b01eacbfa') in 0.0206847 seconds
Number of updated asset objects reloaded before import = 0Number of asset objects unloaded after import = 7

========================================================================
Received Import Request.
  Time since last request: 0.000045 seconds.
  path: Assets/Assets_DevilsWorkShop/Low_Poly_Pixel_2D_Blocks_DevilsWorkShop_v04/Prefabs/assets_angled_pixel_16x16/isometric_angled_pixel_0116.prefab
  artifactKey: Guid(cb080db6162761a408e3c0df7c5fd4ea) Importer(815301076,1909f56bfc062723c751e8b465ee728b)
Start importing Assets/Assets_DevilsWorkShop/Low_Poly_Pixel_2D_Blocks_DevilsWorkShop_v04/Prefabs/assets_angled_pixel_16x16/isometric_angled_pixel_0116.prefab using Guid(cb080db6162761a408e3c0df7c5fd4ea) Importer(815301076,1909f56bfc062723c751e8b465ee728b) (PreviewImporter) -> (artifact id: '595bf78c71d3347fb86af6080e0a6845') in 0.0181958 seconds
Number of updated asset objects reloaded before import = 0Number of asset objects unloaded after import = 7

========================================================================
Received Import Request.
  Time since last request: 0.000026 seconds.
  path: Assets/Assets_DevilsWorkShop/Low_Poly_Pixel_2D_Blocks_DevilsWorkShop_v04/Prefabs/assets_angled_pixel_16x16/isometric_angled_pixel_0112.prefab
  artifactKey: Guid(68c2f926b0a750d43a8af0fd7e508e02) Importer(815301076,1909f56bfc062723c751e8b465ee728b)
Start importing Assets/Assets_DevilsWorkShop/Low_Poly_Pixel_2D_Blocks_DevilsWorkShop_v04/Prefabs/assets_angled_pixel_16x16/isometric_angled_pixel_0112.prefab using Guid(68c2f926b0a750d43a8af0fd7e508e02) Importer(815301076,1909f56bfc062723c751e8b465ee728b) (PreviewImporter) -> (artifact id: '5f2a368cef8a970bdbeba81d9978d685') in 0.0191895 seconds
Number of updated asset objects reloaded before import = 0Number of asset objects unloaded after import = 7

========================================================================
Received Import Request.
  Time since last request: 0.000025 seconds.
  path: Assets/Assets_DevilsWorkShop/Low_Poly_Pixel_2D_Blocks_DevilsWorkShop_v04/Prefabs/assets_angled_pixel_16x16/isometric_angled_pixel_0117.prefab
  artifactKey: Guid(db0611b1b4287674f8a7efd2d5ccde81) Importer(815301076,1909f56bfc062723c751e8b465ee728b)
Start importing Assets/Assets_DevilsWorkShop/Low_Poly_Pixel_2D_Blocks_DevilsWorkShop_v04/Prefabs/assets_angled_pixel_16x16/isometric_angled_pixel_0117.prefab using Guid(db0611b1b4287674f8a7efd2d5ccde81) Importer(815301076,1909f56bfc062723c751e8b465ee728b) (PreviewImporter) -> (artifact id: 'c836dbc2e39244be8de75e423548444d') in 0.0210683 seconds
Number of updated asset objects reloaded before import = 0Number of asset objects unloaded after import = 7

========================================================================
Received Import Request.
  Time since last request: 0.000025 seconds.
  path: Assets/Assets_DevilsWorkShop/Low_Poly_Pixel_2D_Blocks_DevilsWorkShop_v04/Prefabs/assets_angled_pixel_16x16/isometric_angled_pixel_0124.prefab
  artifactKey: Guid(a807bb52019e5c14fbe492625f2c1217) Importer(815301076,1909f56bfc062723c751e8b465ee728b)
Start importing Assets/Assets_DevilsWorkShop/Low_Poly_Pixel_2D_Blocks_DevilsWorkShop_v04/Prefabs/assets_angled_pixel_16x16/isometric_angled_pixel_0124.prefab using Guid(a807bb52019e5c14fbe492625f2c1217) Importer(815301076,1909f56bfc062723c751e8b465ee728b) (PreviewImporter) -> (artifact id: '1861d5bc45cf43739c809967aff5def2') in 0.0192494 seconds
Number of updated asset objects reloaded before import = 0Number of asset objects unloaded after import = 7

========================================================================
Received Import Request.
  Time since last request: 0.000022 seconds.
  path: Assets/Assets_DevilsWorkShop/Low_Poly_Pixel_2D_Blocks_DevilsWorkShop_v04/Prefabs/assets_angled_pixel_16x16/isometric_angled_pixel_0128.prefab
  artifactKey: Guid(1522edf23fc824c47aa45815e216495f) Importer(815301076,1909f56bfc062723c751e8b465ee728b)
Start importing Assets/Assets_DevilsWorkShop/Low_Poly_Pixel_2D_Blocks_DevilsWorkShop_v04/Prefabs/assets_angled_pixel_16x16/isometric_angled_pixel_0128.prefab using Guid(1522edf23fc824c47aa45815e216495f) Importer(815301076,1909f56bfc062723c751e8b465ee728b) (PreviewImporter) -> (artifact id: 'ba551eb49bc8b89133f484a249d83b7e') in 0.0179812 seconds
Number of updated asset objects reloaded before import = 0Number of asset objects unloaded after import = 7

========================================================================
Received Import Request.
  Time since last request: 0.000027 seconds.
  path: Assets/Assets_DevilsWorkShop/Low_Poly_Pixel_2D_Blocks_DevilsWorkShop_v04/Prefabs/assets_angled_pixel_16x16/isometric_angled_pixel_0114.prefab
  artifactKey: Guid(f1eb4d14a34c39c48a731201da264ff0) Importer(815301076,1909f56bfc062723c751e8b465ee728b)
Start importing Assets/Assets_DevilsWorkShop/Low_Poly_Pixel_2D_Blocks_DevilsWorkShop_v04/Prefabs/assets_angled_pixel_16x16/isometric_angled_pixel_0114.prefab using Guid(f1eb4d14a34c39c48a731201da264ff0) Importer(815301076,1909f56bfc062723c751e8b465ee728b) (PreviewImporter) -> (artifact id: '9009473f9b5246597cc733a769d39cc0') in 0.0195865 seconds
Number of updated asset objects reloaded before import = 0Number of asset objects unloaded after import = 7

========================================================================
Received Import Request.
  Time since last request: 0.000028 seconds.
  path: Assets/Assets_DevilsWorkShop/Low_Poly_Pixel_2D_Blocks_DevilsWorkShop_v04/Prefabs/assets_angled_pixel_16x16/isometric_angled_pixel_0123.prefab
  artifactKey: Guid(b981fc4c012bab445ac1abe5d6a020ba) Importer(815301076,1909f56bfc062723c751e8b465ee728b)
Start importing Assets/Assets_DevilsWorkShop/Low_Poly_Pixel_2D_Blocks_DevilsWorkShop_v04/Prefabs/assets_angled_pixel_16x16/isometric_angled_pixel_0123.prefab using Guid(b981fc4c012bab445ac1abe5d6a020ba) Importer(815301076,1909f56bfc062723c751e8b465ee728b) (PreviewImporter) -> (artifact id: 'ff2eb8c12a9c86d71a4090d312ba9a71') in 0.0193901 seconds
Number of updated asset objects reloaded before import = 0Number of asset objects unloaded after import = 7

========================================================================
Received Import Request.
  Time since last request: 0.000036 seconds.
  path: Assets/Assets_DevilsWorkShop/Low_Poly_Pixel_2D_Blocks_DevilsWorkShop_v04/Prefabs/assets_angled_pixel_16x16/isometric_angled_pixel_0126.prefab
  artifactKey: Guid(411d40486454fec4a9cbb5ece748a3e4) Importer(815301076,1909f56bfc062723c751e8b465ee728b)
Start importing Assets/Assets_DevilsWorkShop/Low_Poly_Pixel_2D_Blocks_DevilsWorkShop_v04/Prefabs/assets_angled_pixel_16x16/isometric_angled_pixel_0126.prefab using Guid(411d40486454fec4a9cbb5ece748a3e4) Importer(815301076,1909f56bfc062723c751e8b465ee728b) (PreviewImporter) -> (artifact id: 'e3e1ab27d928716ede09bf860ad0dc56') in 0.0216744 seconds
Number of updated asset objects reloaded before import = 0Number of asset objects unloaded after import = 7

========================================================================
Received Import Request.
  Time since last request: 0.000044 seconds.
  path: Assets/Assets_DevilsWorkShop/Low_Poly_Pixel_2D_Blocks_DevilsWorkShop_v04/Prefabs/assets_angled_pixel_16x16/isometric_angled_pixel_0131.prefab
  artifactKey: Guid(1bcd6fd72c14c3e42bc37e3e3d8984b5) Importer(815301076,1909f56bfc062723c751e8b465ee728b)
Start importing Assets/Assets_DevilsWorkShop/Low_Poly_Pixel_2D_Blocks_DevilsWorkShop_v04/Prefabs/assets_angled_pixel_16x16/isometric_angled_pixel_0131.prefab using Guid(1bcd6fd72c14c3e42bc37e3e3d8984b5) Importer(815301076,1909f56bfc062723c751e8b465ee728b) (PreviewImporter) -> (artifact id: '99e9e7d8c427a9d2165864863a0e676d') in 0.0206886 seconds
Number of updated asset objects reloaded before import = 0Number of asset objects unloaded after import = 7

========================================================================
Received Import Request.
  Time since last request: 0.000024 seconds.
  path: Assets/Assets_DevilsWorkShop/Low_Poly_Pixel_2D_Blocks_DevilsWorkShop_v04/Prefabs/assets_angled_pixel_16x16/isometric_angled_pixel_0122.prefab
  artifactKey: Guid(70624b139c82a1647b9fcd39a9bc5618) Importer(815301076,1909f56bfc062723c751e8b465ee728b)
Start importing Assets/Assets_DevilsWorkShop/Low_Poly_Pixel_2D_Blocks_DevilsWorkShop_v04/Prefabs/assets_angled_pixel_16x16/isometric_angled_pixel_0122.prefab using Guid(70624b139c82a1647b9fcd39a9bc5618) Importer(815301076,1909f56bfc062723c751e8b465ee728b) (PreviewImporter) -> (artifact id: '78a163e1e0c5c92457ab229e3b363d19') in 0.0213189 seconds
Number of updated asset objects reloaded before import = 0Number of asset objects unloaded after import = 7

========================================================================
Received Import Request.
  Time since last request: 0.000023 seconds.
  path: Assets/Assets_DevilsWorkShop/Low_Poly_Pixel_2D_Blocks_DevilsWorkShop_v04/Prefabs/assets_angled_pixel_16x16/isometric_angled_pixel_0113.prefab
  artifactKey: Guid(9778836041a0df34584792fe103057c7) Importer(815301076,1909f56bfc062723c751e8b465ee728b)
Start importing Assets/Assets_DevilsWorkShop/Low_Poly_Pixel_2D_Blocks_DevilsWorkShop_v04/Prefabs/assets_angled_pixel_16x16/isometric_angled_pixel_0113.prefab using Guid(9778836041a0df34584792fe103057c7) Importer(815301076,1909f56bfc062723c751e8b465ee728b) (PreviewImporter) -> (artifact id: '826a0f0e389b126aa25ff199fc54d2f9') in 0.0209266 seconds
Number of updated asset objects reloaded before import = 0Number of asset objects unloaded after import = 7

========================================================================
Received Import Request.
  Time since last request: 0.000031 seconds.
  path: Assets/Assets_DevilsWorkShop/Low_Poly_Pixel_2D_Blocks_DevilsWorkShop_v04/Prefabs/assets_angled_pixel_16x16/isometric_angled_pixel_0119.prefab
  artifactKey: Guid(685fa9e9b317c39468fdc568fa502a75) Importer(815301076,1909f56bfc062723c751e8b465ee728b)
Start importing Assets/Assets_DevilsWorkShop/Low_Poly_Pixel_2D_Blocks_DevilsWorkShop_v04/Prefabs/assets_angled_pixel_16x16/isometric_angled_pixel_0119.prefab using Guid(685fa9e9b317c39468fdc568fa502a75) Importer(815301076,1909f56bfc062723c751e8b465ee728b) (PreviewImporter) -> (artifact id: 'c3b293b971a3f1982e23cde1fe4cbcfe') in 0.0195736 seconds
Number of updated asset objects reloaded before import = 0Number of asset objects unloaded after import = 7

========================================================================
Received Import Request.
  Time since last request: 0.475023 seconds.
  path: Assets/Assets_DevilsWorkShop/Low_Poly_Pixel_2D_Blocks_DevilsWorkShop_v04/Prefabs/assets_angled_pixel_16x16/isometric_angled_pixel_0135.prefab
  artifactKey: Guid(9f8f9773d29e4e34d9748993a708c06c) Importer(815301076,1909f56bfc062723c751e8b465ee728b)
Start importing Assets/Assets_DevilsWorkShop/Low_Poly_Pixel_2D_Blocks_DevilsWorkShop_v04/Prefabs/assets_angled_pixel_16x16/isometric_angled_pixel_0135.prefab using Guid(9f8f9773d29e4e34d9748993a708c06c) Importer(815301076,1909f56bfc062723c751e8b465ee728b) (PreviewImporter) -> (artifact id: 'b3df33244e63b0c3151dc4d51aac641a') in 0.0186158 seconds
Number of updated asset objects reloaded before import = 0Number of asset objects unloaded after import = 7

========================================================================
Received Import Request.
  Time since last request: 0.000023 seconds.
  path: Assets/Assets_DevilsWorkShop/Low_Poly_Pixel_2D_Blocks_DevilsWorkShop_v04/Prefabs/assets_angled_pixel_16x16/isometric_angled_pixel_0140.prefab
  artifactKey: Guid(052e0c72cc93c174c86448cbdc90c58e) Importer(815301076,1909f56bfc062723c751e8b465ee728b)
Start importing Assets/Assets_DevilsWorkShop/Low_Poly_Pixel_2D_Blocks_DevilsWorkShop_v04/Prefabs/assets_angled_pixel_16x16/isometric_angled_pixel_0140.prefab using Guid(052e0c72cc93c174c86448cbdc90c58e) Importer(815301076,1909f56bfc062723c751e8b465ee728b) (PreviewImporter) -> (artifact id: 'a89d8e3a75dc69d5743298d32a571d73') in 0.0242173 seconds
Number of updated asset objects reloaded before import = 0Number of asset objects unloaded after import = 7

========================================================================
Received Import Request.
  Time since last request: 0.000232 seconds.
  path: Assets/Assets_DevilsWorkShop/Low_Poly_Pixel_2D_Blocks_DevilsWorkShop_v04/Prefabs/assets_angled_pixel_16x16/isometric_angled_pixel_0138.prefab
  artifactKey: Guid(729299b4f8aceb74a8f5a381fe81241f) Importer(815301076,1909f56bfc062723c751e8b465ee728b)
Start importing Assets/Assets_DevilsWorkShop/Low_Poly_Pixel_2D_Blocks_DevilsWorkShop_v04/Prefabs/assets_angled_pixel_16x16/isometric_angled_pixel_0138.prefab using Guid(729299b4f8aceb74a8f5a381fe81241f) Importer(815301076,1909f56bfc062723c751e8b465ee728b) (PreviewImporter) -> (artifact id: '0616aedbf11a0527189a5f97f0bf3c4c') in 0.0202567 seconds
Number of updated asset objects reloaded before import = 0Number of asset objects unloaded after import = 7

========================================================================
Received Import Request.
  Time since last request: 0.000034 seconds.
  path: Assets/Assets_DevilsWorkShop/Low_Poly_Pixel_2D_Blocks_DevilsWorkShop_v04/Prefabs/assets_angled_pixel_16x16/isometric_angled_pixel_0144.prefab
  artifactKey: Guid(109551b23d9d80747ab4d39c824b6bcf) Importer(815301076,1909f56bfc062723c751e8b465ee728b)
Start importing Assets/Assets_DevilsWorkShop/Low_Poly_Pixel_2D_Blocks_DevilsWorkShop_v04/Prefabs/assets_angled_pixel_16x16/isometric_angled_pixel_0144.prefab using Guid(109551b23d9d80747ab4d39c824b6bcf) Importer(815301076,1909f56bfc062723c751e8b465ee728b) (PreviewImporter) -> (artifact id: '96a3887827e7b5d2e5508cececb5e119') in 0.0243491 seconds
Number of updated asset objects reloaded before import = 0Number of asset objects unloaded after import = 7

========================================================================
Received Import Request.
  Time since last request: 0.000081 seconds.
  path: Assets/Assets_DevilsWorkShop/Low_Poly_Pixel_2D_Blocks_DevilsWorkShop_v04/Prefabs/assets_angled_pixel_16x16/isometric_angled_pixel_0143.prefab
  artifactKey: Guid(86c12152b6a007944ad92b75d0f200d5) Importer(815301076,1909f56bfc062723c751e8b465ee728b)
Start importing Assets/Assets_DevilsWorkShop/Low_Poly_Pixel_2D_Blocks_DevilsWorkShop_v04/Prefabs/assets_angled_pixel_16x16/isometric_angled_pixel_0143.prefab using Guid(86c12152b6a007944ad92b75d0f200d5) Importer(815301076,1909f56bfc062723c751e8b465ee728b) (PreviewImporter) -> (artifact id: '37f893c291dda6316450541b70be1ca5') in 0.0220494 seconds
Number of updated asset objects reloaded before import = 0Number of asset objects unloaded after import = 7

========================================================================
Received Import Request.
  Time since last request: 0.000026 seconds.
  path: Assets/Assets_DevilsWorkShop/Low_Poly_Pixel_2D_Blocks_DevilsWorkShop_v04/Prefabs/assets_angled_pixel_16x16/isometric_angled_pixel_0142.prefab
  artifactKey: Guid(9e37f8ad99f1b374d8a8b87dcd5a6326) Importer(815301076,1909f56bfc062723c751e8b465ee728b)
Start importing Assets/Assets_DevilsWorkShop/Low_Poly_Pixel_2D_Blocks_DevilsWorkShop_v04/Prefabs/assets_angled_pixel_16x16/isometric_angled_pixel_0142.prefab using Guid(9e37f8ad99f1b374d8a8b87dcd5a6326) Importer(815301076,1909f56bfc062723c751e8b465ee728b) (PreviewImporter) -> (artifact id: '07a726703ae3612c7d3c70a434dbc86b') in 0.0190561 seconds
Number of updated asset objects reloaded before import = 0Number of asset objects unloaded after import = 7

========================================================================
Received Import Request.
  Time since last request: 0.953847 seconds.
  path: Assets/Assets_DevilsWorkShop/Low_Poly_Pixel_2D_Blocks_DevilsWorkShop_v04/Prefabs/assets_angled_pixel_16x16/isometric_angled_pixel_0147.prefab
  artifactKey: Guid(52811c7658ce7864689a2395c0ee91a9) Importer(815301076,1909f56bfc062723c751e8b465ee728b)
Start importing Assets/Assets_DevilsWorkShop/Low_Poly_Pixel_2D_Blocks_DevilsWorkShop_v04/Prefabs/assets_angled_pixel_16x16/isometric_angled_pixel_0147.prefab using Guid(52811c7658ce7864689a2395c0ee91a9) Importer(815301076,1909f56bfc062723c751e8b465ee728b) (PreviewImporter) -> (artifact id: '96bf603041b883ef30e835a56212f7d8') in 0.0192759 seconds
Number of updated asset objects reloaded before import = 0Number of asset objects unloaded after import = 7

========================================================================
Received Import Request.
  Time since last request: 0.000027 seconds.
  path: Assets/Assets_DevilsWorkShop/Low_Poly_Pixel_2D_Blocks_DevilsWorkShop_v04/Prefabs/assets_angled_pixel_16x16/isometric_angled_pixel_0153.prefab
  artifactKey: Guid(0bc88d9b55e03144d9f4d28c7ccfdd67) Importer(815301076,1909f56bfc062723c751e8b465ee728b)
Start importing Assets/Assets_DevilsWorkShop/Low_Poly_Pixel_2D_Blocks_DevilsWorkShop_v04/Prefabs/assets_angled_pixel_16x16/isometric_angled_pixel_0153.prefab using Guid(0bc88d9b55e03144d9f4d28c7ccfdd67) Importer(815301076,1909f56bfc062723c751e8b465ee728b) (PreviewImporter) -> (artifact id: 'a7ebf7df8ea1042453963cbc9f1011b6') in 0.0202143 seconds
Number of updated asset objects reloaded before import = 0Number of asset objects unloaded after import = 7

========================================================================
Received Import Request.
  Time since last request: 0.000035 seconds.
  path: Assets/Assets_DevilsWorkShop/Low_Poly_Pixel_2D_Blocks_DevilsWorkShop_v04/Prefabs/assets_angled_pixel_16x16/isometric_angled_pixel_0157.prefab
  artifactKey: Guid(8ea971a406f3346479dccdb6b5430f47) Importer(815301076,1909f56bfc062723c751e8b465ee728b)
Start importing Assets/Assets_DevilsWorkShop/Low_Poly_Pixel_2D_Blocks_DevilsWorkShop_v04/Prefabs/assets_angled_pixel_16x16/isometric_angled_pixel_0157.prefab using Guid(8ea971a406f3346479dccdb6b5430f47) Importer(815301076,1909f56bfc062723c751e8b465ee728b) (PreviewImporter) -> (artifact id: '4913448df3d4c1ed42dc68d651d9bdc6') in 0.0216388 seconds
Number of updated asset objects reloaded before import = 0Number of asset objects unloaded after import = 7

========================================================================
Received Import Request.
  Time since last request: 0.000028 seconds.
  path: Assets/Assets_DevilsWorkShop/Low_Poly_Pixel_2D_Blocks_DevilsWorkShop_v04/Prefabs/assets_angled_pixel_16x16/isometric_angled_pixel_0156.prefab
  artifactKey: Guid(9602857dd54f4ed44b4a8404bc356c53) Importer(815301076,1909f56bfc062723c751e8b465ee728b)
Start importing Assets/Assets_DevilsWorkShop/Low_Poly_Pixel_2D_Blocks_DevilsWorkShop_v04/Prefabs/assets_angled_pixel_16x16/isometric_angled_pixel_0156.prefab using Guid(9602857dd54f4ed44b4a8404bc356c53) Importer(815301076,1909f56bfc062723c751e8b465ee728b) (PreviewImporter) -> (artifact id: '35fccb6665f8587de754a1ad7ec795b7') in 0.0204805 seconds
Number of updated asset objects reloaded before import = 0Number of asset objects unloaded after import = 7

========================================================================
Received Import Request.
  Time since last request: 0.000038 seconds.
  path: Assets/Assets_DevilsWorkShop/Low_Poly_Pixel_2D_Blocks_DevilsWorkShop_v04/Prefabs/assets_angled_pixel_16x16/isometric_angled_pixel_0149.prefab
  artifactKey: Guid(cf5126dfc15f3984ab9cff7ba64edd6f) Importer(815301076,1909f56bfc062723c751e8b465ee728b)
Start importing Assets/Assets_DevilsWorkShop/Low_Poly_Pixel_2D_Blocks_DevilsWorkShop_v04/Prefabs/assets_angled_pixel_16x16/isometric_angled_pixel_0149.prefab using Guid(cf5126dfc15f3984ab9cff7ba64edd6f) Importer(815301076,1909f56bfc062723c751e8b465ee728b) (PreviewImporter) -> (artifact id: 'b40c979d3405e6384af14e929c58dd66') in 0.0217658 seconds
Number of updated asset objects reloaded before import = 0Number of asset objects unloaded after import = 7

========================================================================
Received Import Request.
  Time since last request: 0.000030 seconds.
  path: Assets/Assets_DevilsWorkShop/Low_Poly_Pixel_2D_Blocks_DevilsWorkShop_v04/Prefabs/assets_angled_pixel_16x16/isometric_angled_pixel_0150.prefab
  artifactKey: Guid(8f35bb7e56dc43b45aa83d72d1416b1d) Importer(815301076,1909f56bfc062723c751e8b465ee728b)
Start importing Assets/Assets_DevilsWorkShop/Low_Poly_Pixel_2D_Blocks_DevilsWorkShop_v04/Prefabs/assets_angled_pixel_16x16/isometric_angled_pixel_0150.prefab using Guid(8f35bb7e56dc43b45aa83d72d1416b1d) Importer(815301076,1909f56bfc062723c751e8b465ee728b) (PreviewImporter) -> (artifact id: '961d509f64d8f859a3a95656695c99e1') in 0.0239426 seconds
Number of updated asset objects reloaded before import = 0Number of asset objects unloaded after import = 7

========================================================================
Received Import Request.
  Time since last request: 0.091700 seconds.
  path: Assets/Assets_DevilsWorkShop/Low_Poly_Pixel_2D_Blocks_DevilsWorkShop_v04/Prefabs/assets_angled_pixel_16x16/isometric_angled_pixel_0159.prefab
  artifactKey: Guid(4ebc0b68ec73ba649a115f14b7e6abf2) Importer(815301076,1909f56bfc062723c751e8b465ee728b)
Start importing Assets/Assets_DevilsWorkShop/Low_Poly_Pixel_2D_Blocks_DevilsWorkShop_v04/Prefabs/assets_angled_pixel_16x16/isometric_angled_pixel_0159.prefab using Guid(4ebc0b68ec73ba649a115f14b7e6abf2) Importer(815301076,1909f56bfc062723c751e8b465ee728b) (PreviewImporter) -> (artifact id: 'bc3095c8f9ff19265892089fe653166e') in 0.0218605 seconds
Number of updated asset objects reloaded before import = 0Number of asset objects unloaded after import = 7

========================================================================
Received Import Request.
  Time since last request: 0.000030 seconds.
  path: Assets/Assets_DevilsWorkShop/Low_Poly_Pixel_2D_Blocks_DevilsWorkShop_v04/Prefabs/assets_angled_pixel_16x16/isometric_angled_pixel_0167.prefab
  artifactKey: Guid(6b184ec042500d84db9d6ad486e4c3ba) Importer(815301076,1909f56bfc062723c751e8b465ee728b)
Start importing Assets/Assets_DevilsWorkShop/Low_Poly_Pixel_2D_Blocks_DevilsWorkShop_v04/Prefabs/assets_angled_pixel_16x16/isometric_angled_pixel_0167.prefab using Guid(6b184ec042500d84db9d6ad486e4c3ba) Importer(815301076,1909f56bfc062723c751e8b465ee728b) (PreviewImporter) -> (artifact id: '2ad888a490356b6e73d76e722bef8a34') in 0.020816 seconds
Number of updated asset objects reloaded before import = 0Number of asset objects unloaded after import = 7

========================================================================
Received Import Request.
  Time since last request: 0.000044 seconds.
  path: Assets/Assets_DevilsWorkShop/Low_Poly_Pixel_2D_Blocks_DevilsWorkShop_v04/Prefabs/assets_angled_pixel_16x16/isometric_angled_pixel_0161.prefab
  artifactKey: Guid(0e7c291e31721274696709d2e875a283) Importer(815301076,1909f56bfc062723c751e8b465ee728b)
Start importing Assets/Assets_DevilsWorkShop/Low_Poly_Pixel_2D_Blocks_DevilsWorkShop_v04/Prefabs/assets_angled_pixel_16x16/isometric_angled_pixel_0161.prefab using Guid(0e7c291e31721274696709d2e875a283) Importer(815301076,1909f56bfc062723c751e8b465ee728b) (PreviewImporter) -> (artifact id: 'f10d290d0e64dbc2c5f7eeec4aec2254') in 0.0221713 seconds
Number of updated asset objects reloaded before import = 0Number of asset objects unloaded after import = 7

========================================================================
Received Import Request.
  Time since last request: 0.000032 seconds.
  path: Assets/Assets_DevilsWorkShop/Low_Poly_Pixel_2D_Blocks_DevilsWorkShop_v04/Prefabs/assets_angled_pixel_16x16/isometric_angled_pixel_0165.prefab
  artifactKey: Guid(3f82caae30d568d46818673dc22e5091) Importer(815301076,1909f56bfc062723c751e8b465ee728b)
Start importing Assets/Assets_DevilsWorkShop/Low_Poly_Pixel_2D_Blocks_DevilsWorkShop_v04/Prefabs/assets_angled_pixel_16x16/isometric_angled_pixel_0165.prefab using Guid(3f82caae30d568d46818673dc22e5091) Importer(815301076,1909f56bfc062723c751e8b465ee728b) (PreviewImporter) -> (artifact id: '443f6b61c3c5844bd526fc3e0ed08ae5') in 0.0213367 seconds
Number of updated asset objects reloaded before import = 0Number of asset objects unloaded after import = 7

========================================================================
Received Import Request.
  Time since last request: 0.000023 seconds.
  path: Assets/Assets_DevilsWorkShop/Low_Poly_Pixel_2D_Blocks_DevilsWorkShop_v04/Prefabs/assets_angled_pixel_16x16/isometric_angled_pixel_0164.prefab
  artifactKey: Guid(4d0933fcdd118564f906f29d3f367fc1) Importer(815301076,1909f56bfc062723c751e8b465ee728b)
Start importing Assets/Assets_DevilsWorkShop/Low_Poly_Pixel_2D_Blocks_DevilsWorkShop_v04/Prefabs/assets_angled_pixel_16x16/isometric_angled_pixel_0164.prefab using Guid(4d0933fcdd118564f906f29d3f367fc1) Importer(815301076,1909f56bfc062723c751e8b465ee728b) (PreviewImporter) -> (artifact id: 'c8d188c48479a1cc5a01c1758d40ade8') in 0.0219848 seconds
Number of updated asset objects reloaded before import = 0Number of asset objects unloaded after import = 7

========================================================================
Received Import Request.
  Time since last request: 0.000024 seconds.
  path: Assets/Assets_DevilsWorkShop/Low_Poly_Pixel_2D_Blocks_DevilsWorkShop_v04/Prefabs/assets_angled_pixel_16x16/isometric_angled_pixel_0168.prefab
  artifactKey: Guid(ca3c007d2cd654c45b15284451dab056) Importer(815301076,1909f56bfc062723c751e8b465ee728b)
Start importing Assets/Assets_DevilsWorkShop/Low_Poly_Pixel_2D_Blocks_DevilsWorkShop_v04/Prefabs/assets_angled_pixel_16x16/isometric_angled_pixel_0168.prefab using Guid(ca3c007d2cd654c45b15284451dab056) Importer(815301076,1909f56bfc062723c751e8b465ee728b) (PreviewImporter) -> (artifact id: '9245238f608879e8dd3bb72eab334351') in 0.0166625 seconds
Number of updated asset objects reloaded before import = 0Number of asset objects unloaded after import = 7

========================================================================
Received Import Request.
  Time since last request: 0.707128 seconds.
  path: Assets/Assets_DevilsWorkShop/Low_Poly_Pixel_2D_Blocks_DevilsWorkShop_v04/Prefabs/assets_angled_pixel_16x16/isometric_angled_pixel_0171.prefab
  artifactKey: Guid(3efb51385ab03f24890974eca11b2a8f) Importer(815301076,1909f56bfc062723c751e8b465ee728b)
Start importing Assets/Assets_DevilsWorkShop/Low_Poly_Pixel_2D_Blocks_DevilsWorkShop_v04/Prefabs/assets_angled_pixel_16x16/isometric_angled_pixel_0171.prefab using Guid(3efb51385ab03f24890974eca11b2a8f) Importer(815301076,1909f56bfc062723c751e8b465ee728b) (PreviewImporter) -> (artifact id: '6b4f39037e30d8673851aaafe6f53b52') in 0.0224301 seconds
Number of updated asset objects reloaded before import = 0Number of asset objects unloaded after import = 7

========================================================================
Received Import Request.
  Time since last request: 0.000024 seconds.
  path: Assets/Assets_DevilsWorkShop/Low_Poly_Pixel_2D_Blocks_DevilsWorkShop_v04/Prefabs/assets_angled_pixel_16x16/isometric_angled_pixel_0176.prefab
  artifactKey: Guid(8f74ca4cebb6fa449a22aad66bdf17ce) Importer(815301076,1909f56bfc062723c751e8b465ee728b)
Start importing Assets/Assets_DevilsWorkShop/Low_Poly_Pixel_2D_Blocks_DevilsWorkShop_v04/Prefabs/assets_angled_pixel_16x16/isometric_angled_pixel_0176.prefab using Guid(8f74ca4cebb6fa449a22aad66bdf17ce) Importer(815301076,1909f56bfc062723c751e8b465ee728b) (PreviewImporter) -> (artifact id: '3ad9e4df891b6342a6bfe6e43ada118b') in 0.0235141 seconds
Number of updated asset objects reloaded before import = 0Number of asset objects unloaded after import = 7

========================================================================
Received Import Request.
  Time since last request: 0.000093 seconds.
  path: Assets/Assets_DevilsWorkShop/Low_Poly_Pixel_2D_Blocks_DevilsWorkShop_v04/Prefabs/assets_angled_pixel_16x16/isometric_angled_pixel_0172.prefab
  artifactKey: Guid(e405adef76c188348909cc2ce12fc7ff) Importer(815301076,1909f56bfc062723c751e8b465ee728b)
Start importing Assets/Assets_DevilsWorkShop/Low_Poly_Pixel_2D_Blocks_DevilsWorkShop_v04/Prefabs/assets_angled_pixel_16x16/isometric_angled_pixel_0172.prefab using Guid(e405adef76c188348909cc2ce12fc7ff) Importer(815301076,1909f56bfc062723c751e8b465ee728b) (PreviewImporter) -> (artifact id: '16c5b553f0c1fb3b6adebc784c771eb4') in 0.023316 seconds
Number of updated asset objects reloaded before import = 0Number of asset objects unloaded after import = 7

========================================================================
Received Import Request.
  Time since last request: 0.000024 seconds.
  path: Assets/Assets_DevilsWorkShop/Low_Poly_Pixel_2D_Blocks_DevilsWorkShop_v04/Prefabs/assets_angled_pixel_16x16/isometric_angled_pixel_0173.prefab
  artifactKey: Guid(c55a5211cc0d0c64ab58b03baf1b1415) Importer(815301076,1909f56bfc062723c751e8b465ee728b)
Start importing Assets/Assets_DevilsWorkShop/Low_Poly_Pixel_2D_Blocks_DevilsWorkShop_v04/Prefabs/assets_angled_pixel_16x16/isometric_angled_pixel_0173.prefab using Guid(c55a5211cc0d0c64ab58b03baf1b1415) Importer(815301076,1909f56bfc062723c751e8b465ee728b) (PreviewImporter) -> (artifact id: 'b4bcd7b68fdb40513b4ea6780440cce7') in 0.0217604 seconds
Number of updated asset objects reloaded before import = 0Number of asset objects unloaded after import = 7

========================================================================
Received Import Request.
  Time since last request: 0.000024 seconds.
  path: Assets/Assets_DevilsWorkShop/Low_Poly_Pixel_2D_Blocks_DevilsWorkShop_v04/Prefabs/assets_angled_pixel_16x16/isometric_angled_pixel_0179.prefab
  artifactKey: Guid(81bd435a8f359614489cfc6f31349135) Importer(815301076,1909f56bfc062723c751e8b465ee728b)
Start importing Assets/Assets_DevilsWorkShop/Low_Poly_Pixel_2D_Blocks_DevilsWorkShop_v04/Prefabs/assets_angled_pixel_16x16/isometric_angled_pixel_0179.prefab using Guid(81bd435a8f359614489cfc6f31349135) Importer(815301076,1909f56bfc062723c751e8b465ee728b) (PreviewImporter) -> (artifact id: 'f62fd5f9a5281d2ef5fb6d3fc6b4f867') in 0.0236277 seconds
Number of updated asset objects reloaded before import = 0Number of asset objects unloaded after import = 7

========================================================================
Received Import Request.
  Time since last request: 0.000023 seconds.
  path: Assets/Assets_DevilsWorkShop/Low_Poly_Pixel_2D_Blocks_DevilsWorkShop_v04/Prefabs/assets_angled_pixel_16x16/isometric_angled_pixel_0175.prefab
  artifactKey: Guid(6488ec10aabc19449886c18e798a9a84) Importer(815301076,1909f56bfc062723c751e8b465ee728b)
Start importing Assets/Assets_DevilsWorkShop/Low_Poly_Pixel_2D_Blocks_DevilsWorkShop_v04/Prefabs/assets_angled_pixel_16x16/isometric_angled_pixel_0175.prefab using Guid(6488ec10aabc19449886c18e798a9a84) Importer(815301076,1909f56bfc062723c751e8b465ee728b) (PreviewImporter) -> (artifact id: '9ac64663bb7954467707c2974d73c63a') in 0.0233132 seconds
Number of updated asset objects reloaded before import = 0Number of asset objects unloaded after import = 7

========================================================================
Received Import Request.
  Time since last request: 0.029034 seconds.
  path: Assets/Assets_DevilsWorkShop/Low_Poly_Pixel_2D_Blocks_DevilsWorkShop_v04/Prefabs/assets_angled_pixel_16x16/isometric_angled_pixel_0183.prefab
  artifactKey: Guid(28d57225fed1ca1438e074d63c53d547) Importer(815301076,1909f56bfc062723c751e8b465ee728b)
Start importing Assets/Assets_DevilsWorkShop/Low_Poly_Pixel_2D_Blocks_DevilsWorkShop_v04/Prefabs/assets_angled_pixel_16x16/isometric_angled_pixel_0183.prefab using Guid(28d57225fed1ca1438e074d63c53d547) Importer(815301076,1909f56bfc062723c751e8b465ee728b) (PreviewImporter) -> (artifact id: '70d306201ec4a3fd1f5b5262b585bd2f') in 0.0218763 seconds
Number of updated asset objects reloaded before import = 0Number of asset objects unloaded after import = 7

========================================================================
Received Import Request.
  Time since last request: 0.000026 seconds.
  path: Assets/Assets_DevilsWorkShop/Low_Poly_Pixel_2D_Blocks_DevilsWorkShop_v04/Prefabs/assets_angled_pixel_16x16/isometric_angled_pixel_0193.prefab
  artifactKey: Guid(1ccfdbf988f664e47bd4350265a89447) Importer(815301076,1909f56bfc062723c751e8b465ee728b)
Start importing Assets/Assets_DevilsWorkShop/Low_Poly_Pixel_2D_Blocks_DevilsWorkShop_v04/Prefabs/assets_angled_pixel_16x16/isometric_angled_pixel_0193.prefab using Guid(1ccfdbf988f664e47bd4350265a89447) Importer(815301076,1909f56bfc062723c751e8b465ee728b) (PreviewImporter) -> (artifact id: '510eae83114ed7005221312ab8c9d5c4') in 0.0217118 seconds
Number of updated asset objects reloaded before import = 0Number of asset objects unloaded after import = 7

========================================================================
Received Import Request.
  Time since last request: 0.000028 seconds.
  path: Assets/Assets_DevilsWorkShop/Low_Poly_Pixel_2D_Blocks_DevilsWorkShop_v04/Prefabs/assets_angled_pixel_16x16/isometric_angled_pixel_0190.prefab
  artifactKey: Guid(37aafb5a26071474c8b4c76e30e227a0) Importer(815301076,1909f56bfc062723c751e8b465ee728b)
Start importing Assets/Assets_DevilsWorkShop/Low_Poly_Pixel_2D_Blocks_DevilsWorkShop_v04/Prefabs/assets_angled_pixel_16x16/isometric_angled_pixel_0190.prefab using Guid(37aafb5a26071474c8b4c76e30e227a0) Importer(815301076,1909f56bfc062723c751e8b465ee728b) (PreviewImporter) -> (artifact id: '02f7efbdfa9a6cc9a61ba68b0c02a30e') in 0.0222372 seconds
Number of updated asset objects reloaded before import = 0Number of asset objects unloaded after import = 7

========================================================================
Received Import Request.
  Time since last request: 0.000168 seconds.
  path: Assets/Assets_DevilsWorkShop/Low_Poly_Pixel_2D_Blocks_DevilsWorkShop_v04/Prefabs/assets_angled_pixel_16x16/isometric_angled_pixel_0188.prefab
  artifactKey: Guid(5db91dfdff717654fac8618f80b00778) Importer(815301076,1909f56bfc062723c751e8b465ee728b)
Start importing Assets/Assets_DevilsWorkShop/Low_Poly_Pixel_2D_Blocks_DevilsWorkShop_v04/Prefabs/assets_angled_pixel_16x16/isometric_angled_pixel_0188.prefab using Guid(5db91dfdff717654fac8618f80b00778) Importer(815301076,1909f56bfc062723c751e8b465ee728b) (PreviewImporter) -> (artifact id: '59bd0011212db1397deff5e38581637b') in 0.0246944 seconds
Number of updated asset objects reloaded before import = 0Number of asset objects unloaded after import = 7

========================================================================
Received Import Request.
  Time since last request: 0.000026 seconds.
  path: Assets/Assets_DevilsWorkShop/Low_Poly_Pixel_2D_Blocks_DevilsWorkShop_v04/Prefabs/assets_angled_pixel_16x16/isometric_angled_pixel_0186.prefab
  artifactKey: Guid(f440852af3c36e149ac80ceee48717d7) Importer(815301076,1909f56bfc062723c751e8b465ee728b)
Start importing Assets/Assets_DevilsWorkShop/Low_Poly_Pixel_2D_Blocks_DevilsWorkShop_v04/Prefabs/assets_angled_pixel_16x16/isometric_angled_pixel_0186.prefab using Guid(f440852af3c36e149ac80ceee48717d7) Importer(815301076,1909f56bfc062723c751e8b465ee728b) (PreviewImporter) -> (artifact id: 'a2826839b6e047020e01aba14c37d97f') in 0.022771 seconds
Number of updated asset objects reloaded before import = 0Number of asset objects unloaded after import = 7

========================================================================
Received Import Request.
  Time since last request: 0.000053 seconds.
  path: Assets/Assets_DevilsWorkShop/Low_Poly_Pixel_2D_Blocks_DevilsWorkShop_v04/Prefabs/assets_angled_pixel_16x16/isometric_angled_pixel_0196.prefab
  artifactKey: Guid(28b67b6b652ebd646a702001cf97b94c) Importer(815301076,1909f56bfc062723c751e8b465ee728b)
Start importing Assets/Assets_DevilsWorkShop/Low_Poly_Pixel_2D_Blocks_DevilsWorkShop_v04/Prefabs/assets_angled_pixel_16x16/isometric_angled_pixel_0196.prefab using Guid(28b67b6b652ebd646a702001cf97b94c) Importer(815301076,1909f56bfc062723c751e8b465ee728b) (PreviewImporter) -> (artifact id: '28a73da8d7e4bbcdf65278b6b6d38e8e') in 0.0234933 seconds
Number of updated asset objects reloaded before import = 0Number of asset objects unloaded after import = 7

========================================================================
Received Import Request.
  Time since last request: 0.000024 seconds.
  path: Assets/Assets_DevilsWorkShop/Low_Poly_Pixel_2D_Blocks_DevilsWorkShop_v04/Prefabs/assets_angled_pixel_16x16/isometric_angled_pixel_0195.prefab
  artifactKey: Guid(6feb3db9c0c583346887f7234dd8f027) Importer(815301076,1909f56bfc062723c751e8b465ee728b)
Start importing Assets/Assets_DevilsWorkShop/Low_Poly_Pixel_2D_Blocks_DevilsWorkShop_v04/Prefabs/assets_angled_pixel_16x16/isometric_angled_pixel_0195.prefab using Guid(6feb3db9c0c583346887f7234dd8f027) Importer(815301076,1909f56bfc062723c751e8b465ee728b) (PreviewImporter) -> (artifact id: '5130f1a03ce1ce60723c7547b0de537b') in 0.0216827 seconds
Number of updated asset objects reloaded before import = 0Number of asset objects unloaded after import = 7

========================================================================
Received Import Request.
  Time since last request: 0.000049 seconds.
  path: Assets/Assets_DevilsWorkShop/Low_Poly_Pixel_2D_Blocks_DevilsWorkShop_v04/Prefabs/assets_angled_pixel_16x16/isometric_angled_pixel_0202.prefab
  artifactKey: Guid(8193bea6c4050be47880adb808ac0a8c) Importer(815301076,1909f56bfc062723c751e8b465ee728b)
Start importing Assets/Assets_DevilsWorkShop/Low_Poly_Pixel_2D_Blocks_DevilsWorkShop_v04/Prefabs/assets_angled_pixel_16x16/isometric_angled_pixel_0202.prefab using Guid(8193bea6c4050be47880adb808ac0a8c) Importer(815301076,1909f56bfc062723c751e8b465ee728b) (PreviewImporter) -> (artifact id: '3def1379877cb6a642cc9100e10dd867') in 0.0220909 seconds
Number of updated asset objects reloaded before import = 0Number of asset objects unloaded after import = 7

========================================================================
Received Import Request.
  Time since last request: 0.000025 seconds.
  path: Assets/Assets_DevilsWorkShop/Low_Poly_Pixel_2D_Blocks_DevilsWorkShop_v04/Prefabs/assets_angled_pixel_16x16/isometric_angled_pixel_0203.prefab
  artifactKey: Guid(914f4cce22028944cbd2030dbb5964e0) Importer(815301076,1909f56bfc062723c751e8b465ee728b)
Start importing Assets/Assets_DevilsWorkShop/Low_Poly_Pixel_2D_Blocks_DevilsWorkShop_v04/Prefabs/assets_angled_pixel_16x16/isometric_angled_pixel_0203.prefab using Guid(914f4cce22028944cbd2030dbb5964e0) Importer(815301076,1909f56bfc062723c751e8b465ee728b) (PreviewImporter) -> (artifact id: 'bbd6d9aeaf64bf08902dedba0aebbb7a') in 0.0219446 seconds
Number of updated asset objects reloaded before import = 0Number of asset objects unloaded after import = 7

========================================================================
Received Import Request.
  Time since last request: 0.000025 seconds.
  path: Assets/Assets_DevilsWorkShop/Low_Poly_Pixel_2D_Blocks_DevilsWorkShop_v04/Prefabs/assets_angled_pixel_16x16/isometric_angled_pixel_0199.prefab
  artifactKey: Guid(af98d71a0cf1fe74ab7264509efe4f67) Importer(815301076,1909f56bfc062723c751e8b465ee728b)
Start importing Assets/Assets_DevilsWorkShop/Low_Poly_Pixel_2D_Blocks_DevilsWorkShop_v04/Prefabs/assets_angled_pixel_16x16/isometric_angled_pixel_0199.prefab using Guid(af98d71a0cf1fe74ab7264509efe4f67) Importer(815301076,1909f56bfc062723c751e8b465ee728b) (PreviewImporter) -> (artifact id: 'b07055e5a855e7299ff220acf4664f71') in 0.0217766 seconds
Number of updated asset objects reloaded before import = 0Number of asset objects unloaded after import = 7

========================================================================
Received Import Request.
  Time since last request: 0.000022 seconds.
  path: Assets/Assets_DevilsWorkShop/Low_Poly_Pixel_2D_Blocks_DevilsWorkShop_v04/Prefabs/assets_angled_pixel_16x16/isometric_angled_pixel_0204.prefab
  artifactKey: Guid(d9ed72ffa9f652f4a8d8c281be66f337) Importer(815301076,1909f56bfc062723c751e8b465ee728b)
Start importing Assets/Assets_DevilsWorkShop/Low_Poly_Pixel_2D_Blocks_DevilsWorkShop_v04/Prefabs/assets_angled_pixel_16x16/isometric_angled_pixel_0204.prefab using Guid(d9ed72ffa9f652f4a8d8c281be66f337) Importer(815301076,1909f56bfc062723c751e8b465ee728b) (PreviewImporter) -> (artifact id: 'b3f87742840590e8d6731f3f9ea04768') in 0.0250899 seconds
Number of updated asset objects reloaded before import = 0Number of asset objects unloaded after import = 7

========================================================================
Received Import Request.
  Time since last request: 0.000202 seconds.
  path: Assets/Assets_DevilsWorkShop/Low_Poly_Pixel_2D_Blocks_DevilsWorkShop_v04/Prefabs/assets_angled_pixel_16x16/isometric_angled_pixel_0187.prefab
  artifactKey: Guid(04b1037a467889c4db550d3b57b88757) Importer(815301076,1909f56bfc062723c751e8b465ee728b)
Start importing Assets/Assets_DevilsWorkShop/Low_Poly_Pixel_2D_Blocks_DevilsWorkShop_v04/Prefabs/assets_angled_pixel_16x16/isometric_angled_pixel_0187.prefab using Guid(04b1037a467889c4db550d3b57b88757) Importer(815301076,1909f56bfc062723c751e8b465ee728b) (PreviewImporter) -> (artifact id: '17f3a59d60ffbb45c230c76488d9bed7') in 0.0235433 seconds
Number of updated asset objects reloaded before import = 0Number of asset objects unloaded after import = 7

========================================================================
Received Import Request.
  Time since last request: 0.505327 seconds.
  path: Assets/Assets_DevilsWorkShop/Low_Poly_Pixel_2D_Blocks_DevilsWorkShop_v04/Prefabs/assets_angled_pixel_16x16/isometric_angled_pixel_0207.prefab
  artifactKey: Guid(7b054d69cf13a854589354acd6109f70) Importer(815301076,1909f56bfc062723c751e8b465ee728b)
Start importing Assets/Assets_DevilsWorkShop/Low_Poly_Pixel_2D_Blocks_DevilsWorkShop_v04/Prefabs/assets_angled_pixel_16x16/isometric_angled_pixel_0207.prefab using Guid(7b054d69cf13a854589354acd6109f70) Importer(815301076,1909f56bfc062723c751e8b465ee728b) (PreviewImporter) -> (artifact id: '6e9a2595920e49925659b547d3183f7d') in 0.0241353 seconds
Number of updated asset objects reloaded before import = 0Number of asset objects unloaded after import = 7

========================================================================
Received Import Request.
  Time since last request: 0.000153 seconds.
  path: Assets/Assets_DevilsWorkShop/Low_Poly_Pixel_2D_Blocks_DevilsWorkShop_v04/Prefabs/assets_angled_pixel_16x16/isometric_angled_pixel_0213.prefab
  artifactKey: Guid(666e8a07a0c556d4fa17a916937db6e6) Importer(815301076,1909f56bfc062723c751e8b465ee728b)
Start importing Assets/Assets_DevilsWorkShop/Low_Poly_Pixel_2D_Blocks_DevilsWorkShop_v04/Prefabs/assets_angled_pixel_16x16/isometric_angled_pixel_0213.prefab using Guid(666e8a07a0c556d4fa17a916937db6e6) Importer(815301076,1909f56bfc062723c751e8b465ee728b) (PreviewImporter) -> (artifact id: '96a09b478c720148cb0631b6a7fd541f') in 0.0253096 seconds
Number of updated asset objects reloaded before import = 0Number of asset objects unloaded after import = 7

========================================================================
Received Import Request.
  Time since last request: 0.000022 seconds.
  path: Assets/Assets_DevilsWorkShop/Low_Poly_Pixel_2D_Blocks_DevilsWorkShop_v04/Prefabs/assets_angled_pixel_16x16/isometric_angled_pixel_0209.prefab
  artifactKey: Guid(02f3b72ed3b5508469ceda83c6dc8295) Importer(815301076,1909f56bfc062723c751e8b465ee728b)
Start importing Assets/Assets_DevilsWorkShop/Low_Poly_Pixel_2D_Blocks_DevilsWorkShop_v04/Prefabs/assets_angled_pixel_16x16/isometric_angled_pixel_0209.prefab using Guid(02f3b72ed3b5508469ceda83c6dc8295) Importer(815301076,1909f56bfc062723c751e8b465ee728b) (PreviewImporter) -> (artifact id: '6808fae63e01b4cfe90d5bbfb1c1220f') in 0.0249919 seconds
Number of updated asset objects reloaded before import = 0Number of asset objects unloaded after import = 7

========================================================================
Received Import Request.
  Time since last request: 0.000041 seconds.
  path: Assets/Assets_DevilsWorkShop/Low_Poly_Pixel_2D_Blocks_DevilsWorkShop_v04/Prefabs/assets_angled_pixel_16x16/isometric_angled_pixel_0228.prefab
  artifactKey: Guid(43a928b57e0a1f24e9d3f396bff31735) Importer(815301076,1909f56bfc062723c751e8b465ee728b)
Start importing Assets/Assets_DevilsWorkShop/Low_Poly_Pixel_2D_Blocks_DevilsWorkShop_v04/Prefabs/assets_angled_pixel_16x16/isometric_angled_pixel_0228.prefab using Guid(43a928b57e0a1f24e9d3f396bff31735) Importer(815301076,1909f56bfc062723c751e8b465ee728b) (PreviewImporter) -> (artifact id: '05f96b77b8726fc82c48260f7e2f116d') in 0.0241081 seconds
Number of updated asset objects reloaded before import = 0Number of asset objects unloaded after import = 7

========================================================================
Received Import Request.
  Time since last request: 0.000296 seconds.
  path: Assets/Assets_DevilsWorkShop/Low_Poly_Pixel_2D_Blocks_DevilsWorkShop_v04/Prefabs/assets_angled_pixel_16x16/isometric_angled_pixel_0219.prefab
  artifactKey: Guid(ccc4d0369ff56db43bf987675d870d71) Importer(815301076,1909f56bfc062723c751e8b465ee728b)
Start importing Assets/Assets_DevilsWorkShop/Low_Poly_Pixel_2D_Blocks_DevilsWorkShop_v04/Prefabs/assets_angled_pixel_16x16/isometric_angled_pixel_0219.prefab using Guid(ccc4d0369ff56db43bf987675d870d71) Importer(815301076,1909f56bfc062723c751e8b465ee728b) (PreviewImporter) -> (artifact id: '531cd3e0bbbc0ee198dedf9200153a55') in 0.0253441 seconds
Number of updated asset objects reloaded before import = 0Number of asset objects unloaded after import = 7

========================================================================
Received Import Request.
  Time since last request: 0.000164 seconds.
  path: Assets/Assets_DevilsWorkShop/Low_Poly_Pixel_2D_Blocks_DevilsWorkShop_v04/Prefabs/assets_angled_pixel_16x16/isometric_angled_pixel_0215.prefab
  artifactKey: Guid(bbb82cad4007cde4787a3a1f3edae806) Importer(815301076,1909f56bfc062723c751e8b465ee728b)
Start importing Assets/Assets_DevilsWorkShop/Low_Poly_Pixel_2D_Blocks_DevilsWorkShop_v04/Prefabs/assets_angled_pixel_16x16/isometric_angled_pixel_0215.prefab using Guid(bbb82cad4007cde4787a3a1f3edae806) Importer(815301076,1909f56bfc062723c751e8b465ee728b) (PreviewImporter) -> (artifact id: '5c262c0567c7e110768d7a79bd485332') in 0.0252901 seconds
Number of updated asset objects reloaded before import = 0Number of asset objects unloaded after import = 7

========================================================================
Received Import Request.
  Time since last request: 0.000029 seconds.
  path: Assets/Assets_DevilsWorkShop/Low_Poly_Pixel_2D_Blocks_DevilsWorkShop_v04/Prefabs/assets_angled_pixel_16x16/isometric_angled_pixel_0217.prefab
  artifactKey: Guid(5eb6d729a83115548a9a75e5886b469e) Importer(815301076,1909f56bfc062723c751e8b465ee728b)
Start importing Assets/Assets_DevilsWorkShop/Low_Poly_Pixel_2D_Blocks_DevilsWorkShop_v04/Prefabs/assets_angled_pixel_16x16/isometric_angled_pixel_0217.prefab using Guid(5eb6d729a83115548a9a75e5886b469e) Importer(815301076,1909f56bfc062723c751e8b465ee728b) (PreviewImporter) -> (artifact id: 'c2c26f03d193fc71e75037ab723d87ab') in 0.0238865 seconds
Number of updated asset objects reloaded before import = 0Number of asset objects unloaded after import = 7

========================================================================
Received Import Request.
  Time since last request: 0.000051 seconds.
  path: Assets/Assets_DevilsWorkShop/Low_Poly_Pixel_2D_Blocks_DevilsWorkShop_v04/Prefabs/assets_angled_pixel_16x16/isometric_angled_pixel_0225.prefab
  artifactKey: Guid(d385d6c079fad6c4fb03788a5dc628a6) Importer(815301076,1909f56bfc062723c751e8b465ee728b)
Start importing Assets/Assets_DevilsWorkShop/Low_Poly_Pixel_2D_Blocks_DevilsWorkShop_v04/Prefabs/assets_angled_pixel_16x16/isometric_angled_pixel_0225.prefab using Guid(d385d6c079fad6c4fb03788a5dc628a6) Importer(815301076,1909f56bfc062723c751e8b465ee728b) (PreviewImporter) -> (artifact id: 'fca5791a144d4beaa7370de7eae998d1') in 0.0244934 seconds
Number of updated asset objects reloaded before import = 0Number of asset objects unloaded after import = 7

========================================================================
Received Import Request.
  Time since last request: 0.000021 seconds.
  path: Assets/Assets_DevilsWorkShop/Low_Poly_Pixel_2D_Blocks_DevilsWorkShop_v04/Prefabs/assets_angled_pixel_16x16/isometric_angled_pixel_0227.prefab
  artifactKey: Guid(aca6d632f978e504b94968e93c6856e5) Importer(815301076,1909f56bfc062723c751e8b465ee728b)
Start importing Assets/Assets_DevilsWorkShop/Low_Poly_Pixel_2D_Blocks_DevilsWorkShop_v04/Prefabs/assets_angled_pixel_16x16/isometric_angled_pixel_0227.prefab using Guid(aca6d632f978e504b94968e93c6856e5) Importer(815301076,1909f56bfc062723c751e8b465ee728b) (PreviewImporter) -> (artifact id: 'd8a91ebedf9295c3359ce7a998dbea43') in 0.025326 seconds
Number of updated asset objects reloaded before import = 0Number of asset objects unloaded after import = 7

========================================================================
Received Import Request.
  Time since last request: 0.000022 seconds.
  path: Assets/Assets_DevilsWorkShop/Low_Poly_Pixel_2D_Blocks_DevilsWorkShop_v04/Prefabs/assets_angled_pixel_16x16/isometric_angled_pixel_0226.prefab
  artifactKey: Guid(7ba9deaf84b4c6047a06a228ab0264c4) Importer(815301076,1909f56bfc062723c751e8b465ee728b)
Start importing Assets/Assets_DevilsWorkShop/Low_Poly_Pixel_2D_Blocks_DevilsWorkShop_v04/Prefabs/assets_angled_pixel_16x16/isometric_angled_pixel_0226.prefab using Guid(7ba9deaf84b4c6047a06a228ab0264c4) Importer(815301076,1909f56bfc062723c751e8b465ee728b) (PreviewImporter) -> (artifact id: 'bd64bc850916957b382c2ed3f9ce44e0') in 0.0220202 seconds
Number of updated asset objects reloaded before import = 0Number of asset objects unloaded after import = 7

========================================================================
Received Import Request.
  Time since last request: 0.000023 seconds.
  path: Assets/Assets_DevilsWorkShop/Low_Poly_Pixel_2D_Blocks_DevilsWorkShop_v04/Prefabs/assets_angled_pixel_16x16/isometric_angled_pixel_0214.prefab
  artifactKey: Guid(524631ab6861c9841a71939a26387f71) Importer(815301076,1909f56bfc062723c751e8b465ee728b)
Start importing Assets/Assets_DevilsWorkShop/Low_Poly_Pixel_2D_Blocks_DevilsWorkShop_v04/Prefabs/assets_angled_pixel_16x16/isometric_angled_pixel_0214.prefab using Guid(524631ab6861c9841a71939a26387f71) Importer(815301076,1909f56bfc062723c751e8b465ee728b) (PreviewImporter) -> (artifact id: '7797ad4b0abef6aaac448e93e727c386') in 0.0230492 seconds
Number of updated asset objects reloaded before import = 0Number of asset objects unloaded after import = 7

========================================================================
Received Import Request.
  Time since last request: 0.000048 seconds.
  path: Assets/Assets_DevilsWorkShop/Low_Poly_Pixel_2D_Blocks_DevilsWorkShop_v04/Prefabs/assets_angled_pixel_16x16/isometric_angled_pixel_0211.prefab
  artifactKey: Guid(3b99f9dd28d089c4eaeac4f5d0f48757) Importer(815301076,1909f56bfc062723c751e8b465ee728b)
Start importing Assets/Assets_DevilsWorkShop/Low_Poly_Pixel_2D_Blocks_DevilsWorkShop_v04/Prefabs/assets_angled_pixel_16x16/isometric_angled_pixel_0211.prefab using Guid(3b99f9dd28d089c4eaeac4f5d0f48757) Importer(815301076,1909f56bfc062723c751e8b465ee728b) (PreviewImporter) -> (artifact id: '0dc45f634e530c7986e3b573e5b84d49') in 0.0231063 seconds
Number of updated asset objects reloaded before import = 0Number of asset objects unloaded after import = 7

========================================================================
Received Import Request.
  Time since last request: 0.000033 seconds.
  path: Assets/Assets_DevilsWorkShop/Low_Poly_Pixel_2D_Blocks_DevilsWorkShop_v04/Prefabs/assets_angled_pixel_16x16/isometric_angled_pixel_0220.prefab
  artifactKey: Guid(f2ace13e0a9654b49aff951b54eb6a25) Importer(815301076,1909f56bfc062723c751e8b465ee728b)
Start importing Assets/Assets_DevilsWorkShop/Low_Poly_Pixel_2D_Blocks_DevilsWorkShop_v04/Prefabs/assets_angled_pixel_16x16/isometric_angled_pixel_0220.prefab using Guid(f2ace13e0a9654b49aff951b54eb6a25) Importer(815301076,1909f56bfc062723c751e8b465ee728b) (PreviewImporter) -> (artifact id: '1f7f150392e90a229bb8a2c880084a8f') in 0.0236821 seconds
Number of updated asset objects reloaded before import = 0Number of asset objects unloaded after import = 7

========================================================================
Received Import Request.
  Time since last request: 177.306085 seconds.
  path: Assets/Tiles_palette.prefab
  artifactKey: Guid(743ebe8ec83f842478c4e1b2476285ff) Importer(815301076,1909f56bfc062723c751e8b465ee728b)
Start importing Assets/Tiles_palette.prefab using Guid(743ebe8ec83f842478c4e1b2476285ff) Importer(815301076,1909f56bfc062723c751e8b465ee728b) (PreviewImporter) -> (artifact id: 'eab1a7cb8c403624364845033e2af24a') in 0.0333977 seconds
Number of updated asset objects reloaded before import = 0Number of asset objects unloaded after import = 30

========================================================================
Received Import Request.
  Time since last request: 3.667665 seconds.
  path: Assets/Tiles_palette.prefab
  artifactKey: Guid(743ebe8ec83f842478c4e1b2476285ff) Importer(815301076,1909f56bfc062723c751e8b465ee728b)
Start importing Assets/Tiles_palette.prefab using Guid(743ebe8ec83f842478c4e1b2476285ff) Importer(815301076,1909f56bfc062723c751e8b465ee728b) (PreviewImporter) -> (artifact id: '017c5a713bf396ed0d29d1fb7f5f9c90') in 0.0251953 seconds
Number of updated asset objects reloaded before import = 0Number of asset objects unloaded after import = 30

========================================================================
Received Import Request.
  Time since last request: 4.901920 seconds.
  path: Assets/Tiles_palette.prefab
  artifactKey: Guid(743ebe8ec83f842478c4e1b2476285ff) Importer(815301076,1909f56bfc062723c751e8b465ee728b)
Start importing Assets/Tiles_palette.prefab using Guid(743ebe8ec83f842478c4e1b2476285ff) Importer(815301076,1909f56bfc062723c751e8b465ee728b) (PreviewImporter) -> (artifact id: '9183d4066fbec54bae613b5ff9d62f25') in 0.0246834 seconds
Number of updated asset objects reloaded before import = 0Number of asset objects unloaded after import = 30

========================================================================
Received Import Request.
  Time since last request: 2.878872 seconds.
  path: Assets/Tiles_palette.prefab
  artifactKey: Guid(743ebe8ec83f842478c4e1b2476285ff) Importer(815301076,1909f56bfc062723c751e8b465ee728b)
Start importing Assets/Tiles_palette.prefab using Guid(743ebe8ec83f842478c4e1b2476285ff) Importer(815301076,1909f56bfc062723c751e8b465ee728b) (PreviewImporter) -> (artifact id: 'c042105a9220c34e7b434212fae40ef2') in 0.0278194 seconds
Number of updated asset objects reloaded before import = 0Number of asset objects unloaded after import = 30

========================================================================
Received Import Request.
  Time since last request: 1.566222 seconds.
  path: Assets/Tiles_palette.prefab
  artifactKey: Guid(743ebe8ec83f842478c4e1b2476285ff) Importer(815301076,1909f56bfc062723c751e8b465ee728b)
Start importing Assets/Tiles_palette.prefab using Guid(743ebe8ec83f842478c4e1b2476285ff) Importer(815301076,1909f56bfc062723c751e8b465ee728b) (PreviewImporter) -> (artifact id: '6077e7ff10dbd7458d88d66df5cb347e') in 0.0245823 seconds
Number of updated asset objects reloaded before import = 0Number of asset objects unloaded after import = 30

========================================================================
Received Import Request.
  Time since last request: 2.432170 seconds.
  path: Assets/Tiles_palette.prefab
  artifactKey: Guid(743ebe8ec83f842478c4e1b2476285ff) Importer(815301076,1909f56bfc062723c751e8b465ee728b)
Start importing Assets/Tiles_palette.prefab using Guid(743ebe8ec83f842478c4e1b2476285ff) Importer(815301076,1909f56bfc062723c751e8b465ee728b) (PreviewImporter) -> (artifact id: 'e1ae5d8c28e2a4d8871947d03177bd8b') in 0.0233996 seconds
Number of updated asset objects reloaded before import = 0Number of asset objects unloaded after import = 30

========================================================================
Received Import Request.
  Time since last request: 94.066687 seconds.
  path: Assets/isometric_angled_pixel_0010.prefab
  artifactKey: Guid(9560d7c4ae21b654bac80d7a653e0251) Importer(815301076,1909f56bfc062723c751e8b465ee728b)
Start importing Assets/isometric_angled_pixel_0010.prefab using Guid(9560d7c4ae21b654bac80d7a653e0251) Importer(815301076,1909f56bfc062723c751e8b465ee728b) (PreviewImporter) -> (artifact id: '61f410e2538bea8839f00926b8e7a3d2') in 0.0033322 seconds
Number of updated asset objects reloaded before import = 0Number of asset objects unloaded after import = 5

========================================================================
Received Import Request.
  Time since last request: 0.000313 seconds.
  path: Assets/Tiles_palette.prefab
  artifactKey: Guid(743ebe8ec83f842478c4e1b2476285ff) Importer(815301076,1909f56bfc062723c751e8b465ee728b)
Start importing Assets/Tiles_palette.prefab using Guid(743ebe8ec83f842478c4e1b2476285ff) Importer(815301076,1909f56bfc062723c751e8b465ee728b) (PreviewImporter) -> (artifact id: 'f628728f550eb14b21b54db53e08b278') in 0.0236663 seconds
Number of updated asset objects reloaded before import = 0Number of asset objects unloaded after import = 26

========================================================================
Received Import Request.
  Time since last request: 229.172945 seconds.
  path: Assets/Assets_DevilsWorkShop/Low_Poly_Pixel_2D_Blocks_DevilsWorkShop_v04/Prefabs/assets_1024x1024/isometric_0001.prefab
  artifactKey: Guid(ea49a3e197bd3f54faf5fa53299cb6c1) Importer(815301076,1909f56bfc062723c751e8b465ee728b)
Start importing Assets/Assets_DevilsWorkShop/Low_Poly_Pixel_2D_Blocks_DevilsWorkShop_v04/Prefabs/assets_1024x1024/isometric_0001.prefab using Guid(ea49a3e197bd3f54faf5fa53299cb6c1) Importer(815301076,1909f56bfc062723c751e8b465ee728b) (PreviewImporter) -> (artifact id: 'fe69893f416cceb65e6ba7079b995fc8') in 0.0475051 seconds
Number of updated asset objects reloaded before import = 0Number of asset objects unloaded after import = 7

========================================================================
Received Import Request.
  Time since last request: 0.000069 seconds.
  path: Assets/Assets_DevilsWorkShop/Low_Poly_Pixel_2D_Blocks_DevilsWorkShop_v04/Prefabs/assets_1024x1024/isometric_0013.prefab
  artifactKey: Guid(38f4d7b64fb60a74fa923429b9b3c46f) Importer(815301076,1909f56bfc062723c751e8b465ee728b)
Start importing Assets/Assets_DevilsWorkShop/Low_Poly_Pixel_2D_Blocks_DevilsWorkShop_v04/Prefabs/assets_1024x1024/isometric_0013.prefab using Guid(38f4d7b64fb60a74fa923429b9b3c46f) Importer(815301076,1909f56bfc062723c751e8b465ee728b) (PreviewImporter) -> (artifact id: '5fa782bf1483255473b7ba66c719ad4b') in 0.0268435 seconds
Number of updated asset objects reloaded before import = 0Number of asset objects unloaded after import = 7

========================================================================
Received Import Request.
  Time since last request: 0.000026 seconds.
  path: Assets/Assets_DevilsWorkShop/Low_Poly_Pixel_2D_Blocks_DevilsWorkShop_v04/Prefabs/assets_1024x1024/isometric_0011.prefab
  artifactKey: Guid(7d2ade1ce6c7a504f9b7536605a23093) Importer(815301076,1909f56bfc062723c751e8b465ee728b)
Start importing Assets/Assets_DevilsWorkShop/Low_Poly_Pixel_2D_Blocks_DevilsWorkShop_v04/Prefabs/assets_1024x1024/isometric_0011.prefab using Guid(7d2ade1ce6c7a504f9b7536605a23093) Importer(815301076,1909f56bfc062723c751e8b465ee728b) (PreviewImporter) -> (artifact id: '9fbe9f9a7469c8bae9c2128240736770') in 0.0283084 seconds
Number of updated asset objects reloaded before import = 0Number of asset objects unloaded after import = 7

========================================================================
Received Import Request.
  Time since last request: 0.000030 seconds.
  path: Assets/Assets_DevilsWorkShop/Low_Poly_Pixel_2D_Blocks_DevilsWorkShop_v04/Prefabs/assets_1024x1024/isometric_0048.prefab
  artifactKey: Guid(8dd05dc74754aba44a5eebc1a7e03602) Importer(815301076,1909f56bfc062723c751e8b465ee728b)
Start importing Assets/Assets_DevilsWorkShop/Low_Poly_Pixel_2D_Blocks_DevilsWorkShop_v04/Prefabs/assets_1024x1024/isometric_0048.prefab using Guid(8dd05dc74754aba44a5eebc1a7e03602) Importer(815301076,1909f56bfc062723c751e8b465ee728b) (PreviewImporter) -> (artifact id: '9aacfc2cd8d7af1cf6ef46de9cc84d1e') in 0.0281518 seconds
Number of updated asset objects reloaded before import = 0Number of asset objects unloaded after import = 7

========================================================================
Received Import Request.
  Time since last request: 0.000034 seconds.
  path: Assets/Assets_DevilsWorkShop/Low_Poly_Pixel_2D_Blocks_DevilsWorkShop_v04/Prefabs/assets_1024x1024/isometric_0030.prefab
  artifactKey: Guid(827e1c138efc3dc4ba0a29af74206cb6) Importer(815301076,1909f56bfc062723c751e8b465ee728b)
Start importing Assets/Assets_DevilsWorkShop/Low_Poly_Pixel_2D_Blocks_DevilsWorkShop_v04/Prefabs/assets_1024x1024/isometric_0030.prefab using Guid(827e1c138efc3dc4ba0a29af74206cb6) Importer(815301076,1909f56bfc062723c751e8b465ee728b) (PreviewImporter) -> (artifact id: 'b976f010bd425e85e1646a05c6e0a4fe') in 0.0257728 seconds
Number of updated asset objects reloaded before import = 0Number of asset objects unloaded after import = 7

========================================================================
Received Import Request.
  Time since last request: 0.000028 seconds.
  path: Assets/Assets_DevilsWorkShop/Low_Poly_Pixel_2D_Blocks_DevilsWorkShop_v04/Prefabs/assets_1024x1024/isometric_0043.prefab
  artifactKey: Guid(9277e1e7d2d34e44797b0680e4f63e0c) Importer(815301076,1909f56bfc062723c751e8b465ee728b)
Start importing Assets/Assets_DevilsWorkShop/Low_Poly_Pixel_2D_Blocks_DevilsWorkShop_v04/Prefabs/assets_1024x1024/isometric_0043.prefab using Guid(9277e1e7d2d34e44797b0680e4f63e0c) Importer(815301076,1909f56bfc062723c751e8b465ee728b) (PreviewImporter) -> (artifact id: '569b482ace20e0415d6d4907a88f7d74') in 0.0221755 seconds
Number of updated asset objects reloaded before import = 0Number of asset objects unloaded after import = 7

========================================================================
Received Import Request.
  Time since last request: 0.000025 seconds.
  path: Assets/Assets_DevilsWorkShop/Low_Poly_Pixel_2D_Blocks_DevilsWorkShop_v04/Prefabs/assets_1024x1024/isometric_0035.prefab
  artifactKey: Guid(973c42bd9971c344ab7254d920093fce) Importer(815301076,1909f56bfc062723c751e8b465ee728b)
Start importing Assets/Assets_DevilsWorkShop/Low_Poly_Pixel_2D_Blocks_DevilsWorkShop_v04/Prefabs/assets_1024x1024/isometric_0035.prefab using Guid(973c42bd9971c344ab7254d920093fce) Importer(815301076,1909f56bfc062723c751e8b465ee728b) (PreviewImporter) -> (artifact id: 'e7aae8c1c9edeb4b6bb2e0e37eef38ea') in 0.0215687 seconds
Number of updated asset objects reloaded before import = 0Number of asset objects unloaded after import = 7

========================================================================
Received Import Request.
  Time since last request: 0.000030 seconds.
  path: Assets/Assets_DevilsWorkShop/Low_Poly_Pixel_2D_Blocks_DevilsWorkShop_v04/Prefabs/assets_1024x1024/isometric_0018.prefab
  artifactKey: Guid(25fbf8db67ca8204288e082becba894d) Importer(815301076,1909f56bfc062723c751e8b465ee728b)
Start importing Assets/Assets_DevilsWorkShop/Low_Poly_Pixel_2D_Blocks_DevilsWorkShop_v04/Prefabs/assets_1024x1024/isometric_0018.prefab using Guid(25fbf8db67ca8204288e082becba894d) Importer(815301076,1909f56bfc062723c751e8b465ee728b) (PreviewImporter) -> (artifact id: '8a8561b690d23f838cd5c962c81c8abf') in 0.0260821 seconds
Number of updated asset objects reloaded before import = 0Number of asset objects unloaded after import = 7

========================================================================
Received Import Request.
  Time since last request: 0.000038 seconds.
  path: Assets/Assets_DevilsWorkShop/Low_Poly_Pixel_2D_Blocks_DevilsWorkShop_v04/Prefabs/assets_1024x1024/isometric_0019.prefab
  artifactKey: Guid(3c659a2563c91604f923f894558a9a21) Importer(815301076,1909f56bfc062723c751e8b465ee728b)
Start importing Assets/Assets_DevilsWorkShop/Low_Poly_Pixel_2D_Blocks_DevilsWorkShop_v04/Prefabs/assets_1024x1024/isometric_0019.prefab using Guid(3c659a2563c91604f923f894558a9a21) Importer(815301076,1909f56bfc062723c751e8b465ee728b) (PreviewImporter) -> (artifact id: '469374318a1191fc08a343cada18ad3a') in 0.0243074 seconds
Number of updated asset objects reloaded before import = 0Number of asset objects unloaded after import = 7

========================================================================
Received Import Request.
  Time since last request: 0.000025 seconds.
  path: Assets/Assets_DevilsWorkShop/Low_Poly_Pixel_2D_Blocks_DevilsWorkShop_v04/Prefabs/assets_1024x1024/isometric_0017.prefab
  artifactKey: Guid(b22875e226a5b1048873d8cc2993a5de) Importer(815301076,1909f56bfc062723c751e8b465ee728b)
Start importing Assets/Assets_DevilsWorkShop/Low_Poly_Pixel_2D_Blocks_DevilsWorkShop_v04/Prefabs/assets_1024x1024/isometric_0017.prefab using Guid(b22875e226a5b1048873d8cc2993a5de) Importer(815301076,1909f56bfc062723c751e8b465ee728b) (PreviewImporter) -> (artifact id: '8b3396dfb7c597b12e71511bdd66cce3') in 0.0216663 seconds
Number of updated asset objects reloaded before import = 0Number of asset objects unloaded after import = 7

========================================================================
Received Import Request.
  Time since last request: 0.000027 seconds.
  path: Assets/Assets_DevilsWorkShop/Low_Poly_Pixel_2D_Blocks_DevilsWorkShop_v04/Prefabs/assets_1024x1024/isometric_0008.prefab
  artifactKey: Guid(f212d084658b1d64b9d2f4fc3264f9d8) Importer(815301076,1909f56bfc062723c751e8b465ee728b)
Start importing Assets/Assets_DevilsWorkShop/Low_Poly_Pixel_2D_Blocks_DevilsWorkShop_v04/Prefabs/assets_1024x1024/isometric_0008.prefab using Guid(f212d084658b1d64b9d2f4fc3264f9d8) Importer(815301076,1909f56bfc062723c751e8b465ee728b) (PreviewImporter) -> (artifact id: '67946266794b845b8bd3d6bffb094845') in 0.0201411 seconds
Number of updated asset objects reloaded before import = 0Number of asset objects unloaded after import = 7

========================================================================
Received Import Request.
  Time since last request: 0.000026 seconds.
  path: Assets/Assets_DevilsWorkShop/Low_Poly_Pixel_2D_Blocks_DevilsWorkShop_v04/Prefabs/assets_1024x1024/isometric_0014.prefab
  artifactKey: Guid(dab64d92d0839154db1eade84cf11cf0) Importer(815301076,1909f56bfc062723c751e8b465ee728b)
Start importing Assets/Assets_DevilsWorkShop/Low_Poly_Pixel_2D_Blocks_DevilsWorkShop_v04/Prefabs/assets_1024x1024/isometric_0014.prefab using Guid(dab64d92d0839154db1eade84cf11cf0) Importer(815301076,1909f56bfc062723c751e8b465ee728b) (PreviewImporter) -> (artifact id: '6f588db22d3aebaa064c271d80d04a2c') in 0.0233353 seconds
Number of updated asset objects reloaded before import = 0Number of asset objects unloaded after import = 7

========================================================================
Received Import Request.
  Time since last request: 0.000034 seconds.
  path: Assets/Assets_DevilsWorkShop/Low_Poly_Pixel_2D_Blocks_DevilsWorkShop_v04/Prefabs/assets_1024x1024/isometric_0007.prefab
  artifactKey: Guid(0f5f390aec0ade942a709000da87d9c1) Importer(815301076,1909f56bfc062723c751e8b465ee728b)
Start importing Assets/Assets_DevilsWorkShop/Low_Poly_Pixel_2D_Blocks_DevilsWorkShop_v04/Prefabs/assets_1024x1024/isometric_0007.prefab using Guid(0f5f390aec0ade942a709000da87d9c1) Importer(815301076,1909f56bfc062723c751e8b465ee728b) (PreviewImporter) -> (artifact id: '151ac928be5d71df64a6ec4e2c7a7e19') in 0.0244821 seconds
Number of updated asset objects reloaded before import = 0Number of asset objects unloaded after import = 7

========================================================================
Received Import Request.
  Time since last request: 0.000024 seconds.
  path: Assets/Assets_DevilsWorkShop/Low_Poly_Pixel_2D_Blocks_DevilsWorkShop_v04/Prefabs/assets_1024x1024/isometric_0002.prefab
  artifactKey: Guid(bf88522084199e947907aef586ad279f) Importer(815301076,1909f56bfc062723c751e8b465ee728b)
Start importing Assets/Assets_DevilsWorkShop/Low_Poly_Pixel_2D_Blocks_DevilsWorkShop_v04/Prefabs/assets_1024x1024/isometric_0002.prefab using Guid(bf88522084199e947907aef586ad279f) Importer(815301076,1909f56bfc062723c751e8b465ee728b) (PreviewImporter) -> (artifact id: '28e27219ecfc1fc482946557ae483248') in 0.0235918 seconds
Number of updated asset objects reloaded before import = 0Number of asset objects unloaded after import = 7

========================================================================
Received Import Request.
  Time since last request: 0.000030 seconds.
  path: Assets/Assets_DevilsWorkShop/Low_Poly_Pixel_2D_Blocks_DevilsWorkShop_v04/Prefabs/assets_1024x1024/isometric_0029.prefab
  artifactKey: Guid(da01964b063114345a897e40281c830e) Importer(815301076,1909f56bfc062723c751e8b465ee728b)
Start importing Assets/Assets_DevilsWorkShop/Low_Poly_Pixel_2D_Blocks_DevilsWorkShop_v04/Prefabs/assets_1024x1024/isometric_0029.prefab using Guid(da01964b063114345a897e40281c830e) Importer(815301076,1909f56bfc062723c751e8b465ee728b) (PreviewImporter) -> (artifact id: 'f613d0d9b6612f998ada14d863d66960') in 0.0245381 seconds
Number of updated asset objects reloaded before import = 0Number of asset objects unloaded after import = 7

========================================================================
Received Import Request.
  Time since last request: 0.000026 seconds.
  path: Assets/Assets_DevilsWorkShop/Low_Poly_Pixel_2D_Blocks_DevilsWorkShop_v04/Prefabs/assets_1024x1024/isometric_0004.prefab
  artifactKey: Guid(03c8d949d98c9d2448e5d78b927621ec) Importer(815301076,1909f56bfc062723c751e8b465ee728b)
Start importing Assets/Assets_DevilsWorkShop/Low_Poly_Pixel_2D_Blocks_DevilsWorkShop_v04/Prefabs/assets_1024x1024/isometric_0004.prefab using Guid(03c8d949d98c9d2448e5d78b927621ec) Importer(815301076,1909f56bfc062723c751e8b465ee728b) (PreviewImporter) -> (artifact id: 'd9035e592c97c8384d8190a5f4c43de6') in 0.025828 seconds
Number of updated asset objects reloaded before import = 0Number of asset objects unloaded after import = 7

========================================================================
Received Import Request.
  Time since last request: 0.000027 seconds.
  path: Assets/Assets_DevilsWorkShop/Low_Poly_Pixel_2D_Blocks_DevilsWorkShop_v04/Prefabs/assets_1024x1024/isometric_0033.prefab
  artifactKey: Guid(d3febfa8254a72e48b52c45f3da0c850) Importer(815301076,1909f56bfc062723c751e8b465ee728b)
Start importing Assets/Assets_DevilsWorkShop/Low_Poly_Pixel_2D_Blocks_DevilsWorkShop_v04/Prefabs/assets_1024x1024/isometric_0033.prefab using Guid(d3febfa8254a72e48b52c45f3da0c850) Importer(815301076,1909f56bfc062723c751e8b465ee728b) (PreviewImporter) -> (artifact id: '269002b2667003c2f5af6059eb5e365e') in 0.0241439 seconds
Number of updated asset objects reloaded before import = 0Number of asset objects unloaded after import = 7

========================================================================
Received Import Request.
  Time since last request: 0.000029 seconds.
  path: Assets/Assets_DevilsWorkShop/Low_Poly_Pixel_2D_Blocks_DevilsWorkShop_v04/Prefabs/assets_1024x1024/isometric_0012.prefab
  artifactKey: Guid(2d45da90f2b290a4b9706e55f4c7039e) Importer(815301076,1909f56bfc062723c751e8b465ee728b)
Start importing Assets/Assets_DevilsWorkShop/Low_Poly_Pixel_2D_Blocks_DevilsWorkShop_v04/Prefabs/assets_1024x1024/isometric_0012.prefab using Guid(2d45da90f2b290a4b9706e55f4c7039e) Importer(815301076,1909f56bfc062723c751e8b465ee728b) (PreviewImporter) -> (artifact id: 'f53c62a42847a56a4e3983c8e6f8e795') in 0.0241738 seconds
Number of updated asset objects reloaded before import = 0Number of asset objects unloaded after import = 7

========================================================================
Received Import Request.
  Time since last request: 0.000041 seconds.
  path: Assets/Assets_DevilsWorkShop/Low_Poly_Pixel_2D_Blocks_DevilsWorkShop_v04/Prefabs/assets_1024x1024/isometric_0023.prefab
  artifactKey: Guid(afa731b37500dd14ca79c2c594afea3e) Importer(815301076,1909f56bfc062723c751e8b465ee728b)
Start importing Assets/Assets_DevilsWorkShop/Low_Poly_Pixel_2D_Blocks_DevilsWorkShop_v04/Prefabs/assets_1024x1024/isometric_0023.prefab using Guid(afa731b37500dd14ca79c2c594afea3e) Importer(815301076,1909f56bfc062723c751e8b465ee728b) (PreviewImporter) -> (artifact id: '56a59fe786b11868df983eacfd6b5f81') in 0.0195215 seconds
Number of updated asset objects reloaded before import = 0Number of asset objects unloaded after import = 7

========================================================================
Received Import Request.
  Time since last request: 0.000031 seconds.
  path: Assets/Assets_DevilsWorkShop/Low_Poly_Pixel_2D_Blocks_DevilsWorkShop_v04/Prefabs/assets_1024x1024/isometric_0009.prefab
  artifactKey: Guid(b9d5da9f1bc8c6a428751ac41765f137) Importer(815301076,1909f56bfc062723c751e8b465ee728b)
Start importing Assets/Assets_DevilsWorkShop/Low_Poly_Pixel_2D_Blocks_DevilsWorkShop_v04/Prefabs/assets_1024x1024/isometric_0009.prefab using Guid(b9d5da9f1bc8c6a428751ac41765f137) Importer(815301076,1909f56bfc062723c751e8b465ee728b) (PreviewImporter) -> (artifact id: 'bf144bd7c12b8c183b6e3e933225440f') in 0.0221222 seconds
Number of updated asset objects reloaded before import = 0Number of asset objects unloaded after import = 7

========================================================================
Received Import Request.
  Time since last request: 0.000029 seconds.
  path: Assets/Assets_DevilsWorkShop/Low_Poly_Pixel_2D_Blocks_DevilsWorkShop_v04/Prefabs/assets_1024x1024/isometric_0016.prefab
  artifactKey: Guid(19ebed2e16cd4f84ca4dbc2d6d020047) Importer(815301076,1909f56bfc062723c751e8b465ee728b)
Start importing Assets/Assets_DevilsWorkShop/Low_Poly_Pixel_2D_Blocks_DevilsWorkShop_v04/Prefabs/assets_1024x1024/isometric_0016.prefab using Guid(19ebed2e16cd4f84ca4dbc2d6d020047) Importer(815301076,1909f56bfc062723c751e8b465ee728b) (PreviewImporter) -> (artifact id: '8500ccb19cd77862d34e576486dc23e4') in 0.0219244 seconds
Number of updated asset objects reloaded before import = 0Number of asset objects unloaded after import = 7

========================================================================
Received Import Request.
  Time since last request: 0.000046 seconds.
  path: Assets/Assets_DevilsWorkShop/Low_Poly_Pixel_2D_Blocks_DevilsWorkShop_v04/Prefabs/assets_1024x1024/isometric_0010.prefab
  artifactKey: Guid(17a0c7ea5d598fb46825e369be33763a) Importer(815301076,1909f56bfc062723c751e8b465ee728b)
Start importing Assets/Assets_DevilsWorkShop/Low_Poly_Pixel_2D_Blocks_DevilsWorkShop_v04/Prefabs/assets_1024x1024/isometric_0010.prefab using Guid(17a0c7ea5d598fb46825e369be33763a) Importer(815301076,1909f56bfc062723c751e8b465ee728b) (PreviewImporter) -> (artifact id: '3c247c99929c1e71066c850526804bec') in 0.0261733 seconds
Number of updated asset objects reloaded before import = 0Number of asset objects unloaded after import = 7

========================================================================
Received Import Request.
  Time since last request: 0.000031 seconds.
  path: Assets/Assets_DevilsWorkShop/Low_Poly_Pixel_2D_Blocks_DevilsWorkShop_v04/Prefabs/assets_1024x1024/isometric_0005.prefab
  artifactKey: Guid(837b899dbc7a45f4bbfac8da3fec0a2d) Importer(815301076,1909f56bfc062723c751e8b465ee728b)
Start importing Assets/Assets_DevilsWorkShop/Low_Poly_Pixel_2D_Blocks_DevilsWorkShop_v04/Prefabs/assets_1024x1024/isometric_0005.prefab using Guid(837b899dbc7a45f4bbfac8da3fec0a2d) Importer(815301076,1909f56bfc062723c751e8b465ee728b) (PreviewImporter) -> (artifact id: '20e62475d4f3d3e24a2f08b0d8843c39') in 0.02954 seconds
Number of updated asset objects reloaded before import = 0Number of asset objects unloaded after import = 7

========================================================================
Received Import Request.
  Time since last request: 0.000029 seconds.
  path: Assets/Assets_DevilsWorkShop/Low_Poly_Pixel_2D_Blocks_DevilsWorkShop_v04/Prefabs/assets_1024x1024/isometric_0028.prefab
  artifactKey: Guid(03b8320646b09b34995e773bd283424e) Importer(815301076,1909f56bfc062723c751e8b465ee728b)
Start importing Assets/Assets_DevilsWorkShop/Low_Poly_Pixel_2D_Blocks_DevilsWorkShop_v04/Prefabs/assets_1024x1024/isometric_0028.prefab using Guid(03b8320646b09b34995e773bd283424e) Importer(815301076,1909f56bfc062723c751e8b465ee728b) (PreviewImporter) -> (artifact id: '243094612b02451c94b996f7f33abf83') in 0.0230856 seconds
Number of updated asset objects reloaded before import = 0Number of asset objects unloaded after import = 7

========================================================================
Received Import Request.
  Time since last request: 0.000030 seconds.
  path: Assets/Assets_DevilsWorkShop/Low_Poly_Pixel_2D_Blocks_DevilsWorkShop_v04/Prefabs/assets_1024x1024/isometric_0041.prefab
  artifactKey: Guid(1f41f948df854d0438ee8dac6b4c69b9) Importer(815301076,1909f56bfc062723c751e8b465ee728b)
Start importing Assets/Assets_DevilsWorkShop/Low_Poly_Pixel_2D_Blocks_DevilsWorkShop_v04/Prefabs/assets_1024x1024/isometric_0041.prefab using Guid(1f41f948df854d0438ee8dac6b4c69b9) Importer(815301076,1909f56bfc062723c751e8b465ee728b) (PreviewImporter) -> (artifact id: '7a0cd11bee109e2c32b09dcfa3a4a606') in 0.0251961 seconds
Number of updated asset objects reloaded before import = 0Number of asset objects unloaded after import = 7

Editor requested this worker to shutdown with reason: Scaling down because of idle timeout
AssetImportWorker is now disconnected from the server
Process exiting
Exiting without the bug reporter. Application will terminate with return code 0